Using pre-set license
Built from '2022.3/staging' branch; Version is '2022.3.14f1 (eff2de9070d8) revision 15725278'; Using compiler version '192829333'; Build Type 'Release'
OS: 'Windows 11  (10.0.22631) 64bit CoreSingleLanguage' Language: 'en' Physical Memory: 7893 MB
BatchMode: 1, IsHumanControllingUs: 0, StartBugReporterOnCrash: 0, Is64bit: 1, IsPro: 1

COMMAND LINE ARGUMENTS:
C:\Program Files\Unity\Hub\Editor\2022.3.14f1\Editor\Unity.exe
-adb2
-batchMode
-noUpm
-name
AssetImportWorker14
-projectPath
E:/Unity/CarRacingGame3d
-logFile
Logs/AssetImportWorker14.log
-srvPort
61216
Successfully changed project path to: E:/Unity/CarRacingGame3d
E:/Unity/CarRacingGame3d
[UnityMemory] Configuration Parameters - Can be set up in boot.config
    "memorysetup-bucket-allocator-granularity=16"
    "memorysetup-bucket-allocator-bucket-count=8"
    "memorysetup-bucket-allocator-block-size=33554432"
    "memorysetup-bucket-allocator-block-count=8"
    "memorysetup-main-allocator-block-size=16777216"
    "memorysetup-thread-allocator-block-size=16777216"
    "memorysetup-gfx-main-allocator-block-size=16777216"
    "memorysetup-gfx-thread-allocator-block-size=16777216"
    "memorysetup-cache-allocator-block-size=4194304"
    "memorysetup-typetree-allocator-block-size=2097152"
    "memorysetup-profiler-bucket-allocator-granularity=16"
    "memorysetup-profiler-bucket-allocator-bucket-count=8"
    "memorysetup-profiler-bucket-allocator-block-size=33554432"
    "memorysetup-profiler-bucket-allocator-block-count=8"
    "memorysetup-profiler-allocator-block-size=16777216"
    "memorysetup-profiler-editor-allocator-block-size=1048576"
    "memorysetup-temp-allocator-size-main=16777216"
    "memorysetup-job-temp-allocator-block-size=2097152"
    "memorysetup-job-temp-allocator-block-size-background=1048576"
    "memorysetup-job-temp-allocator-reduction-small-platforms=262144"
    "memorysetup-allocator-temp-initial-block-size-main=262144"
    "memorysetup-allocator-temp-initial-block-size-worker=262144"
    "memorysetup-temp-allocator-size-background-worker=32768"
    "memorysetup-temp-allocator-size-job-worker=262144"
    "memorysetup-temp-allocator-size-preload-manager=33554432"
    "memorysetup-temp-allocator-size-nav-mesh-worker=65536"
    "memorysetup-temp-allocator-size-audio-worker=65536"
    "memorysetup-temp-allocator-size-cloud-worker=32768"
    "memorysetup-temp-allocator-size-gi-baking-worker=262144"
    "memorysetup-temp-allocator-size-gfx=262144"
Player connection [12704] Host "[IP] 26.11.86.131 [Port] 0 [Flags] 2 [Guid] 1176220260 [EditorId] 1176220260 [Version] 1048832 [Id] WindowsEditor(7,MSI) [Debug] 1 [PackageName] WindowsEditor [ProjectName] Editor" joined multi-casting on [225.0.0.222:54997]...

Player connection [12704] Host "[IP] 26.11.86.131 [Port] 0 [Flags] 2 [Guid] 1176220260 [EditorId] 1176220260 [Version] 1048832 [Id] WindowsEditor(7,MSI) [Debug] 1 [PackageName] WindowsEditor [ProjectName] Editor" joined alternative multi-casting on [225.0.0.222:34997]...

[Physics::Module] Initialized MultithreadedJobDispatcher with 11 workers.
Refreshing native plugins compatible for Editor in 33.89 ms, found 3 plugins.
Preloading 0 native plugins for Editor in 0.00 ms.
Initialize engine version: 2022.3.14f1 (eff2de9070d8)
[Subsystems] Discovering subsystems at path C:/Program Files/Unity/Hub/Editor/2022.3.14f1/Editor/Data/Resources/UnitySubsystems
[Subsystems] Discovering subsystems at path E:/Unity/CarRacingGame3d/Assets
GfxDevice: creating device client; threaded=0; jobified=0
Direct3D:
    Version:  Direct3D 11.0 [level 11.1]
    Renderer: NVIDIA GeForce GTX 1650 with Max-Q Design (ID=0x1f9d)
    Vendor:   NVIDIA
    VRAM:     3953 MB
    Driver:   31.0.15.4621
Initialize mono
Mono path[0] = 'C:/Program Files/Unity/Hub/Editor/2022.3.14f1/Editor/Data/Managed'
Mono path[1] = 'C:/Program Files/Unity/Hub/Editor/2022.3.14f1/Editor/Data/MonoBleedingEdge/lib/mono/unityjit-win32'
Mono config path = 'C:/Program Files/Unity/Hub/Editor/2022.3.14f1/Editor/Data/MonoBleedingEdge/etc'
Using monoOptions --debugger-agent=transport=dt_socket,embedding=1,server=y,suspend=n,address=127.0.0.1:56184
Begin MonoManager ReloadAssembly
Registering precompiled unity dll's ...
Register platform support module: C:/Program Files/Unity/Hub/Editor/2022.3.14f1/Editor/Data/PlaybackEngines/WindowsStandaloneSupport/UnityEditor.WindowsStandalone.Extensions.dll
Registered in 0.007021 seconds.
- Loaded All Assemblies, in  0.336 seconds
Native extension for WindowsStandalone target not found
Mono: successfully reloaded assembly
- Finished resetting the current domain, in  0.218 seconds
Domain Reload Profiling: 554ms
	BeginReloadAssembly (140ms)
		ExecutionOrderSort (0ms)
		DisableScriptedObjects (0ms)
		BackupInstance (0ms)
		ReleaseScriptingObjects (0ms)
		CreateAndSetChildDomain (1ms)
	RebuildCommonClasses (27ms)
	RebuildNativeTypeToScriptingClass (8ms)
	initialDomainReloadingComplete (51ms)
	LoadAllAssembliesAndSetupDomain (109ms)
		LoadAssemblies (138ms)
		RebuildTransferFunctionScriptingTraits (0ms)
		AnalyzeDomain (107ms)
			TypeCache.Refresh (106ms)
				TypeCache.ScanAssembly (95ms)
			ScanForSourceGeneratedMonoScriptInfo (0ms)
			ResolveRequiredComponents (0ms)
	FinalizeReload (219ms)
		ReleaseScriptCaches (0ms)
		RebuildScriptCaches (0ms)
		SetupLoadedEditorAssemblies (170ms)
			LogAssemblyErrors (0ms)
			InitializePlatformSupportModulesInManaged (7ms)
			SetLoadedEditorAssemblies (6ms)
			RefreshPlugins (0ms)
			BeforeProcessingInitializeOnLoad (2ms)
			ProcessInitializeOnLoadAttributes (111ms)
			ProcessInitializeOnLoadMethodAttributes (44ms)
			AfterProcessingInitializeOnLoad (0ms)
			EditorAssembliesLoaded (0ms)
		ExecutionOrderSort2 (0ms)
		AwakeInstancesAfterBackupRestoration (0ms)
========================================================================
Worker process is ready to serve import requests
Begin MonoManager ReloadAssembly
Symbol file LoadedFromMemory is not a mono symbol file
- Loaded All Assemblies, in  1.034 seconds
Refreshing native plugins compatible for Editor in 9.28 ms, found 3 plugins.
Native extension for WindowsStandalone target not found
Package Manager log level set to [2]
[Package Manager] Server::EnsureServerProcessIsRunning -- launch failed, reason: Unity was launched with the -noUpm command-line argument
[Package Manager] UpmClient::Send -- Unable to send message (not connected to UPM process).
[Package Manager] Cannot connect to Unity Package Manager local server
[Package Manager] Server::EnsureServerProcessIsRunning -- launch failed, reason: Unity was launched with the -noUpm command-line argument
[Package Manager] UpmClient::Send -- Unable to send message (not connected to UPM process).
[Package Manager] Cannot connect to Unity Package Manager local server
Mono: successfully reloaded assembly
- Finished resetting the current domain, in  1.026 seconds
Domain Reload Profiling: 2062ms
	BeginReloadAssembly (123ms)
		ExecutionOrderSort (0ms)
		DisableScriptedObjects (4ms)
		BackupInstance (0ms)
		ReleaseScriptingObjects (0ms)
		CreateAndSetChildDomain (20ms)
	RebuildCommonClasses (27ms)
	RebuildNativeTypeToScriptingClass (8ms)
	initialDomainReloadingComplete (37ms)
	LoadAllAssembliesAndSetupDomain (840ms)
		LoadAssemblies (617ms)
		RebuildTransferFunctionScriptingTraits (0ms)
		AnalyzeDomain (288ms)
			TypeCache.Refresh (232ms)
				TypeCache.ScanAssembly (210ms)
			ScanForSourceGeneratedMonoScriptInfo (43ms)
			ResolveRequiredComponents (11ms)
	FinalizeReload (1027ms)
		ReleaseScriptCaches (0ms)
		RebuildScriptCaches (0ms)
		SetupLoadedEditorAssemblies (873ms)
			LogAssemblyErrors (0ms)
			InitializePlatformSupportModulesInManaged (5ms)
			SetLoadedEditorAssemblies (5ms)
			RefreshPlugins (0ms)
			BeforeProcessingInitializeOnLoad (86ms)
			ProcessInitializeOnLoadAttributes (591ms)
			ProcessInitializeOnLoadMethodAttributes (180ms)
			AfterProcessingInitializeOnLoad (6ms)
			EditorAssembliesLoaded (0ms)
		ExecutionOrderSort2 (0ms)
		AwakeInstancesAfterBackupRestoration (5ms)
Launched and connected shader compiler UnityShaderCompiler.exe after 0.04 seconds
Refreshing native plugins compatible for Editor in 6.85 ms, found 3 plugins.
Preloading 0 native plugins for Editor in 0.00 ms.
Unloading 8057 Unused Serialized files (Serialized files now loaded: 0)
Unloading 160 unused Assets / (1.6 MB). Loaded Objects now: 8622.
Memory consumption went from 386.5 MB to 384.9 MB.
Total: 11.300700 ms (FindLiveObjects: 0.897000 ms CreateObjectMapping: 0.671500 ms MarkObjects: 8.877900 ms  DeleteObjects: 0.852700 ms)

AssetImportParameters requested are different than current active one (requested -> active):
  custom:container-demuxer-ogg: 62fdf1f143b41e24485cea50d1cbac27 -> 
  custom:framework-win-MediaFoundation: 216162199b28c13a410421893ffa2e32 -> 
  custom:container-muxer-webm: aa71ff27fc2769a1b78a27578f13a17b -> 
  custom:video-decoder-webm-vp8: 9c59270c3fd7afecdb556c50c9e8de78 -> 
  custom:SearchIndexIgnoredProperties: e643bd26f0fe6173181afceb89e7c659 -> 
  custom:AudioImporter_EditorPlatform: d09bf68614088b80899f8185d706f6e7 -> 
  custom:audio-decoder-ogg-vorbis: bf7c407c2cedff20999df2af8eb42d56 -> 
  custom:audio-encoder-webm-vorbis: bf7c407c2cedff20999df2af8eb42d56 -> 
  custom:video-decoder-ogg-theora: a1e56fd34408186e4bbccfd4996cb3dc -> 
  custom:CustomObjectIndexerAttribute: a3ef5dd2817f97addfee359851a9dba5 -> 
  custom:container-demuxer-webm: 4f35f7cbe854078d1ac9338744f61a02 -> 
  custom:video-encoder-webm-vp8: eb34c28f22e8b96e1ab97ce403110664 -> 
========================================================================
Received Import Request.
  Time since last request: 94102.752394 seconds.
  path: Assets/Ash Assets/Rally Cars/Scenes/DemoScene.unity
  artifactKey: Guid(2de651f7dfdcf014f98f406c40f46349) Importer(2089858483,0ecaa5967403d082aa24f35e1b516d23)
Start importing Assets/Ash Assets/Rally Cars/Scenes/DemoScene.unity using Guid(2de651f7dfdcf014f98f406c40f46349) Importer(2089858483,0ecaa5967403d082aa24f35e1b516d23) 
=================================================================
	Native Crash Reporting
=================================================================
Got a UNKNOWN while executing native code. This usually indicates
a fatal error in the mono runtime or one of the native libraries 
used by your application.
=================================================================

=================================================================
	Managed Stacktrace:
=================================================================
	  at <unknown> <0xffffffff>
	  at System.Reflection.RuntimePropertyInfo:get_property_info <0x0007c>
	  at System.Reflection.RuntimePropertyInfo:CachePropertyInfo <0x00042>
	  at System.Reflection.RuntimePropertyInfo:get_PropertyType <0x00022>
	  at UnityEditor.Rendering.Universal.MaterialReferenceBuilder:HasMaterialProperty <0x00017>
	  at System.Linq.Enumerable:Any <0x00096>
	  at <>c:<GetMaterialReferenceLookup>b__2_0 <0x0009a>
	  at WhereEnumerableIterator`1:MoveNext <0x000ea>
	  at UnityEditor.Rendering.Universal.MaterialReferenceBuilder:GetMaterialReferenceLookup <0x00458>
	  at UnityEditor.Rendering.Universal.MaterialReferenceBuilder:.cctor <0x00032>
	  at System.Object:runtime_invoke_void <0x00084>
	  at <unknown> <0xffffffff>
	  at System.Object:__icall_wrapper_mono_generic_class_init <0x0006a>
	  at UnityEditor.Rendering.Universal.ConversionIndexers:ConversionIndexer <0x0006a>
	  at <Module>:invoke_void_CustomObjectIndexerTarget_ObjectIndexer <0x00113>
	  at UnityEditor.Search.ObjectIndexer:CallCustomIndexers <0x004c9>
	  at UnityEditor.Search.ObjectIndexer:IndexCustomProperties <0x00122>
	  at UnityEditor.Search.AssetIndexer:IndexProperties <0x000ea>
	  at UnityEditor.Search.AssetIndexer:IndexDocument <0x01112>
	  at UnityEditor.Search.SearchIndexEntryImporter:OnImportAsset <0x00169>
	  at UnityEditor.AssetImporters.ScriptedImporter:GenerateAssetData <0x00018>
	  at <Module>:runtime_invoke_void__this___object <0x00092>
=================================================================
Generated GUIDs only implemented for interfaces!
 -> (artifact id: 'a064833ab1bb924428cc6230e30262de') in 0.194232 seconds
Number of updated asset objects reloaded before import = 0
Number of asset objects unloaded after import = 1
========================================================================
Received Prepare
Begin MonoManager ReloadAssembly
Symbol file LoadedFromMemory is not a mono symbol file
- Loaded All Assemblies, in  2.887 seconds
Refreshing native plugins compatible for Editor in 11.62 ms, found 3 plugins.
Native extension for WindowsStandalone target not found
[Package Manager] Server::EnsureServerProcessIsRunning -- launch failed, reason: Unity was launched with the -noUpm command-line argument
[Package Manager] UpmClient::Send -- Unable to send message (not connected to UPM process).
[Package Manager] Cannot connect to Unity Package Manager local server
[Package Manager] Server::EnsureServerProcessIsRunning -- launch failed, reason: Unity was launched with the -noUpm command-line argument
[Package Manager] UpmClient::Send -- Unable to send message (not connected to UPM process).
[Package Manager] Cannot connect to Unity Package Manager local server
Mono: successfully reloaded assembly
- Finished resetting the current domain, in  4.004 seconds
Domain Reload Profiling: 6887ms
	BeginReloadAssembly (1084ms)
		ExecutionOrderSort (0ms)
		DisableScriptedObjects (26ms)
		BackupInstance (0ms)
		ReleaseScriptingObjects (2ms)
		CreateAndSetChildDomain (672ms)
	RebuildCommonClasses (40ms)
	RebuildNativeTypeToScriptingClass (14ms)
	initialDomainReloadingComplete (44ms)
	LoadAllAssembliesAndSetupDomain (1700ms)
		LoadAssemblies (1807ms)
		RebuildTransferFunctionScriptingTraits (0ms)
		AnalyzeDomain (90ms)
			TypeCache.Refresh (32ms)
				TypeCache.ScanAssembly (2ms)
			ScanForSourceGeneratedMonoScriptInfo (42ms)
			ResolveRequiredComponents (15ms)
	FinalizeReload (4005ms)
		ReleaseScriptCaches (0ms)
		RebuildScriptCaches (0ms)
		SetupLoadedEditorAssemblies (1024ms)
			LogAssemblyErrors (0ms)
			InitializePlatformSupportModulesInManaged (14ms)
			SetLoadedEditorAssemblies (16ms)
			RefreshPlugins (0ms)
			BeforeProcessingInitializeOnLoad (153ms)
			ProcessInitializeOnLoadAttributes (670ms)
			ProcessInitializeOnLoadMethodAttributes (164ms)
			AfterProcessingInitializeOnLoad (6ms)
			EditorAssembliesLoaded (1ms)
		ExecutionOrderSort2 (0ms)
		AwakeInstancesAfterBackupRestoration (11ms)
Refreshing native plugins compatible for Editor in 11.54 ms, found 3 plugins.
Preloading 0 native plugins for Editor in 0.00 ms.
Unloading 7854 Unused Serialized files (Serialized files now loaded: 0)
Unloading 101 unused Assets / (1.6 MB). Loaded Objects now: 8640.
Memory consumption went from 349.3 MB to 347.6 MB.
Total: 52.857000 ms (FindLiveObjects: 3.750000 ms CreateObjectMapping: 0.576200 ms MarkObjects: 42.874700 ms  DeleteObjects: 5.633100 ms)

Prepare: number of updated asset objects reloaded= 0
AssetImportParameters requested are different than current active one (requested -> active):
  custom:container-demuxer-ogg: 62fdf1f143b41e24485cea50d1cbac27 -> 
  custom:framework-win-MediaFoundation: 216162199b28c13a410421893ffa2e32 -> 
  custom:container-muxer-webm: aa71ff27fc2769a1b78a27578f13a17b -> 
  custom:video-decoder-webm-vp8: 9c59270c3fd7afecdb556c50c9e8de78 -> 
  custom:SearchIndexIgnoredProperties: e643bd26f0fe6173181afceb89e7c659 -> 
  custom:AudioImporter_EditorPlatform: d09bf68614088b80899f8185d706f6e7 -> 
  custom:audio-decoder-ogg-vorbis: bf7c407c2cedff20999df2af8eb42d56 -> 
  custom:audio-encoder-webm-vorbis: bf7c407c2cedff20999df2af8eb42d56 -> 
  custom:video-decoder-ogg-theora: a1e56fd34408186e4bbccfd4996cb3dc -> 
  custom:CustomObjectIndexerAttribute: a3ef5dd2817f97addfee359851a9dba5 -> 
  custom:container-demuxer-webm: 4f35f7cbe854078d1ac9338744f61a02 -> 
  custom:video-encoder-webm-vp8: eb34c28f22e8b96e1ab97ce403110664 -> 
========================================================================
Received Import Request.
  Time since last request: 46.517621 seconds.
  path: Assets/Ash Assets/Rally Cars/Prefabs/Rally Cars/Fordd_Focus_RS_WRC.prefab
  artifactKey: Guid(c473ac96c31493b4d9f2096ede26dfdf) Importer(815301076,1909f56bfc062723c751e8b465ee728b)
Start importing Assets/Ash Assets/Rally Cars/Prefabs/Rally Cars/Fordd_Focus_RS_WRC.prefab using Guid(c473ac96c31493b4d9f2096ede26dfdf) Importer(815301076,1909f56bfc062723c751e8b465ee728b)  -> (artifact id: 'f8e466ba48b19ee8b2e224dd38d2faef') in 0.605132 seconds
Number of updated asset objects reloaded before import = 0
Number of asset objects unloaded after import = 62
========================================================================
Received Import Request.
  Time since last request: 0.000050 seconds.
  path: Assets/Ash Assets/Rally Cars/Prefabs/Rally Cars/Fordd_Escort_RS_1800.prefab
  artifactKey: Guid(9a87711dd077f354e81355ff51dc2452) Importer(815301076,1909f56bfc062723c751e8b465ee728b)
Start importing Assets/Ash Assets/Rally Cars/Prefabs/Rally Cars/Fordd_Escort_RS_1800.prefab using Guid(9a87711dd077f354e81355ff51dc2452) Importer(815301076,1909f56bfc062723c751e8b465ee728b)  -> (artifact id: 'f5b45d547971ff0bb22ee30054258de3') in 0.044219 seconds
Number of updated asset objects reloaded before import = 0
Number of asset objects unloaded after import = 44
========================================================================
Received Import Request.
  Time since last request: 0.000022 seconds.
  path: Assets/Ash Assets/Rally Cars/Prefabs/Rally Cars/Peugiot_405_T16.prefab
  artifactKey: Guid(4e8ab3c2a935a5442b10e013f09e9e37) Importer(815301076,1909f56bfc062723c751e8b465ee728b)
Start importing Assets/Ash Assets/Rally Cars/Prefabs/Rally Cars/Peugiot_405_T16.prefab using Guid(4e8ab3c2a935a5442b10e013f09e9e37) Importer(815301076,1909f56bfc062723c751e8b465ee728b)  -> (artifact id: '9be85873a7203cb33245c715c1d7772b') in 0.027692 seconds
Number of updated asset objects reloaded before import = 0
Number of asset objects unloaded after import = 44
========================================================================
Received Import Request.
  Time since last request: 0.000027 seconds.
  path: Assets/Ash Assets/Rally Cars/Prefabs/Rally Cars/Mittsubisi_Lancer_GSR.prefab
  artifactKey: Guid(5c8980fdbd679dc49a18135f2e74ad8b) Importer(815301076,1909f56bfc062723c751e8b465ee728b)
Start importing Assets/Ash Assets/Rally Cars/Prefabs/Rally Cars/Mittsubisi_Lancer_GSR.prefab using Guid(5c8980fdbd679dc49a18135f2e74ad8b) Importer(815301076,1909f56bfc062723c751e8b465ee728b)  -> (artifact id: '0080cce5f064ee529c94a315df86a29b') in 0.036499 seconds
Number of updated asset objects reloaded before import = 0
Number of asset objects unloaded after import = 44
========================================================================
Received Import Request.
  Time since last request: 0.000033 seconds.
  path: Assets/Ash Assets/Rally Cars/Prefabs/Rally Cars/Fordd_RS_200.prefab
  artifactKey: Guid(22c2659f12b2f134da67892408fbb7d0) Importer(815301076,1909f56bfc062723c751e8b465ee728b)
Start importing Assets/Ash Assets/Rally Cars/Prefabs/Rally Cars/Fordd_RS_200.prefab using Guid(22c2659f12b2f134da67892408fbb7d0) Importer(815301076,1909f56bfc062723c751e8b465ee728b)  -> (artifact id: 'abb3d7a4f0eb2f74e8585a989f39e62a') in 0.034614 seconds
Number of updated asset objects reloaded before import = 0
Number of asset objects unloaded after import = 44
========================================================================
Received Import Request.
  Time since last request: 0.000027 seconds.
  path: Assets/Ash Assets/Rally Cars/Prefabs/Rally Cars/Lanncia_Stratoss_Group_4.prefab
  artifactKey: Guid(98f6fba07bd4b024ca9d7af99745ef37) Importer(815301076,1909f56bfc062723c751e8b465ee728b)
Start importing Assets/Ash Assets/Rally Cars/Prefabs/Rally Cars/Lanncia_Stratoss_Group_4.prefab using Guid(98f6fba07bd4b024ca9d7af99745ef37) Importer(815301076,1909f56bfc062723c751e8b465ee728b)  -> (artifact id: '70dfac41c72b8e0dfb403d24cb43c87b') in 0.021204 seconds
Number of updated asset objects reloaded before import = 0
Number of asset objects unloaded after import = 44
========================================================================
Received Import Request.
  Time since last request: 0.000033 seconds.
  path: Assets/Ash Assets/Rally Cars/Prefabs/Rally Cars/Suzooki_Escudoo.prefab
  artifactKey: Guid(f7dc45cb727ee8b48af88d19ac700db4) Importer(815301076,1909f56bfc062723c751e8b465ee728b)
Start importing Assets/Ash Assets/Rally Cars/Prefabs/Rally Cars/Suzooki_Escudoo.prefab using Guid(f7dc45cb727ee8b48af88d19ac700db4) Importer(815301076,1909f56bfc062723c751e8b465ee728b)  -> (artifact id: 'f8647a38d499e3a4c005aeaa13c33e68') in 0.030177 seconds
Number of updated asset objects reloaded before import = 0
Number of asset objects unloaded after import = 44
========================================================================
Received Import Request.
  Time since last request: 0.000027 seconds.
  path: Assets/Ash Assets/Rally Cars/Prefabs/Rally Cars/Audii_Sport_Quattroo_S1.prefab
  artifactKey: Guid(a39ace4ad51671445bd5c142a311deb4) Importer(815301076,1909f56bfc062723c751e8b465ee728b)
Start importing Assets/Ash Assets/Rally Cars/Prefabs/Rally Cars/Audii_Sport_Quattroo_S1.prefab using Guid(a39ace4ad51671445bd5c142a311deb4) Importer(815301076,1909f56bfc062723c751e8b465ee728b)  -> (artifact id: '20638b523186d61eaa57556958ed0565') in 0.016798 seconds
Number of updated asset objects reloaded before import = 0
Number of asset objects unloaded after import = 44
========================================================================
Received Import Request.
  Time since last request: 0.000025 seconds.
  path: Assets/Ash Assets/Rally Cars/Prefabs/Rally Cars/peugeott_205.prefab
  artifactKey: Guid(17e1e325f25c05b49b9e2302758eeeee) Importer(815301076,1909f56bfc062723c751e8b465ee728b)
Start importing Assets/Ash Assets/Rally Cars/Prefabs/Rally Cars/peugeott_205.prefab using Guid(17e1e325f25c05b49b9e2302758eeeee) Importer(815301076,1909f56bfc062723c751e8b465ee728b)  -> (artifact id: 'fa48e303b97b928e1a717b17397fa3df') in 0.018424 seconds
Number of updated asset objects reloaded before import = 0
Number of asset objects unloaded after import = 44
========================================================================
Received Import Request.
  Time since last request: 0.000043 seconds.
  path: Assets/Ash Assets/Rally Cars/Prefabs/Rally Cars/Subaruu_Impreeza_WRC.prefab
  artifactKey: Guid(84365073985f8be44ba9814dbf4f7659) Importer(815301076,1909f56bfc062723c751e8b465ee728b)
Start importing Assets/Ash Assets/Rally Cars/Prefabs/Rally Cars/Subaruu_Impreeza_WRC.prefab using Guid(84365073985f8be44ba9814dbf4f7659) Importer(815301076,1909f56bfc062723c751e8b465ee728b)  -> (artifact id: 'fae8ccdf81814935c18ee3aaf23dc950') in 0.015530 seconds
Number of updated asset objects reloaded before import = 0
Number of asset objects unloaded after import = 44
========================================================================
Received Import Request.
  Time since last request: 101.013610 seconds.
  path: Assets/Ash Assets/Rally Cars/Models/Rally Car Models.fbx
  artifactKey: Guid(7629da1901248bc49b02c95f7524fc8d) Importer(815301076,1909f56bfc062723c751e8b465ee728b)
Start importing Assets/Ash Assets/Rally Cars/Models/Rally Car Models.fbx using Guid(7629da1901248bc49b02c95f7524fc8d) Importer(815301076,1909f56bfc062723c751e8b465ee728b)  -> (artifact id: 'a72795b421fa03120d62d9fffab19194') in 0.697648 seconds
Number of updated asset objects reloaded before import = 0
Number of asset objects unloaded after import = 787
========================================================================
Received Import Request.
  Time since last request: 16.890209 seconds.
  path: Assets/Ash Assets/Rally Cars/Models/Rally Car Models.fbx
  artifactKey: Guid(7629da1901248bc49b02c95f7524fc8d) Importer(815301076,1909f56bfc062723c751e8b465ee728b)
Start importing Assets/Ash Assets/Rally Cars/Models/Rally Car Models.fbx using Guid(7629da1901248bc49b02c95f7524fc8d) Importer(815301076,1909f56bfc062723c751e8b465ee728b)  -> (artifact id: 'fd834b58045645d8657c9819173f6281') in 0.604976 seconds
Number of updated asset objects reloaded before import = 0
Number of asset objects unloaded after import = 787
========================================================================
Received Import Request.
  Time since last request: 19.246583 seconds.
  path: Assets/Ash Assets/Rally Cars/Prefabs/Rally Cars/Citroeen_C4_WRC.prefab
  artifactKey: Guid(8233aae5745f87f4b9e2596bfa36609d) Importer(815301076,1909f56bfc062723c751e8b465ee728b)
Start importing Assets/Ash Assets/Rally Cars/Prefabs/Rally Cars/Citroeen_C4_WRC.prefab using Guid(8233aae5745f87f4b9e2596bfa36609d) Importer(815301076,1909f56bfc062723c751e8b465ee728b)  -> (artifact id: 'af4340f41c51b1b033a07b3cd47c1dc1') in 0.021041 seconds
Number of updated asset objects reloaded before import = 0
Number of asset objects unloaded after import = 44
========================================================================
Received Import Request.
  Time since last request: 0.000022 seconds.
  path: Assets/Ash Assets/Rally Cars/Prefabs/Rally Cars/Fordd_Escort_RS_1800.prefab
  artifactKey: Guid(9a87711dd077f354e81355ff51dc2452) Importer(815301076,1909f56bfc062723c751e8b465ee728b)
Start importing Assets/Ash Assets/Rally Cars/Prefabs/Rally Cars/Fordd_Escort_RS_1800.prefab using Guid(9a87711dd077f354e81355ff51dc2452) Importer(815301076,1909f56bfc062723c751e8b465ee728b)  -> (artifact id: 'd76d49b936035ccd607534a5d71f115d') in 0.024305 seconds
Number of updated asset objects reloaded before import = 0
Number of asset objects unloaded after import = 44
========================================================================
Received Import Request.
  Time since last request: 0.000062 seconds.
  path: Assets/Ash Assets/Rally Cars/Prefabs/Rally Cars/Peugiot_405_T16.prefab
  artifactKey: Guid(4e8ab3c2a935a5442b10e013f09e9e37) Importer(815301076,1909f56bfc062723c751e8b465ee728b)
Start importing Assets/Ash Assets/Rally Cars/Prefabs/Rally Cars/Peugiot_405_T16.prefab using Guid(4e8ab3c2a935a5442b10e013f09e9e37) Importer(815301076,1909f56bfc062723c751e8b465ee728b)  -> (artifact id: 'c86c0859d85c15f09eca75bf97506386') in 0.020356 seconds
Number of updated asset objects reloaded before import = 0
Number of asset objects unloaded after import = 44
========================================================================
Received Import Request.
  Time since last request: 0.000029 seconds.
  path: Assets/Ash Assets/Rally Cars/Prefabs/Rally Cars/Mittsubisi_Lancer_GSR.prefab
  artifactKey: Guid(5c8980fdbd679dc49a18135f2e74ad8b) Importer(815301076,1909f56bfc062723c751e8b465ee728b)
Start importing Assets/Ash Assets/Rally Cars/Prefabs/Rally Cars/Mittsubisi_Lancer_GSR.prefab using Guid(5c8980fdbd679dc49a18135f2e74ad8b) Importer(815301076,1909f56bfc062723c751e8b465ee728b)  -> (artifact id: 'c8ed2d1eb63482d55ef51e64b00d814e') in 0.019598 seconds
Number of updated asset objects reloaded before import = 0
Number of asset objects unloaded after import = 44
========================================================================
Received Import Request.
  Time since last request: 0.000030 seconds.
  path: Assets/Ash Assets/Rally Cars/Prefabs/Rally Cars/Fordd_RS_200.prefab
  artifactKey: Guid(22c2659f12b2f134da67892408fbb7d0) Importer(815301076,1909f56bfc062723c751e8b465ee728b)
Start importing Assets/Ash Assets/Rally Cars/Prefabs/Rally Cars/Fordd_RS_200.prefab using Guid(22c2659f12b2f134da67892408fbb7d0) Importer(815301076,1909f56bfc062723c751e8b465ee728b)  -> (artifact id: '73e77e106c11be10303fb18a57405728') in 0.019888 seconds
Number of updated asset objects reloaded before import = 0
Number of asset objects unloaded after import = 44
========================================================================
Received Import Request.
  Time since last request: 0.000037 seconds.
  path: Assets/Ash Assets/Rally Cars/Prefabs/Rally Cars/Lanncia_Stratoss_Group_4.prefab
  artifactKey: Guid(98f6fba07bd4b024ca9d7af99745ef37) Importer(815301076,1909f56bfc062723c751e8b465ee728b)
Start importing Assets/Ash Assets/Rally Cars/Prefabs/Rally Cars/Lanncia_Stratoss_Group_4.prefab using Guid(98f6fba07bd4b024ca9d7af99745ef37) Importer(815301076,1909f56bfc062723c751e8b465ee728b)  -> (artifact id: '5f8e2a978fe2d7a60ef08fcadb84a47a') in 0.011571 seconds
Number of updated asset objects reloaded before import = 0
Number of asset objects unloaded after import = 44
========================================================================
Received Import Request.
  Time since last request: 0.000022 seconds.
  path: Assets/Ash Assets/Rally Cars/Prefabs/Rally Cars/Suzooki_Escudoo.prefab
  artifactKey: Guid(f7dc45cb727ee8b48af88d19ac700db4) Importer(815301076,1909f56bfc062723c751e8b465ee728b)
Start importing Assets/Ash Assets/Rally Cars/Prefabs/Rally Cars/Suzooki_Escudoo.prefab using Guid(f7dc45cb727ee8b48af88d19ac700db4) Importer(815301076,1909f56bfc062723c751e8b465ee728b)  -> (artifact id: '3fda9c9fa54a9ef135c3eee55601f9c3') in 0.021254 seconds
Number of updated asset objects reloaded before import = 0
Number of asset objects unloaded after import = 44
========================================================================
Received Import Request.
  Time since last request: 0.000039 seconds.
  path: Assets/Ash Assets/Rally Cars/Prefabs/Rally Cars/Rinault_Alpine_A110.prefab
  artifactKey: Guid(35ade12cb073d984b8ce1072887af60c) Importer(815301076,1909f56bfc062723c751e8b465ee728b)
Start importing Assets/Ash Assets/Rally Cars/Prefabs/Rally Cars/Rinault_Alpine_A110.prefab using Guid(35ade12cb073d984b8ce1072887af60c) Importer(815301076,1909f56bfc062723c751e8b465ee728b)  -> (artifact id: 'b1277e8c31d652fc66278ef12b697c4a') in 0.017371 seconds
Number of updated asset objects reloaded before import = 0
Number of asset objects unloaded after import = 44
========================================================================
Received Import Request.
  Time since last request: 0.000029 seconds.
  path: Assets/Ash Assets/Rally Cars/Prefabs/Rally Cars/Lanncia_037_Stradale.prefab
  artifactKey: Guid(0809492e0e99fa04b9aee31b8c12698e) Importer(815301076,1909f56bfc062723c751e8b465ee728b)
Start importing Assets/Ash Assets/Rally Cars/Prefabs/Rally Cars/Lanncia_037_Stradale.prefab using Guid(0809492e0e99fa04b9aee31b8c12698e) Importer(815301076,1909f56bfc062723c751e8b465ee728b)  -> (artifact id: '23ffa3fb94d4fd9ec66e892acc033d1d') in 0.017434 seconds
Number of updated asset objects reloaded before import = 0
Number of asset objects unloaded after import = 44
========================================================================
Received Import Request.
  Time since last request: 30.087826 seconds.
  path: Assets/_Project/Prefabs/UI/Leaderboard Item.prefab
  artifactKey: Guid(ca91d230332e42a4eb4595e1f3fdbd24) Importer(815301076,1909f56bfc062723c751e8b465ee728b)
Start importing Assets/_Project/Prefabs/UI/Leaderboard Item.prefab using Guid(ca91d230332e42a4eb4595e1f3fdbd24) Importer(815301076,1909f56bfc062723c751e8b465ee728b)  -> (artifact id: '1edfe51e9e05ab8c33ee54ea59c79cbd') in 0.021424 seconds
Number of updated asset objects reloaded before import = 0
Number of asset objects unloaded after import = 17
========================================================================
Received Import Request.
  Time since last request: 0.000035 seconds.
  path: Assets/_Project/Prefabs/UI/Room Item.prefab
  artifactKey: Guid(32eb05628e9614e488756fceee2cab15) Importer(815301076,1909f56bfc062723c751e8b465ee728b)
Start importing Assets/_Project/Prefabs/UI/Room Item.prefab using Guid(32eb05628e9614e488756fceee2cab15) Importer(815301076,1909f56bfc062723c751e8b465ee728b)  -> (artifact id: '38782310ce11c8c8e520f0d423aa6eee') in 0.011166 seconds
Number of updated asset objects reloaded before import = 0
Number of asset objects unloaded after import = 15
========================================================================
Received Import Request.
  Time since last request: 0.000020 seconds.
  path: Assets/_Project/Prefabs/UI/Nameplate Canvas.prefab
  artifactKey: Guid(32da8a42fb9556b408f7338d09b00b79) Importer(815301076,1909f56bfc062723c751e8b465ee728b)
Start importing Assets/_Project/Prefabs/UI/Nameplate Canvas.prefab using Guid(32da8a42fb9556b408f7338d09b00b79) Importer(815301076,1909f56bfc062723c751e8b465ee728b)  -> (artifact id: 'cba8dde43e14bdf53167a86c445ada67') in 0.024564 seconds
Number of updated asset objects reloaded before import = 0
Number of asset objects unloaded after import = 14
========================================================================
Received Import Request.
  Time since last request: 11.124194 seconds.
  path: Assets/EasyRoads3D/Resources/ERProRoad.prefab
  artifactKey: Guid(1f87f95e79e2c104f808bba536652594) Importer(815301076,1909f56bfc062723c751e8b465ee728b)
Start importing Assets/EasyRoads3D/Resources/ERProRoad.prefab using Guid(1f87f95e79e2c104f808bba536652594) Importer(815301076,1909f56bfc062723c751e8b465ee728b)  -> (artifact id: '68d14e132d245e44505f995b96503474') in 0.042413 seconds
Number of updated asset objects reloaded before import = 0
Number of asset objects unloaded after import = 5
========================================================================
Received Prepare
Refreshing native plugins compatible for Editor in 5.90 ms, found 3 plugins.
Preloading 0 native plugins for Editor in 0.00 ms.
Unloading 15 Unused Serialized files (Serialized files now loaded: 0)
Unloading 16 unused Assets / (1.6 MB). Loaded Objects now: 8740.
Memory consumption went from 233.7 MB to 232.1 MB.
Total: 72.686500 ms (FindLiveObjects: 1.701500 ms CreateObjectMapping: 0.362700 ms MarkObjects: 69.545400 ms  DeleteObjects: 1.074200 ms)

Prepare: number of updated asset objects reloaded= 1
AssetImportParameters requested are different than current active one (requested -> active):
  custom:container-demuxer-ogg: 62fdf1f143b41e24485cea50d1cbac27 -> 
  custom:framework-win-MediaFoundation: 216162199b28c13a410421893ffa2e32 -> 
  custom:container-muxer-webm: aa71ff27fc2769a1b78a27578f13a17b -> 
  custom:video-decoder-webm-vp8: 9c59270c3fd7afecdb556c50c9e8de78 -> 
  custom:SearchIndexIgnoredProperties: e643bd26f0fe6173181afceb89e7c659 -> 
  custom:AudioImporter_EditorPlatform: d09bf68614088b80899f8185d706f6e7 -> 
  custom:audio-decoder-ogg-vorbis: bf7c407c2cedff20999df2af8eb42d56 -> 
  custom:audio-encoder-webm-vorbis: bf7c407c2cedff20999df2af8eb42d56 -> 
  custom:video-decoder-ogg-theora: a1e56fd34408186e4bbccfd4996cb3dc -> 
  custom:CustomObjectIndexerAttribute: a3ef5dd2817f97addfee359851a9dba5 -> 
  custom:container-demuxer-webm: 4f35f7cbe854078d1ac9338744f61a02 -> 
  custom:video-encoder-webm-vp8: eb34c28f22e8b96e1ab97ce403110664 -> 
========================================================================
Received Prepare
Refreshing native plugins compatible for Editor in 6.13 ms, found 3 plugins.
Preloading 0 native plugins for Editor in 0.00 ms.
Unloading 15 Unused Serialized files (Serialized files now loaded: 0)
Unloading 15 unused Assets / (1.6 MB). Loaded Objects now: 8739.
Memory consumption went from 233.8 MB to 232.2 MB.
Total: 11.440000 ms (FindLiveObjects: 0.941800 ms CreateObjectMapping: 0.445100 ms MarkObjects: 9.567300 ms  DeleteObjects: 0.483900 ms)

Prepare: number of updated asset objects reloaded= 0
AssetImportParameters requested are different than current active one (requested -> active):
  custom:container-demuxer-ogg: 62fdf1f143b41e24485cea50d1cbac27 -> 
  custom:framework-win-MediaFoundation: 216162199b28c13a410421893ffa2e32 -> 
  custom:container-muxer-webm: aa71ff27fc2769a1b78a27578f13a17b -> 
  custom:video-decoder-webm-vp8: 9c59270c3fd7afecdb556c50c9e8de78 -> 
  custom:SearchIndexIgnoredProperties: e643bd26f0fe6173181afceb89e7c659 -> 
  custom:AudioImporter_EditorPlatform: d09bf68614088b80899f8185d706f6e7 -> 
  custom:audio-decoder-ogg-vorbis: bf7c407c2cedff20999df2af8eb42d56 -> 
  custom:audio-encoder-webm-vorbis: bf7c407c2cedff20999df2af8eb42d56 -> 
  custom:video-decoder-ogg-theora: a1e56fd34408186e4bbccfd4996cb3dc -> 
  custom:CustomObjectIndexerAttribute: a3ef5dd2817f97addfee359851a9dba5 -> 
  custom:container-demuxer-webm: 4f35f7cbe854078d1ac9338744f61a02 -> 
  custom:video-encoder-webm-vp8: eb34c28f22e8b96e1ab97ce403110664 -> 
========================================================================
Received Import Request.
  Time since last request: 5235.723884 seconds.
  path: Assets/_Project/Sprites/Fire02.tga
  artifactKey: Guid(9480241d8f7ab004bb5b8b0f898d56da) Importer(815301076,1909f56bfc062723c751e8b465ee728b)
Start importing Assets/_Project/Sprites/Fire02.tga using Guid(9480241d8f7ab004bb5b8b0f898d56da) Importer(815301076,1909f56bfc062723c751e8b465ee728b)  -> (artifact id: 'b0bede7d0513320d06e98960c242fcb2') in 1.186807 seconds
Number of updated asset objects reloaded before import = 0
Number of asset objects unloaded after import = 2
Editor requested this worker to shutdown with reason: Scaling down because of idle timeout
TcpMessagingSession - receive error
AssetImportWorkerClient::OnTransportError - code=2 error=End of file
AssetImportWorker is now disconnected from the server
Process exiting
Exiting without the bug reporter. Application will terminate with return code 0