Using pre-set license
Built from '2022.3/staging' branch; Version is '2022.3.14f1 (eff2de9070d8) revision 15725278'; Using compiler version '192829333'; Build Type 'Release'
OS: 'Windows 11  (10.0.22631) 64bit CoreSingleLanguage' Language: 'en' Physical Memory: 7893 MB
BatchMode: 1, IsHumanControllingUs: 0, StartBugReporterOnCrash: 0, Is64bit: 1, IsPro: 1

COMMAND LINE ARGUMENTS:
C:\Program Files\Unity\Hub\Editor\2022.3.14f1\Editor\Unity.exe
-adb2
-batchMode
-noUpm
-name
AssetImportWorker15
-projectPath
E:/Unity/CarRacingGame3d
-logFile
Logs/AssetImportWorker15.log
-srvPort
61216
Successfully changed project path to: E:/Unity/CarRacingGame3d
E:/Unity/CarRacingGame3d
[UnityMemory] Configuration Parameters - Can be set up in boot.config
    "memorysetup-bucket-allocator-granularity=16"
    "memorysetup-bucket-allocator-bucket-count=8"
    "memorysetup-bucket-allocator-block-size=33554432"
    "memorysetup-bucket-allocator-block-count=8"
    "memorysetup-main-allocator-block-size=16777216"
    "memorysetup-thread-allocator-block-size=16777216"
    "memorysetup-gfx-main-allocator-block-size=16777216"
    "memorysetup-gfx-thread-allocator-block-size=16777216"
    "memorysetup-cache-allocator-block-size=4194304"
    "memorysetup-typetree-allocator-block-size=2097152"
    "memorysetup-profiler-bucket-allocator-granularity=16"
    "memorysetup-profiler-bucket-allocator-bucket-count=8"
    "memorysetup-profiler-bucket-allocator-block-size=33554432"
    "memorysetup-profiler-bucket-allocator-block-count=8"
    "memorysetup-profiler-allocator-block-size=16777216"
    "memorysetup-profiler-editor-allocator-block-size=1048576"
    "memorysetup-temp-allocator-size-main=16777216"
    "memorysetup-job-temp-allocator-block-size=2097152"
    "memorysetup-job-temp-allocator-block-size-background=1048576"
    "memorysetup-job-temp-allocator-reduction-small-platforms=262144"
    "memorysetup-allocator-temp-initial-block-size-main=262144"
    "memorysetup-allocator-temp-initial-block-size-worker=262144"
    "memorysetup-temp-allocator-size-background-worker=32768"
    "memorysetup-temp-allocator-size-job-worker=262144"
    "memorysetup-temp-allocator-size-preload-manager=33554432"
    "memorysetup-temp-allocator-size-nav-mesh-worker=65536"
    "memorysetup-temp-allocator-size-audio-worker=65536"
    "memorysetup-temp-allocator-size-cloud-worker=32768"
    "memorysetup-temp-allocator-size-gi-baking-worker=262144"
    "memorysetup-temp-allocator-size-gfx=262144"
Player connection [5428] Host "[IP] 26.11.86.131 [Port] 0 [Flags] 2 [Guid] 2627625046 [EditorId] 2627625046 [Version] 1048832 [Id] WindowsEditor(7,MSI) [Debug] 1 [PackageName] WindowsEditor [ProjectName] Editor" joined multi-casting on [225.0.0.222:54997]...

Player connection [5428] Host "[IP] 26.11.86.131 [Port] 0 [Flags] 2 [Guid] 2627625046 [EditorId] 2627625046 [Version] 1048832 [Id] WindowsEditor(7,MSI) [Debug] 1 [PackageName] WindowsEditor [ProjectName] Editor" joined alternative multi-casting on [225.0.0.222:34997]...

[Physics::Module] Initialized MultithreadedJobDispatcher with 11 workers.
Refreshing native plugins compatible for Editor in 24.70 ms, found 3 plugins.
Preloading 0 native plugins for Editor in 0.00 ms.
Initialize engine version: 2022.3.14f1 (eff2de9070d8)
[Subsystems] Discovering subsystems at path C:/Program Files/Unity/Hub/Editor/2022.3.14f1/Editor/Data/Resources/UnitySubsystems
[Subsystems] Discovering subsystems at path E:/Unity/CarRacingGame3d/Assets
GfxDevice: creating device client; threaded=0; jobified=0
Direct3D:
    Version:  Direct3D 11.0 [level 11.1]
    Renderer: NVIDIA GeForce GTX 1650 with Max-Q Design (ID=0x1f9d)
    Vendor:   NVIDIA
    VRAM:     3953 MB
    Driver:   31.0.15.4621
Initialize mono
Mono path[0] = 'C:/Program Files/Unity/Hub/Editor/2022.3.14f1/Editor/Data/Managed'
Mono path[1] = 'C:/Program Files/Unity/Hub/Editor/2022.3.14f1/Editor/Data/MonoBleedingEdge/lib/mono/unityjit-win32'
Mono config path = 'C:/Program Files/Unity/Hub/Editor/2022.3.14f1/Editor/Data/MonoBleedingEdge/etc'
Using monoOptions --debugger-agent=transport=dt_socket,embedding=1,server=y,suspend=n,address=127.0.0.1:56556
Begin MonoManager ReloadAssembly
Registering precompiled unity dll's ...
Register platform support module: C:/Program Files/Unity/Hub/Editor/2022.3.14f1/Editor/Data/PlaybackEngines/WindowsStandaloneSupport/UnityEditor.WindowsStandalone.Extensions.dll
Registered in 0.014940 seconds.
- Loaded All Assemblies, in  0.782 seconds
Native extension for WindowsStandalone target not found
Mono: successfully reloaded assembly
- Finished resetting the current domain, in  0.265 seconds
Domain Reload Profiling: 1046ms
	BeginReloadAssembly (452ms)
		ExecutionOrderSort (0ms)
		DisableScriptedObjects (0ms)
		BackupInstance (0ms)
		ReleaseScriptingObjects (0ms)
		CreateAndSetChildDomain (1ms)
	RebuildCommonClasses (50ms)
	RebuildNativeTypeToScriptingClass (12ms)
	initialDomainReloadingComplete (67ms)
	LoadAllAssembliesAndSetupDomain (199ms)
		LoadAssemblies (450ms)
		RebuildTransferFunctionScriptingTraits (0ms)
		AnalyzeDomain (198ms)
			TypeCache.Refresh (195ms)
				TypeCache.ScanAssembly (159ms)
			ScanForSourceGeneratedMonoScriptInfo (1ms)
			ResolveRequiredComponents (2ms)
	FinalizeReload (265ms)
		ReleaseScriptCaches (0ms)
		RebuildScriptCaches (0ms)
		SetupLoadedEditorAssemblies (199ms)
			LogAssemblyErrors (0ms)
			InitializePlatformSupportModulesInManaged (8ms)
			SetLoadedEditorAssemblies (12ms)
			RefreshPlugins (0ms)
			BeforeProcessingInitializeOnLoad (2ms)
			ProcessInitializeOnLoadAttributes (134ms)
			ProcessInitializeOnLoadMethodAttributes (44ms)
			AfterProcessingInitializeOnLoad (0ms)
			EditorAssembliesLoaded (0ms)
		ExecutionOrderSort2 (0ms)
		AwakeInstancesAfterBackupRestoration (0ms)
========================================================================
Worker process is ready to serve import requests
Begin MonoManager ReloadAssembly
Symbol file LoadedFromMemory is not a mono symbol file
- Loaded All Assemblies, in  1.112 seconds
Refreshing native plugins compatible for Editor in 10.77 ms, found 3 plugins.
Native extension for WindowsStandalone target not found
Package Manager log level set to [2]
[Package Manager] Server::EnsureServerProcessIsRunning -- launch failed, reason: Unity was launched with the -noUpm command-line argument
[Package Manager] UpmClient::Send -- Unable to send message (not connected to UPM process).
[Package Manager] Cannot connect to Unity Package Manager local server
[Package Manager] Server::EnsureServerProcessIsRunning -- launch failed, reason: Unity was launched with the -noUpm command-line argument
[Package Manager] UpmClient::Send -- Unable to send message (not connected to UPM process).
[Package Manager] Cannot connect to Unity Package Manager local server
Mono: successfully reloaded assembly
- Finished resetting the current domain, in  1.005 seconds
Domain Reload Profiling: 2118ms
	BeginReloadAssembly (124ms)
		ExecutionOrderSort (0ms)
		DisableScriptedObjects (4ms)
		BackupInstance (0ms)
		ReleaseScriptingObjects (0ms)
		CreateAndSetChildDomain (23ms)
	RebuildCommonClasses (26ms)
	RebuildNativeTypeToScriptingClass (8ms)
	initialDomainReloadingComplete (36ms)
	LoadAllAssembliesAndSetupDomain (918ms)
		LoadAssemblies (657ms)
		RebuildTransferFunctionScriptingTraits (0ms)
		AnalyzeDomain (327ms)
			TypeCache.Refresh (270ms)
				TypeCache.ScanAssembly (243ms)
			ScanForSourceGeneratedMonoScriptInfo (42ms)
			ResolveRequiredComponents (12ms)
	FinalizeReload (1005ms)
		ReleaseScriptCaches (0ms)
		RebuildScriptCaches (0ms)
		SetupLoadedEditorAssemblies (846ms)
			LogAssemblyErrors (0ms)
			InitializePlatformSupportModulesInManaged (4ms)
			SetLoadedEditorAssemblies (6ms)
			RefreshPlugins (0ms)
			BeforeProcessingInitializeOnLoad (95ms)
			ProcessInitializeOnLoadAttributes (584ms)
			ProcessInitializeOnLoadMethodAttributes (151ms)
			AfterProcessingInitializeOnLoad (5ms)
			EditorAssembliesLoaded (0ms)
		ExecutionOrderSort2 (0ms)
		AwakeInstancesAfterBackupRestoration (5ms)
Launched and connected shader compiler UnityShaderCompiler.exe after 0.05 seconds
Refreshing native plugins compatible for Editor in 5.89 ms, found 3 plugins.
Preloading 0 native plugins for Editor in 0.00 ms.
Unloading 8057 Unused Serialized files (Serialized files now loaded: 0)
Unloading 160 unused Assets / (1.6 MB). Loaded Objects now: 8622.
Memory consumption went from 384.5 MB to 382.9 MB.
Total: 8.020700 ms (FindLiveObjects: 0.568400 ms CreateObjectMapping: 0.334000 ms MarkObjects: 6.572800 ms  DeleteObjects: 0.543800 ms)

AssetImportParameters requested are different than current active one (requested -> active):
  custom:container-demuxer-ogg: 62fdf1f143b41e24485cea50d1cbac27 -> 
  custom:framework-win-MediaFoundation: 216162199b28c13a410421893ffa2e32 -> 
  custom:container-muxer-webm: aa71ff27fc2769a1b78a27578f13a17b -> 
  custom:video-decoder-webm-vp8: 9c59270c3fd7afecdb556c50c9e8de78 -> 
  custom:SearchIndexIgnoredProperties: e643bd26f0fe6173181afceb89e7c659 -> 
  custom:AudioImporter_EditorPlatform: d09bf68614088b80899f8185d706f6e7 -> 
  custom:audio-decoder-ogg-vorbis: bf7c407c2cedff20999df2af8eb42d56 -> 
  custom:audio-encoder-webm-vorbis: bf7c407c2cedff20999df2af8eb42d56 -> 
  custom:video-decoder-ogg-theora: a1e56fd34408186e4bbccfd4996cb3dc -> 
  custom:CustomObjectIndexerAttribute: a3ef5dd2817f97addfee359851a9dba5 -> 
  custom:container-demuxer-webm: 4f35f7cbe854078d1ac9338744f61a02 -> 
  custom:video-encoder-webm-vp8: eb34c28f22e8b96e1ab97ce403110664 -> 
========================================================================
Received Import Request.
  Time since last request: 94251.509015 seconds.
  path: Assets/Ash Assets/Rally Cars/Models/color.mat
  artifactKey: Guid(280d011ba208e7643a64f57bab120712) Importer(815301076,1909f56bfc062723c751e8b465ee728b)
Start importing Assets/Ash Assets/Rally Cars/Models/color.mat using Guid(280d011ba208e7643a64f57bab120712) Importer(815301076,1909f56bfc062723c751e8b465ee728b)  -> (artifact id: 'b298da767facb399a4a4261da2bb726e') in 0.348726 seconds
Number of updated asset objects reloaded before import = 0
Number of asset objects unloaded after import = 3
========================================================================
Received Import Request.
  Time since last request: 17.239854 seconds.
  path: Assets/Ash Assets/Rally Cars/Models/color.mat
  artifactKey: Guid(280d011ba208e7643a64f57bab120712) Importer(815301076,1909f56bfc062723c751e8b465ee728b)
Start importing Assets/Ash Assets/Rally Cars/Models/color.mat using Guid(280d011ba208e7643a64f57bab120712) Importer(815301076,1909f56bfc062723c751e8b465ee728b)  -> (artifact id: '2a67312cc8f74b6792a71712aad2f76f') in 0.030942 seconds
Number of updated asset objects reloaded before import = 0
Number of asset objects unloaded after import = 3
========================================================================
Received Import Request.
  Time since last request: 19.821017 seconds.
  path: Assets/Ash Assets/Rally Cars/Prefabs/Rally Cars/Audii_Sport_Quattroo_S1.prefab
  artifactKey: Guid(a39ace4ad51671445bd5c142a311deb4) Importer(815301076,1909f56bfc062723c751e8b465ee728b)
Start importing Assets/Ash Assets/Rally Cars/Prefabs/Rally Cars/Audii_Sport_Quattroo_S1.prefab using Guid(a39ace4ad51671445bd5c142a311deb4) Importer(815301076,1909f56bfc062723c751e8b465ee728b)  -> (artifact id: '27878f87b2739b1ac08141b07a0a0f87') in 0.038843 seconds
Number of updated asset objects reloaded before import = 0
Number of asset objects unloaded after import = 44
========================================================================
Received Import Request.
  Time since last request: 0.000028 seconds.
  path: Assets/Ash Assets/Rally Cars/Prefabs/Rally Cars/MG_Metrro_6R4.prefab
  artifactKey: Guid(39deda189b5d1804a9e1f96533784520) Importer(815301076,1909f56bfc062723c751e8b465ee728b)
Start importing Assets/Ash Assets/Rally Cars/Prefabs/Rally Cars/MG_Metrro_6R4.prefab using Guid(39deda189b5d1804a9e1f96533784520) Importer(815301076,1909f56bfc062723c751e8b465ee728b)  -> (artifact id: 'b59dc090b09f162b4f60a57860c10e44') in 0.021615 seconds
Number of updated asset objects reloaded before import = 0
Number of asset objects unloaded after import = 44
========================================================================
Received Import Request.
  Time since last request: 0.000032 seconds.
  path: Assets/Ash Assets/Rally Cars/Prefabs/Rally Cars/Fiatt_131.prefab
  artifactKey: Guid(92dc9059c105be646920e7793f7b87ad) Importer(815301076,1909f56bfc062723c751e8b465ee728b)
Start importing Assets/Ash Assets/Rally Cars/Prefabs/Rally Cars/Fiatt_131.prefab using Guid(92dc9059c105be646920e7793f7b87ad) Importer(815301076,1909f56bfc062723c751e8b465ee728b)  -> (artifact id: '20c0675ce41b2b22c7922ddc5f61c2b5') in 0.024940 seconds
Number of updated asset objects reloaded before import = 0
Number of asset objects unloaded after import = 44
========================================================================
Received Import Request.
  Time since last request: 0.000041 seconds.
  path: Assets/Ash Assets/Rally Cars/Prefabs/Rally Cars/Porschee_959_Paris_Dakar.prefab
  artifactKey: Guid(ddbc2a8f0959f5f4995e0c6bfd1d8d2b) Importer(815301076,1909f56bfc062723c751e8b465ee728b)
Start importing Assets/Ash Assets/Rally Cars/Prefabs/Rally Cars/Porschee_959_Paris_Dakar.prefab using Guid(ddbc2a8f0959f5f4995e0c6bfd1d8d2b) Importer(815301076,1909f56bfc062723c751e8b465ee728b)  -> (artifact id: '286322d8e0d9673150f3ca3611a4399d') in 0.021576 seconds
Number of updated asset objects reloaded before import = 0
Number of asset objects unloaded after import = 44
========================================================================
Received Import Request.
  Time since last request: 0.000040 seconds.
  path: Assets/Ash Assets/Rally Cars/Prefabs/Rally Cars/Oppel_Asconna_A.prefab
  artifactKey: Guid(a0130296251532147a9827c13d906555) Importer(815301076,1909f56bfc062723c751e8b465ee728b)
Start importing Assets/Ash Assets/Rally Cars/Prefabs/Rally Cars/Oppel_Asconna_A.prefab using Guid(a0130296251532147a9827c13d906555) Importer(815301076,1909f56bfc062723c751e8b465ee728b)  -> (artifact id: 'bbaa6db48381348436d0813a0bfcad8e') in 0.014256 seconds
Number of updated asset objects reloaded before import = 0
Number of asset objects unloaded after import = 44
========================================================================
Received Import Request.
  Time since last request: 0.000031 seconds.
  path: Assets/Ash Assets/Rally Cars/Prefabs/Rally Cars/Moris_Mini_Cooper.prefab
  artifactKey: Guid(d75f43f834177b847ab9b9b1e0de4487) Importer(815301076,1909f56bfc062723c751e8b465ee728b)
Start importing Assets/Ash Assets/Rally Cars/Prefabs/Rally Cars/Moris_Mini_Cooper.prefab using Guid(d75f43f834177b847ab9b9b1e0de4487) Importer(815301076,1909f56bfc062723c751e8b465ee728b)  -> (artifact id: 'ccda50b1ce16005805872cdade1241e7') in 0.019824 seconds
Number of updated asset objects reloaded before import = 0
Number of asset objects unloaded after import = 44
========================================================================
Received Import Request.
  Time since last request: 0.000028 seconds.
  path: Assets/Ash Assets/Rally Cars/Prefabs/Rally Cars/Toyotta_Celicca_GT.prefab
  artifactKey: Guid(2a549c2686625ac47af48a43cf1d32b9) Importer(815301076,1909f56bfc062723c751e8b465ee728b)
Start importing Assets/Ash Assets/Rally Cars/Prefabs/Rally Cars/Toyotta_Celicca_GT.prefab using Guid(2a549c2686625ac47af48a43cf1d32b9) Importer(815301076,1909f56bfc062723c751e8b465ee728b)  -> (artifact id: '3af80899cfa363ac6f4fd4ec6e3964aa') in 0.024340 seconds
Number of updated asset objects reloaded before import = 0
Number of asset objects unloaded after import = 44
========================================================================
Received Import Request.
  Time since last request: 0.000021 seconds.
  path: Assets/Ash Assets/Rally Cars/Prefabs/Rally Cars/peugeott_205.prefab
  artifactKey: Guid(17e1e325f25c05b49b9e2302758eeeee) Importer(815301076,1909f56bfc062723c751e8b465ee728b)
Start importing Assets/Ash Assets/Rally Cars/Prefabs/Rally Cars/peugeott_205.prefab using Guid(17e1e325f25c05b49b9e2302758eeeee) Importer(815301076,1909f56bfc062723c751e8b465ee728b)  -> (artifact id: '98a9bf5f966eba0b6ec146b470b7d0cb') in 0.021468 seconds
Number of updated asset objects reloaded before import = 0
Number of asset objects unloaded after import = 44
========================================================================
Received Import Request.
  Time since last request: 0.000024 seconds.
  path: Assets/Ash Assets/Rally Cars/Prefabs/Rally Cars/Subaruu_Impreeza_WRC.prefab
  artifactKey: Guid(84365073985f8be44ba9814dbf4f7659) Importer(815301076,1909f56bfc062723c751e8b465ee728b)
Start importing Assets/Ash Assets/Rally Cars/Prefabs/Rally Cars/Subaruu_Impreeza_WRC.prefab using Guid(84365073985f8be44ba9814dbf4f7659) Importer(815301076,1909f56bfc062723c751e8b465ee728b)  -> (artifact id: '4409d2583707916d49212bcf1fb363b0') in 0.016614 seconds
Number of updated asset objects reloaded before import = 0
Number of asset objects unloaded after import = 44
========================================================================
Received Import Request.
  Time since last request: 30.067328 seconds.
  path: Assets/_Project/Prefabs/UI/Canvas - In Game.prefab
  artifactKey: Guid(71dba4cbb0f24ed4ba1fdb43547ed103) Importer(815301076,1909f56bfc062723c751e8b465ee728b)
Start importing Assets/_Project/Prefabs/UI/Canvas - In Game.prefab using Guid(71dba4cbb0f24ed4ba1fdb43547ed103) Importer(815301076,1909f56bfc062723c751e8b465ee728b)  -> (artifact id: '78f8e6ab369786a7cdfe97f2574878c8') in 0.112810 seconds
Number of updated asset objects reloaded before import = 0
Number of asset objects unloaded after import = 189
========================================================================
Received Import Request.
  Time since last request: 0.107328 seconds.
  path: Assets/_Project/Prefabs/Car/Car.prefab
  artifactKey: Guid(f054cf4a8c101874bb1be917096955de) Importer(815301076,1909f56bfc062723c751e8b465ee728b)
Start importing Assets/_Project/Prefabs/Car/Car.prefab using Guid(f054cf4a8c101874bb1be917096955de) Importer(815301076,1909f56bfc062723c751e8b465ee728b)  -> (artifact id: '481a5d8785596a22d21c8c4e5f7d1566') in 0.044602 seconds
Number of updated asset objects reloaded before import = 0
Number of asset objects unloaded after import = 247
========================================================================
Received Import Request.
  Time since last request: 9.965362 seconds.
  path: Assets/EasyRoads3D/Materials/roadsample_d.mat
  artifactKey: Guid(c4175582b801f5b4e9c70608f72dc876) Importer(815301076,1909f56bfc062723c751e8b465ee728b)
Start importing Assets/EasyRoads3D/Materials/roadsample_d.mat using Guid(c4175582b801f5b4e9c70608f72dc876) Importer(815301076,1909f56bfc062723c751e8b465ee728b)  -> (artifact id: '9684ae0ae1863d0d8fb5bbe1ec00fa83') in 0.021075 seconds
Number of updated asset objects reloaded before import = 0
Number of asset objects unloaded after import = 2
========================================================================
Received Import Request.
  Time since last request: 0.928034 seconds.
  path: Assets/EasyRoads3D/Resources/ER Road Network.prefab
  artifactKey: Guid(efbc7fb2513d6744ab1bcfac40f0823d) Importer(815301076,1909f56bfc062723c751e8b465ee728b)
Start importing Assets/EasyRoads3D/Resources/ER Road Network.prefab using Guid(efbc7fb2513d6744ab1bcfac40f0823d) Importer(815301076,1909f56bfc062723c751e8b465ee728b)  -> (artifact id: 'f8f28c2f6b88fec2ea74b12228e534eb') in 0.046802 seconds
Number of updated asset objects reloaded before import = 0
Number of asset objects unloaded after import = 26
========================================================================
Received Import Request.
  Time since last request: 3.575628 seconds.
  path: Assets/EasyRoads3D/Resources/Materials/sidewalks/sidewalk.mat
  artifactKey: Guid(d74dc327ca3fad8408eeeaf8ad54a110) Importer(815301076,1909f56bfc062723c751e8b465ee728b)
Start importing Assets/EasyRoads3D/Resources/Materials/sidewalks/sidewalk.mat using Guid(d74dc327ca3fad8408eeeaf8ad54a110) Importer(815301076,1909f56bfc062723c751e8b465ee728b)  -> (artifact id: 'a517102f8d4e7a8d56cfa61a8cac509d') in 0.777371 seconds
Number of updated asset objects reloaded before import = 0
Number of asset objects unloaded after import = 2
========================================================================
Received Import Request.
  Time since last request: 257.684647 seconds.
  path: Assets/_Project/Prefabs/Car/Test.prefab
  artifactKey: Guid(8f040dddc0077f04789e70beb46e4ac7) Importer(815301076,1909f56bfc062723c751e8b465ee728b)
Start importing Assets/_Project/Prefabs/Car/Test.prefab using Guid(8f040dddc0077f04789e70beb46e4ac7) Importer(815301076,1909f56bfc062723c751e8b465ee728b)  -> (artifact id: '65eed4e89a5eaa94fb7e92e538d6f636') in 0.050519 seconds
Number of updated asset objects reloaded before import = 0
Number of asset objects unloaded after import = 242
========================================================================
Received Import Request.
  Time since last request: 26.094687 seconds.
  path: Assets/_Project/Prefabs/Car/Test.prefab
  artifactKey: Guid(8f040dddc0077f04789e70beb46e4ac7) Importer(815301076,1909f56bfc062723c751e8b465ee728b)
Start importing Assets/_Project/Prefabs/Car/Test.prefab using Guid(8f040dddc0077f04789e70beb46e4ac7) Importer(815301076,1909f56bfc062723c751e8b465ee728b)  -> (artifact id: '74754ffe4a26c30b79da9d308ae26d41') in 0.031135 seconds
Number of updated asset objects reloaded before import = 0
Number of asset objects unloaded after import = 242
========================================================================
Received Import Request.
  Time since last request: 35.651121 seconds.
  path: Assets/_Project/Prefabs/Car/Test.prefab
  artifactKey: Guid(8f040dddc0077f04789e70beb46e4ac7) Importer(815301076,1909f56bfc062723c751e8b465ee728b)
Start importing Assets/_Project/Prefabs/Car/Test.prefab using Guid(8f040dddc0077f04789e70beb46e4ac7) Importer(815301076,1909f56bfc062723c751e8b465ee728b)  -> (artifact id: '281270732617dd2119093a26dee55624') in 0.030837 seconds
Number of updated asset objects reloaded before import = 0
Number of asset objects unloaded after import = 242
========================================================================
Received Import Request.
  Time since last request: 34.040659 seconds.
  path: Assets/_Project/Prefabs/Car/Test.prefab
  artifactKey: Guid(8f040dddc0077f04789e70beb46e4ac7) Importer(815301076,1909f56bfc062723c751e8b465ee728b)
Start importing Assets/_Project/Prefabs/Car/Test.prefab using Guid(8f040dddc0077f04789e70beb46e4ac7) Importer(815301076,1909f56bfc062723c751e8b465ee728b)  -> (artifact id: '6db998c28df2c39cc85cf46fa4a85b94') in 0.028526 seconds
Number of updated asset objects reloaded before import = 0
Number of asset objects unloaded after import = 242
========================================================================
Received Import Request.
  Time since last request: 89.355215 seconds.
  path: Assets/_Project/Prefabs/Car/Test.prefab
  artifactKey: Guid(8f040dddc0077f04789e70beb46e4ac7) Importer(815301076,1909f56bfc062723c751e8b465ee728b)
Start importing Assets/_Project/Prefabs/Car/Test.prefab using Guid(8f040dddc0077f04789e70beb46e4ac7) Importer(815301076,1909f56bfc062723c751e8b465ee728b)  -> (artifact id: 'c38593ed94acb497f163ac2b7ad227f6') in 0.034967 seconds
Number of updated asset objects reloaded before import = 0
Number of asset objects unloaded after import = 242
========================================================================
Received Import Request.
  Time since last request: 78.102331 seconds.
  path: Assets/_Project/Prefabs/Car/Test.prefab
  artifactKey: Guid(8f040dddc0077f04789e70beb46e4ac7) Importer(815301076,1909f56bfc062723c751e8b465ee728b)
Start importing Assets/_Project/Prefabs/Car/Test.prefab using Guid(8f040dddc0077f04789e70beb46e4ac7) Importer(815301076,1909f56bfc062723c751e8b465ee728b)  -> (artifact id: 'dd826dab25619d84c7429f9f67945141') in 0.027993 seconds
Number of updated asset objects reloaded before import = 0
Number of asset objects unloaded after import = 242
========================================================================
Received Import Request.
  Time since last request: 107.332042 seconds.
  path: Assets/_Project/Prefabs/Car/Test.prefab
  artifactKey: Guid(8f040dddc0077f04789e70beb46e4ac7) Importer(815301076,1909f56bfc062723c751e8b465ee728b)
Start importing Assets/_Project/Prefabs/Car/Test.prefab using Guid(8f040dddc0077f04789e70beb46e4ac7) Importer(815301076,1909f56bfc062723c751e8b465ee728b)  -> (artifact id: '25b534f7c90dbd6b940636eb1b9a4209') in 0.026279 seconds
Number of updated asset objects reloaded before import = 0
Number of asset objects unloaded after import = 242
========================================================================
Received Prepare
Refreshing native plugins compatible for Editor in 7.31 ms, found 3 plugins.
Preloading 0 native plugins for Editor in 0.00 ms.
Unloading 15 Unused Serialized files (Serialized files now loaded: 0)
Unloading 20 unused Assets / (1.6 MB). Loaded Objects now: 8755.
Memory consumption went from 231.0 MB to 229.4 MB.
Total: 50.322200 ms (FindLiveObjects: 0.793500 ms CreateObjectMapping: 0.345200 ms MarkObjects: 48.554300 ms  DeleteObjects: 0.626900 ms)

Prepare: number of updated asset objects reloaded= 1
AssetImportParameters requested are different than current active one (requested -> active):
  custom:container-demuxer-ogg: 62fdf1f143b41e24485cea50d1cbac27 -> 
  custom:framework-win-MediaFoundation: 216162199b28c13a410421893ffa2e32 -> 
  custom:container-muxer-webm: aa71ff27fc2769a1b78a27578f13a17b -> 
  custom:video-decoder-webm-vp8: 9c59270c3fd7afecdb556c50c9e8de78 -> 
  custom:SearchIndexIgnoredProperties: e643bd26f0fe6173181afceb89e7c659 -> 
  custom:AudioImporter_EditorPlatform: d09bf68614088b80899f8185d706f6e7 -> 
  custom:audio-decoder-ogg-vorbis: bf7c407c2cedff20999df2af8eb42d56 -> 
  custom:audio-encoder-webm-vorbis: bf7c407c2cedff20999df2af8eb42d56 -> 
  custom:video-decoder-ogg-theora: a1e56fd34408186e4bbccfd4996cb3dc -> 
  custom:CustomObjectIndexerAttribute: a3ef5dd2817f97addfee359851a9dba5 -> 
  custom:container-demuxer-webm: 4f35f7cbe854078d1ac9338744f61a02 -> 
  custom:video-encoder-webm-vp8: eb34c28f22e8b96e1ab97ce403110664 -> 
========================================================================
Received Import Request.
  Time since last request: 4241.645473 seconds.
  path: Assets/_Project/Prefabs/Car/Test.prefab
  artifactKey: Guid(8f040dddc0077f04789e70beb46e4ac7) Importer(815301076,1909f56bfc062723c751e8b465ee728b)
Start importing Assets/_Project/Prefabs/Car/Test.prefab using Guid(8f040dddc0077f04789e70beb46e4ac7) Importer(815301076,1909f56bfc062723c751e8b465ee728b)  -> (artifact id: '0a56b45e33851292b00494e93cbf7abc') in 0.390855 seconds
Number of updated asset objects reloaded before import = 0
Number of asset objects unloaded after import = 241
========================================================================
Received Prepare
Refreshing native plugins compatible for Editor in 6.20 ms, found 3 plugins.
Preloading 0 native plugins for Editor in 0.00 ms.
Unloading 15 Unused Serialized files (Serialized files now loaded: 0)
Unloading 17 unused Assets / (1.6 MB). Loaded Objects now: 8756.
Memory consumption went from 231.0 MB to 229.4 MB.
Total: 11.214500 ms (FindLiveObjects: 1.209500 ms CreateObjectMapping: 0.430600 ms MarkObjects: 9.024700 ms  DeleteObjects: 0.548100 ms)

Prepare: number of updated asset objects reloaded= 0
AssetImportParameters requested are different than current active one (requested -> active):
  custom:container-demuxer-ogg: 62fdf1f143b41e24485cea50d1cbac27 -> 
  custom:framework-win-MediaFoundation: 216162199b28c13a410421893ffa2e32 -> 
  custom:container-muxer-webm: aa71ff27fc2769a1b78a27578f13a17b -> 
  custom:video-decoder-webm-vp8: 9c59270c3fd7afecdb556c50c9e8de78 -> 
  custom:SearchIndexIgnoredProperties: e643bd26f0fe6173181afceb89e7c659 -> 
  custom:AudioImporter_EditorPlatform: d09bf68614088b80899f8185d706f6e7 -> 
  custom:audio-decoder-ogg-vorbis: bf7c407c2cedff20999df2af8eb42d56 -> 
  custom:audio-encoder-webm-vorbis: bf7c407c2cedff20999df2af8eb42d56 -> 
  custom:video-decoder-ogg-theora: a1e56fd34408186e4bbccfd4996cb3dc -> 
  custom:CustomObjectIndexerAttribute: a3ef5dd2817f97addfee359851a9dba5 -> 
  custom:container-demuxer-webm: 4f35f7cbe854078d1ac9338744f61a02 -> 
  custom:video-encoder-webm-vp8: eb34c28f22e8b96e1ab97ce403110664 -> 
========================================================================
Received Import Request.
  Time since last request: 317.505465 seconds.
  path: Assets/_Project/Scripts/Car/CarController.cs
  artifactKey: Guid(81b7345a86d089a49bfcec56276c9e6b) Importer(815301076,1909f56bfc062723c751e8b465ee728b)
Start importing Assets/_Project/Scripts/Car/CarController.cs using Guid(81b7345a86d089a49bfcec56276c9e6b) Importer(815301076,1909f56bfc062723c751e8b465ee728b)  -> (artifact id: '9798b6fba7e967785b777f0e68b74239') in 0.014521 seconds
Number of updated asset objects reloaded before import = 0
Number of asset objects unloaded after import = 0
========================================================================
Received Import Request.
  Time since last request: 43.179398 seconds.
  path: Assets/_Project/Sprites/Fire.png
  artifactKey: Guid(a8631506b1fb1f94c9607089bb8edaa1) Importer(815301076,1909f56bfc062723c751e8b465ee728b)
Start importing Assets/_Project/Sprites/Fire.png using Guid(a8631506b1fb1f94c9607089bb8edaa1) Importer(815301076,1909f56bfc062723c751e8b465ee728b)  -> (artifact id: '5513039fba6044df96969f7bbd0ee669') in 0.433799 seconds
Number of updated asset objects reloaded before import = 0
Number of asset objects unloaded after import = 2
========================================================================
Received Import Request.
  Time since last request: 0.000040 seconds.
  path: Assets/_Project/Sprites/White64x64.png
  artifactKey: Guid(6ad3138cfdbf5404fb0c6e355492bc15) Importer(815301076,1909f56bfc062723c751e8b465ee728b)
Start importing Assets/_Project/Sprites/White64x64.png using Guid(6ad3138cfdbf5404fb0c6e355492bc15) Importer(815301076,1909f56bfc062723c751e8b465ee728b)  -> (artifact id: '6646c1042fb91288da58497d914b571e') in 0.029325 seconds
Number of updated asset objects reloaded before import = 0
Number of asset objects unloaded after import = 2
========================================================================
Received Import Request.
  Time since last request: 0.000095 seconds.
  path: Assets/_Project/Sprites/FireBall01_8x8.tga
  artifactKey: Guid(0b0a7d7c753808b4880d3fc0b1636ebc) Importer(815301076,1909f56bfc062723c751e8b465ee728b)
Start importing Assets/_Project/Sprites/FireBall01_8x8.tga using Guid(0b0a7d7c753808b4880d3fc0b1636ebc) Importer(815301076,1909f56bfc062723c751e8b465ee728b)  -> (artifact id: '5c9ecfacd500e3dbf951e9019cf9c2a4') in 0.032209 seconds
Number of updated asset objects reloaded before import = 0
Number of asset objects unloaded after import = 2
========================================================================
Received Import Request.
  Time since last request: 0.000058 seconds.
  path: Assets/_Project/Sprites/FireBall01_8x8.exr
  artifactKey: Guid(e496e10f1c344f64286a19c88ed2fe7f) Importer(815301076,1909f56bfc062723c751e8b465ee728b)
Start importing Assets/_Project/Sprites/FireBall01_8x8.exr using Guid(e496e10f1c344f64286a19c88ed2fe7f) Importer(815301076,1909f56bfc062723c751e8b465ee728b)  -> (artifact id: '06a84b46e2fa22af983fa5b6dcb68680') in 0.046677 seconds
Number of updated asset objects reloaded before import = 0
Number of asset objects unloaded after import = 2
========================================================================
Received Import Request.
  Time since last request: 0.000030 seconds.
  path: Assets/_Project/Sprites/player_indicator.png
  artifactKey: Guid(a21b5fbd325e3464a8dfcb34555e2ea4) Importer(815301076,1909f56bfc062723c751e8b465ee728b)
Start importing Assets/_Project/Sprites/player_indicator.png using Guid(a21b5fbd325e3464a8dfcb34555e2ea4) Importer(815301076,1909f56bfc062723c751e8b465ee728b)  -> (artifact id: '03f1a5385d4099bb4d38481ffb7a46f1') in 0.237410 seconds
Number of updated asset objects reloaded before import = 0
Number of asset objects unloaded after import = 3
========================================================================
Received Import Request.
  Time since last request: 0.000036 seconds.
  path: Assets/_Project/Sprites/Minimap.png
  artifactKey: Guid(791d7de7aaec2c64cbc93634c22ae89e) Importer(815301076,1909f56bfc062723c751e8b465ee728b)
Start importing Assets/_Project/Sprites/Minimap.png using Guid(791d7de7aaec2c64cbc93634c22ae89e) Importer(815301076,1909f56bfc062723c751e8b465ee728b)  -> (artifact id: '8d21764f7b970adcb1dc6fcc20374b2b') in 0.031049 seconds
Number of updated asset objects reloaded before import = 0
Number of asset objects unloaded after import = 3
========================================================================
Received Import Request.
  Time since last request: 0.000067 seconds.
  path: Assets/_Project/Sprites/FireBall01-temperature_8x8.exr
  artifactKey: Guid(b5e48972dfb1c064aa621c739f6db99d) Importer(815301076,1909f56bfc062723c751e8b465ee728b)
Start importing Assets/_Project/Sprites/FireBall01-temperature_8x8.exr using Guid(b5e48972dfb1c064aa621c739f6db99d) Importer(815301076,1909f56bfc062723c751e8b465ee728b)  -> (artifact id: 'aa7f6288e94df075b5f846bcb65eadde') in 0.039264 seconds
Number of updated asset objects reloaded before import = 0
Number of asset objects unloaded after import = 2
========================================================================
Received Import Request.
  Time since last request: 0.000036 seconds.
  path: Assets/_Project/Sprites/White64x64_Sprite.png
  artifactKey: Guid(2429c4bb8ff09dc46bf1654943d11249) Importer(815301076,1909f56bfc062723c751e8b465ee728b)
Start importing Assets/_Project/Sprites/White64x64_Sprite.png using Guid(2429c4bb8ff09dc46bf1654943d11249) Importer(815301076,1909f56bfc062723c751e8b465ee728b)  -> (artifact id: '871e94963f1a76840f6bda29cb442e01') in 0.035186 seconds
Number of updated asset objects reloaded before import = 0
Number of asset objects unloaded after import = 3
========================================================================
Received Import Request.
  Time since last request: 0.000580 seconds.
  path: Assets/_Project/Sprites/SpeedBoard.jpg
  artifactKey: Guid(0c16305e816445a45819bf81d657645e) Importer(815301076,1909f56bfc062723c751e8b465ee728b)
Start importing Assets/_Project/Sprites/SpeedBoard.jpg using Guid(0c16305e816445a45819bf81d657645e) Importer(815301076,1909f56bfc062723c751e8b465ee728b)  -> (artifact id: 'e502466c960370cca18d5f1c138fbb19') in 0.027354 seconds
Number of updated asset objects reloaded before import = 0
Number of asset objects unloaded after import = 2
========================================================================
Received Import Request.
  Time since last request: 58.222981 seconds.
  path: Assets/_Project/Prefabs/Car/Test.prefab
  artifactKey: Guid(8f040dddc0077f04789e70beb46e4ac7) Importer(815301076,1909f56bfc062723c751e8b465ee728b)
Start importing Assets/_Project/Prefabs/Car/Test.prefab using Guid(8f040dddc0077f04789e70beb46e4ac7) Importer(815301076,1909f56bfc062723c751e8b465ee728b)  -> (artifact id: '81ac60bbc1205a2935acf091e891f9f2') in 0.254607 seconds
Number of updated asset objects reloaded before import = 0
Number of asset objects unloaded after import = 241
