Using pre-set license
Built from '2022.3/staging' branch; Version is '2022.3.14f1 (eff2de9070d8) revision 15725278'; Using compiler version '192829333'; Build Type 'Release'
OS: 'Windows 11  (10.0.22631) 64bit CoreSingleLanguage' Language: 'en' Physical Memory: 7893 MB
BatchMode: 1, IsHumanControllingUs: 0, StartBugReporterOnCrash: 0, Is64bit: 1, IsPro: 1

COMMAND LINE ARGUMENTS:
C:\Program Files\Unity\Hub\Editor\2022.3.14f1\Editor\Unity.exe
-adb2
-batchMode
-noUpm
-name
AssetImportWorker13
-projectPath
E:/Unity/CarRacingGame3d
-logFile
Logs/AssetImportWorker13.log
-srvPort
61216
Successfully changed project path to: E:/Unity/CarRacingGame3d
E:/Unity/CarRacingGame3d
[UnityMemory] Configuration Parameters - Can be set up in boot.config
    "memorysetup-bucket-allocator-granularity=16"
    "memorysetup-bucket-allocator-bucket-count=8"
    "memorysetup-bucket-allocator-block-size=33554432"
    "memorysetup-bucket-allocator-block-count=8"
    "memorysetup-main-allocator-block-size=16777216"
    "memorysetup-thread-allocator-block-size=16777216"
    "memorysetup-gfx-main-allocator-block-size=16777216"
    "memorysetup-gfx-thread-allocator-block-size=16777216"
    "memorysetup-cache-allocator-block-size=4194304"
    "memorysetup-typetree-allocator-block-size=2097152"
    "memorysetup-profiler-bucket-allocator-granularity=16"
    "memorysetup-profiler-bucket-allocator-bucket-count=8"
    "memorysetup-profiler-bucket-allocator-block-size=33554432"
    "memorysetup-profiler-bucket-allocator-block-count=8"
    "memorysetup-profiler-allocator-block-size=16777216"
    "memorysetup-profiler-editor-allocator-block-size=1048576"
    "memorysetup-temp-allocator-size-main=16777216"
    "memorysetup-job-temp-allocator-block-size=2097152"
    "memorysetup-job-temp-allocator-block-size-background=1048576"
    "memorysetup-job-temp-allocator-reduction-small-platforms=262144"
    "memorysetup-allocator-temp-initial-block-size-main=262144"
    "memorysetup-allocator-temp-initial-block-size-worker=262144"
    "memorysetup-temp-allocator-size-background-worker=32768"
    "memorysetup-temp-allocator-size-job-worker=262144"
    "memorysetup-temp-allocator-size-preload-manager=33554432"
    "memorysetup-temp-allocator-size-nav-mesh-worker=65536"
    "memorysetup-temp-allocator-size-audio-worker=65536"
    "memorysetup-temp-allocator-size-cloud-worker=32768"
    "memorysetup-temp-allocator-size-gi-baking-worker=262144"
    "memorysetup-temp-allocator-size-gfx=262144"
Player connection [26832] Host "[IP] 26.11.86.131 [Port] 0 [Flags] 2 [Guid] 1779311525 [EditorId] 1779311525 [Version] 1048832 [Id] WindowsEditor(7,MSI) [Debug] 1 [PackageName] WindowsEditor [ProjectName] Editor" joined multi-casting on [225.0.0.222:54997]...

Player connection [26832] Host "[IP] 26.11.86.131 [Port] 0 [Flags] 2 [Guid] 1779311525 [EditorId] 1779311525 [Version] 1048832 [Id] WindowsEditor(7,MSI) [Debug] 1 [PackageName] WindowsEditor [ProjectName] Editor" joined alternative multi-casting on [225.0.0.222:34997]...

[Physics::Module] Initialized MultithreadedJobDispatcher with 11 workers.
Refreshing native plugins compatible for Editor in 12.84 ms, found 3 plugins.
Preloading 0 native plugins for Editor in 0.00 ms.
Initialize engine version: 2022.3.14f1 (eff2de9070d8)
[Subsystems] Discovering subsystems at path C:/Program Files/Unity/Hub/Editor/2022.3.14f1/Editor/Data/Resources/UnitySubsystems
[Subsystems] Discovering subsystems at path E:/Unity/CarRacingGame3d/Assets
GfxDevice: creating device client; threaded=0; jobified=0
Direct3D:
    Version:  Direct3D 11.0 [level 11.1]
    Renderer: NVIDIA GeForce GTX 1650 with Max-Q Design (ID=0x1f9d)
    Vendor:   NVIDIA
    VRAM:     3953 MB
    Driver:   31.0.15.4621
Initialize mono
Mono path[0] = 'C:/Program Files/Unity/Hub/Editor/2022.3.14f1/Editor/Data/Managed'
Mono path[1] = 'C:/Program Files/Unity/Hub/Editor/2022.3.14f1/Editor/Data/MonoBleedingEdge/lib/mono/unityjit-win32'
Mono config path = 'C:/Program Files/Unity/Hub/Editor/2022.3.14f1/Editor/Data/MonoBleedingEdge/etc'
Using monoOptions --debugger-agent=transport=dt_socket,embedding=1,server=y,suspend=n,address=127.0.0.1:56732
Begin MonoManager ReloadAssembly
Registering precompiled unity dll's ...
Register platform support module: C:/Program Files/Unity/Hub/Editor/2022.3.14f1/Editor/Data/PlaybackEngines/WindowsStandaloneSupport/UnityEditor.WindowsStandalone.Extensions.dll
Registered in 0.004752 seconds.
- Loaded All Assemblies, in  0.288 seconds
Native extension for WindowsStandalone target not found
Mono: successfully reloaded assembly
- Finished resetting the current domain, in  0.205 seconds
Domain Reload Profiling: 492ms
	BeginReloadAssembly (85ms)
		ExecutionOrderSort (0ms)
		DisableScriptedObjects (0ms)
		BackupInstance (0ms)
		ReleaseScriptingObjects (0ms)
		CreateAndSetChildDomain (1ms)
	RebuildCommonClasses (28ms)
	RebuildNativeTypeToScriptingClass (8ms)
	initialDomainReloadingComplete (45ms)
	LoadAllAssembliesAndSetupDomain (121ms)
		LoadAssemblies (83ms)
		RebuildTransferFunctionScriptingTraits (0ms)
		AnalyzeDomain (119ms)
			TypeCache.Refresh (118ms)
				TypeCache.ScanAssembly (107ms)
			ScanForSourceGeneratedMonoScriptInfo (0ms)
			ResolveRequiredComponents (0ms)
	FinalizeReload (205ms)
		ReleaseScriptCaches (0ms)
		RebuildScriptCaches (0ms)
		SetupLoadedEditorAssemblies (158ms)
			LogAssemblyErrors (0ms)
			InitializePlatformSupportModulesInManaged (7ms)
			SetLoadedEditorAssemblies (6ms)
			RefreshPlugins (0ms)
			BeforeProcessingInitializeOnLoad (2ms)
			ProcessInitializeOnLoadAttributes (103ms)
			ProcessInitializeOnLoadMethodAttributes (41ms)
			AfterProcessingInitializeOnLoad (0ms)
			EditorAssembliesLoaded (0ms)
		ExecutionOrderSort2 (0ms)
		AwakeInstancesAfterBackupRestoration (0ms)
========================================================================
Worker process is ready to serve import requests
Begin MonoManager ReloadAssembly
Symbol file LoadedFromMemory is not a mono symbol file
- Loaded All Assemblies, in  1.127 seconds
Refreshing native plugins compatible for Editor in 5.41 ms, found 3 plugins.
Native extension for WindowsStandalone target not found
Package Manager log level set to [2]
[Package Manager] Server::EnsureServerProcessIsRunning -- launch failed, reason: Unity was launched with the -noUpm command-line argument
[Package Manager] UpmClient::Send -- Unable to send message (not connected to UPM process).
[Package Manager] Cannot connect to Unity Package Manager local server
[Package Manager] Server::EnsureServerProcessIsRunning -- launch failed, reason: Unity was launched with the -noUpm command-line argument
[Package Manager] UpmClient::Send -- Unable to send message (not connected to UPM process).
[Package Manager] Cannot connect to Unity Package Manager local server
Mono: successfully reloaded assembly
- Finished resetting the current domain, in  0.962 seconds
Domain Reload Profiling: 2087ms
	BeginReloadAssembly (119ms)
		ExecutionOrderSort (0ms)
		DisableScriptedObjects (4ms)
		BackupInstance (0ms)
		ReleaseScriptingObjects (0ms)
		CreateAndSetChildDomain (18ms)
	RebuildCommonClasses (26ms)
	RebuildNativeTypeToScriptingClass (9ms)
	initialDomainReloadingComplete (36ms)
	LoadAllAssembliesAndSetupDomain (934ms)
		LoadAssemblies (720ms)
		RebuildTransferFunctionScriptingTraits (0ms)
		AnalyzeDomain (281ms)
			TypeCache.Refresh (230ms)
				TypeCache.ScanAssembly (208ms)
			ScanForSourceGeneratedMonoScriptInfo (39ms)
			ResolveRequiredComponents (10ms)
	FinalizeReload (962ms)
		ReleaseScriptCaches (0ms)
		RebuildScriptCaches (0ms)
		SetupLoadedEditorAssemblies (802ms)
			LogAssemblyErrors (0ms)
			InitializePlatformSupportModulesInManaged (5ms)
			SetLoadedEditorAssemblies (5ms)
			RefreshPlugins (0ms)
			BeforeProcessingInitializeOnLoad (86ms)
			ProcessInitializeOnLoadAttributes (545ms)
			ProcessInitializeOnLoadMethodAttributes (155ms)
			AfterProcessingInitializeOnLoad (5ms)
			EditorAssembliesLoaded (0ms)
		ExecutionOrderSort2 (0ms)
		AwakeInstancesAfterBackupRestoration (5ms)
Launched and connected shader compiler UnityShaderCompiler.exe after 0.04 seconds
Refreshing native plugins compatible for Editor in 6.36 ms, found 3 plugins.
Preloading 0 native plugins for Editor in 0.00 ms.
Unloading 8057 Unused Serialized files (Serialized files now loaded: 0)
Unloading 160 unused Assets / (1.6 MB). Loaded Objects now: 8622.
Memory consumption went from 384.5 MB to 382.9 MB.
Total: 9.003700 ms (FindLiveObjects: 0.753100 ms CreateObjectMapping: 0.303900 ms MarkObjects: 7.263000 ms  DeleteObjects: 0.682400 ms)

AssetImportParameters requested are different than current active one (requested -> active):
  custom:container-demuxer-ogg: 62fdf1f143b41e24485cea50d1cbac27 -> 
  custom:framework-win-MediaFoundation: 216162199b28c13a410421893ffa2e32 -> 
  custom:container-muxer-webm: aa71ff27fc2769a1b78a27578f13a17b -> 
  custom:video-decoder-webm-vp8: 9c59270c3fd7afecdb556c50c9e8de78 -> 
  custom:SearchIndexIgnoredProperties: e643bd26f0fe6173181afceb89e7c659 -> 
  custom:AudioImporter_EditorPlatform: d09bf68614088b80899f8185d706f6e7 -> 
  custom:audio-decoder-ogg-vorbis: bf7c407c2cedff20999df2af8eb42d56 -> 
  custom:audio-encoder-webm-vorbis: bf7c407c2cedff20999df2af8eb42d56 -> 
  custom:video-decoder-ogg-theora: a1e56fd34408186e4bbccfd4996cb3dc -> 
  custom:CustomObjectIndexerAttribute: a3ef5dd2817f97addfee359851a9dba5 -> 
  custom:container-demuxer-webm: 4f35f7cbe854078d1ac9338744f61a02 -> 
  custom:video-encoder-webm-vp8: eb34c28f22e8b96e1ab97ce403110664 -> 
========================================================================
Received Import Request.
  Time since last request: 93768.459699 seconds.
  path: Assets/Ash Assets/Rally Cars/Models/color.mat
  artifactKey: Guid(280d011ba208e7643a64f57bab120712) Importer(815301076,1909f56bfc062723c751e8b465ee728b)
Start importing Assets/Ash Assets/Rally Cars/Models/color.mat using Guid(280d011ba208e7643a64f57bab120712) Importer(815301076,1909f56bfc062723c751e8b465ee728b)  -> (artifact id: '68d78fabea85c59e0ad5f54872cc1f73') in 0.341518 seconds
Number of updated asset objects reloaded before import = 0
Number of asset objects unloaded after import = 3
========================================================================
Received Import Request.
  Time since last request: 194.375827 seconds.
  path: Assets/Ash Assets/Rally Cars/Prefabs/Rally Cars/Citroeen_C4_WRC.prefab
  artifactKey: Guid(8233aae5745f87f4b9e2596bfa36609d) Importer(815301076,1909f56bfc062723c751e8b465ee728b)
Start importing Assets/Ash Assets/Rally Cars/Prefabs/Rally Cars/Citroeen_C4_WRC.prefab using Guid(8233aae5745f87f4b9e2596bfa36609d) Importer(815301076,1909f56bfc062723c751e8b465ee728b)  -> (artifact id: 'ea16cc560a2c5814a71bc8f74f49dbc1') in 0.049541 seconds
Number of updated asset objects reloaded before import = 0
Number of asset objects unloaded after import = 44
========================================================================
Received Import Request.
  Time since last request: 0.000034 seconds.
  path: Assets/Ash Assets/Rally Cars/Prefabs/Rally Cars/Fordd_Focus_RS_WRC.prefab
  artifactKey: Guid(c473ac96c31493b4d9f2096ede26dfdf) Importer(815301076,1909f56bfc062723c751e8b465ee728b)
Start importing Assets/Ash Assets/Rally Cars/Prefabs/Rally Cars/Fordd_Focus_RS_WRC.prefab using Guid(c473ac96c31493b4d9f2096ede26dfdf) Importer(815301076,1909f56bfc062723c751e8b465ee728b)  -> (artifact id: '67bc912acbb4a99ea12e3133b2cc4f76') in 0.027444 seconds
Number of updated asset objects reloaded before import = 0
Number of asset objects unloaded after import = 44
========================================================================
Received Import Request.
  Time since last request: 0.000031 seconds.
  path: Assets/Ash Assets/Rally Cars/Prefabs/Rally Cars/MG_Metrro_6R4.prefab
  artifactKey: Guid(39deda189b5d1804a9e1f96533784520) Importer(815301076,1909f56bfc062723c751e8b465ee728b)
Start importing Assets/Ash Assets/Rally Cars/Prefabs/Rally Cars/MG_Metrro_6R4.prefab using Guid(39deda189b5d1804a9e1f96533784520) Importer(815301076,1909f56bfc062723c751e8b465ee728b)  -> (artifact id: 'b73e99f6d40a536b09d263859f5235bb') in 0.024330 seconds
Number of updated asset objects reloaded before import = 0
Number of asset objects unloaded after import = 44
========================================================================
Received Import Request.
  Time since last request: 0.000090 seconds.
  path: Assets/Ash Assets/Rally Cars/Prefabs/Rally Cars/Fiatt_131.prefab
  artifactKey: Guid(92dc9059c105be646920e7793f7b87ad) Importer(815301076,1909f56bfc062723c751e8b465ee728b)
Start importing Assets/Ash Assets/Rally Cars/Prefabs/Rally Cars/Fiatt_131.prefab using Guid(92dc9059c105be646920e7793f7b87ad) Importer(815301076,1909f56bfc062723c751e8b465ee728b)  -> (artifact id: '125327499afe8c8ab2f24c38be916c53') in 0.022819 seconds
Number of updated asset objects reloaded before import = 0
Number of asset objects unloaded after import = 44
========================================================================
Received Import Request.
  Time since last request: 0.000029 seconds.
  path: Assets/Ash Assets/Rally Cars/Prefabs/Rally Cars/Porschee_959_Paris_Dakar.prefab
  artifactKey: Guid(ddbc2a8f0959f5f4995e0c6bfd1d8d2b) Importer(815301076,1909f56bfc062723c751e8b465ee728b)
Start importing Assets/Ash Assets/Rally Cars/Prefabs/Rally Cars/Porschee_959_Paris_Dakar.prefab using Guid(ddbc2a8f0959f5f4995e0c6bfd1d8d2b) Importer(815301076,1909f56bfc062723c751e8b465ee728b)  -> (artifact id: 'abbe7e553c572ea06c977b35cb2612d0') in 0.023814 seconds
Number of updated asset objects reloaded before import = 0
Number of asset objects unloaded after import = 44
========================================================================
Received Import Request.
  Time since last request: 0.000044 seconds.
  path: Assets/Ash Assets/Rally Cars/Prefabs/Rally Cars/Oppel_Asconna_A.prefab
  artifactKey: Guid(a0130296251532147a9827c13d906555) Importer(815301076,1909f56bfc062723c751e8b465ee728b)
Start importing Assets/Ash Assets/Rally Cars/Prefabs/Rally Cars/Oppel_Asconna_A.prefab using Guid(a0130296251532147a9827c13d906555) Importer(815301076,1909f56bfc062723c751e8b465ee728b)  -> (artifact id: '965144337a3129f7b193bf80412b4bd7') in 0.020441 seconds
Number of updated asset objects reloaded before import = 0
Number of asset objects unloaded after import = 44
========================================================================
Received Import Request.
  Time since last request: 0.000041 seconds.
  path: Assets/Ash Assets/Rally Cars/Prefabs/Rally Cars/Moris_Mini_Cooper.prefab
  artifactKey: Guid(d75f43f834177b847ab9b9b1e0de4487) Importer(815301076,1909f56bfc062723c751e8b465ee728b)
Start importing Assets/Ash Assets/Rally Cars/Prefabs/Rally Cars/Moris_Mini_Cooper.prefab using Guid(d75f43f834177b847ab9b9b1e0de4487) Importer(815301076,1909f56bfc062723c751e8b465ee728b)  -> (artifact id: '2234b7fc44e681b99d0ee0ebb7c57db5') in 0.020489 seconds
Number of updated asset objects reloaded before import = 0
Number of asset objects unloaded after import = 44
========================================================================
Received Import Request.
  Time since last request: 0.000025 seconds.
  path: Assets/Ash Assets/Rally Cars/Prefabs/Rally Cars/Toyotta_Celicca_GT.prefab
  artifactKey: Guid(2a549c2686625ac47af48a43cf1d32b9) Importer(815301076,1909f56bfc062723c751e8b465ee728b)
Start importing Assets/Ash Assets/Rally Cars/Prefabs/Rally Cars/Toyotta_Celicca_GT.prefab using Guid(2a549c2686625ac47af48a43cf1d32b9) Importer(815301076,1909f56bfc062723c751e8b465ee728b)  -> (artifact id: '6fc55ab4e8ed7b500a862bf19559bf21') in 0.021896 seconds
Number of updated asset objects reloaded before import = 0
Number of asset objects unloaded after import = 44
========================================================================
Received Import Request.
  Time since last request: 0.000051 seconds.
  path: Assets/Ash Assets/Rally Cars/Prefabs/Rally Cars/peugeott_205.prefab
  artifactKey: Guid(17e1e325f25c05b49b9e2302758eeeee) Importer(815301076,1909f56bfc062723c751e8b465ee728b)
Start importing Assets/Ash Assets/Rally Cars/Prefabs/Rally Cars/peugeott_205.prefab using Guid(17e1e325f25c05b49b9e2302758eeeee) Importer(815301076,1909f56bfc062723c751e8b465ee728b)  -> (artifact id: '3526fec87d9df2d04c012fb980eb6ccf') in 0.021912 seconds
Number of updated asset objects reloaded before import = 0
Number of asset objects unloaded after import = 44
========================================================================
Received Import Request.
  Time since last request: 0.000023 seconds.
  path: Assets/Ash Assets/Rally Cars/Prefabs/Rally Cars/Subaruu_Impreeza_WRC.prefab
  artifactKey: Guid(84365073985f8be44ba9814dbf4f7659) Importer(815301076,1909f56bfc062723c751e8b465ee728b)
Start importing Assets/Ash Assets/Rally Cars/Prefabs/Rally Cars/Subaruu_Impreeza_WRC.prefab using Guid(84365073985f8be44ba9814dbf4f7659) Importer(815301076,1909f56bfc062723c751e8b465ee728b)  -> (artifact id: '41ab4bb56402003a6f1a8378f38ea780') in 0.021497 seconds
Number of updated asset objects reloaded before import = 0
Number of asset objects unloaded after import = 44
Editor requested this worker to shutdown with reason: Scaling down because of idle timeout
TcpMessagingSession - receive error: operation aborted. errorcode: 995, details: The I/O operation has been aborted because of either a thread exit or an application request.
AssetImportWorker is now disconnected from the server
Process exiting
Exiting without the bug reporter. Application will terminate with return code 0