Using pre-set license
Built from '2022.3/staging' branch; Version is '2022.3.14f1 (eff2de9070d8) revision 15725278'; Using compiler version '192829333'; Build Type 'Release'
OS: 'Windows 11  (10.0.22631) 64bit CoreSingleLanguage' Language: 'en' Physical Memory: 7893 MB
BatchMode: 1, IsHumanControllingUs: 0, StartBugReporterOnCrash: 0, Is64bit: 1, IsPro: 1

COMMAND LINE ARGUMENTS:
C:\Program Files\Unity\Hub\Editor\2022.3.14f1\Editor\Unity.exe
-adb2
-batchMode
-noUpm
-name
AssetImportWorker6
-projectPath
E:/Unity/CarRacingGame3d
-logFile
Logs/AssetImportWorker6.log
-srvPort
58316
Successfully changed project path to: E:/Unity/CarRacingGame3d
E:/Unity/CarRacingGame3d
[UnityMemory] Configuration Parameters - Can be set up in boot.config
    "memorysetup-bucket-allocator-granularity=16"
    "memorysetup-bucket-allocator-bucket-count=8"
    "memorysetup-bucket-allocator-block-size=33554432"
    "memorysetup-bucket-allocator-block-count=8"
    "memorysetup-main-allocator-block-size=16777216"
    "memorysetup-thread-allocator-block-size=16777216"
    "memorysetup-gfx-main-allocator-block-size=16777216"
    "memorysetup-gfx-thread-allocator-block-size=16777216"
    "memorysetup-cache-allocator-block-size=4194304"
    "memorysetup-typetree-allocator-block-size=2097152"
    "memorysetup-profiler-bucket-allocator-granularity=16"
    "memorysetup-profiler-bucket-allocator-bucket-count=8"
    "memorysetup-profiler-bucket-allocator-block-size=33554432"
    "memorysetup-profiler-bucket-allocator-block-count=8"
    "memorysetup-profiler-allocator-block-size=16777216"
    "memorysetup-profiler-editor-allocator-block-size=1048576"
    "memorysetup-temp-allocator-size-main=16777216"
    "memorysetup-job-temp-allocator-block-size=2097152"
    "memorysetup-job-temp-allocator-block-size-background=1048576"
    "memorysetup-job-temp-allocator-reduction-small-platforms=262144"
    "memorysetup-allocator-temp-initial-block-size-main=262144"
    "memorysetup-allocator-temp-initial-block-size-worker=262144"
    "memorysetup-temp-allocator-size-background-worker=32768"
    "memorysetup-temp-allocator-size-job-worker=262144"
    "memorysetup-temp-allocator-size-preload-manager=33554432"
    "memorysetup-temp-allocator-size-nav-mesh-worker=65536"
    "memorysetup-temp-allocator-size-audio-worker=65536"
    "memorysetup-temp-allocator-size-cloud-worker=32768"
    "memorysetup-temp-allocator-size-gi-baking-worker=262144"
    "memorysetup-temp-allocator-size-gfx=262144"
Player connection [14524] Host "[IP] 192.168.1.13 [Port] 0 [Flags] 2 [Guid] 3267946004 [EditorId] 3267946004 [Version] 1048832 [Id] WindowsEditor(7,MSI) [Debug] 1 [PackageName] WindowsEditor [ProjectName] Editor" joined multi-casting on [225.0.0.222:54997]...

Player connection [14524] Host "[IP] 192.168.1.13 [Port] 0 [Flags] 2 [Guid] 3267946004 [EditorId] 3267946004 [Version] 1048832 [Id] WindowsEditor(7,MSI) [Debug] 1 [PackageName] WindowsEditor [ProjectName] Editor" joined alternative multi-casting on [225.0.0.222:34997]...

[Physics::Module] Initialized MultithreadedJobDispatcher with 11 workers.
Refreshing native plugins compatible for Editor in 16.68 ms, found 3 plugins.
Preloading 0 native plugins for Editor in 0.00 ms.
Initialize engine version: 2022.3.14f1 (eff2de9070d8)
[Subsystems] Discovering subsystems at path C:/Program Files/Unity/Hub/Editor/2022.3.14f1/Editor/Data/Resources/UnitySubsystems
[Subsystems] Discovering subsystems at path E:/Unity/CarRacingGame3d/Assets
GfxDevice: creating device client; threaded=0; jobified=0
Direct3D:
    Version:  Direct3D 11.0 [level 11.1]
    Renderer: NVIDIA GeForce GTX 1650 with Max-Q Design (ID=0x1f9d)
    Vendor:   NVIDIA
    VRAM:     3953 MB
    Driver:   31.0.15.4632
Initialize mono
Mono path[0] = 'C:/Program Files/Unity/Hub/Editor/2022.3.14f1/Editor/Data/Managed'
Mono path[1] = 'C:/Program Files/Unity/Hub/Editor/2022.3.14f1/Editor/Data/MonoBleedingEdge/lib/mono/unityjit-win32'
Mono config path = 'C:/Program Files/Unity/Hub/Editor/2022.3.14f1/Editor/Data/MonoBleedingEdge/etc'
Using monoOptions --debugger-agent=transport=dt_socket,embedding=1,server=y,suspend=n,address=127.0.0.1:56732
Begin MonoManager ReloadAssembly
Registering precompiled unity dll's ...
Register platform support module: C:/Program Files/Unity/Hub/Editor/2022.3.14f1/Editor/Data/PlaybackEngines/WindowsStandaloneSupport/UnityEditor.WindowsStandalone.Extensions.dll
Registered in 0.009245 seconds.
- Loaded All Assemblies, in  0.511 seconds
Native extension for WindowsStandalone target not found
Mono: successfully reloaded assembly
- Finished resetting the current domain, in  0.239 seconds
Domain Reload Profiling: 748ms
	BeginReloadAssembly (236ms)
		ExecutionOrderSort (0ms)
		DisableScriptedObjects (0ms)
		BackupInstance (0ms)
		ReleaseScriptingObjects (0ms)
		CreateAndSetChildDomain (2ms)
	RebuildCommonClasses (50ms)
	RebuildNativeTypeToScriptingClass (12ms)
	initialDomainReloadingComplete (72ms)
	LoadAllAssembliesAndSetupDomain (139ms)
		LoadAssemblies (230ms)
		RebuildTransferFunctionScriptingTraits (0ms)
		AnalyzeDomain (135ms)
			TypeCache.Refresh (133ms)
				TypeCache.ScanAssembly (115ms)
			ScanForSourceGeneratedMonoScriptInfo (1ms)
			ResolveRequiredComponents (1ms)
	FinalizeReload (240ms)
		ReleaseScriptCaches (0ms)
		RebuildScriptCaches (0ms)
		SetupLoadedEditorAssemblies (188ms)
			LogAssemblyErrors (0ms)
			InitializePlatformSupportModulesInManaged (9ms)
			SetLoadedEditorAssemblies (8ms)
			RefreshPlugins (0ms)
			BeforeProcessingInitializeOnLoad (3ms)
			ProcessInitializeOnLoadAttributes (122ms)
			ProcessInitializeOnLoadMethodAttributes (46ms)
			AfterProcessingInitializeOnLoad (0ms)
			EditorAssembliesLoaded (1ms)
		ExecutionOrderSort2 (0ms)
		AwakeInstancesAfterBackupRestoration (0ms)
========================================================================
Worker process is ready to serve import requests
Begin MonoManager ReloadAssembly
Symbol file LoadedFromMemory is not a mono symbol file
- Loaded All Assemblies, in  1.163 seconds
Refreshing native plugins compatible for Editor in 11.34 ms, found 3 plugins.
Native extension for WindowsStandalone target not found
Package Manager log level set to [2]
[Package Manager] Server::EnsureServerProcessIsRunning -- launch failed, reason: Unity was launched with the -noUpm command-line argument
[Package Manager] UpmClient::Send -- Unable to send message (not connected to UPM process).
[Package Manager] Cannot connect to Unity Package Manager local server
[Package Manager] Server::EnsureServerProcessIsRunning -- launch failed, reason: Unity was launched with the -noUpm command-line argument
[Package Manager] UpmClient::Send -- Unable to send message (not connected to UPM process).
[Package Manager] Cannot connect to Unity Package Manager local server
Mono: successfully reloaded assembly
- Finished resetting the current domain, in  0.978 seconds
Domain Reload Profiling: 2140ms
	BeginReloadAssembly (128ms)
		ExecutionOrderSort (0ms)
		DisableScriptedObjects (5ms)
		BackupInstance (0ms)
		ReleaseScriptingObjects (0ms)
		CreateAndSetChildDomain (21ms)
	RebuildCommonClasses (28ms)
	RebuildNativeTypeToScriptingClass (9ms)
	initialDomainReloadingComplete (60ms)
	LoadAllAssembliesAndSetupDomain (937ms)
		LoadAssemblies (674ms)
		RebuildTransferFunctionScriptingTraits (0ms)
		AnalyzeDomain (333ms)
			TypeCache.Refresh (281ms)
				TypeCache.ScanAssembly (254ms)
			ScanForSourceGeneratedMonoScriptInfo (39ms)
			ResolveRequiredComponents (11ms)
	FinalizeReload (979ms)
		ReleaseScriptCaches (0ms)
		RebuildScriptCaches (0ms)
		SetupLoadedEditorAssemblies (814ms)
			LogAssemblyErrors (0ms)
			InitializePlatformSupportModulesInManaged (4ms)
			SetLoadedEditorAssemblies (6ms)
			RefreshPlugins (0ms)
			BeforeProcessingInitializeOnLoad (97ms)
			ProcessInitializeOnLoadAttributes (545ms)
			ProcessInitializeOnLoadMethodAttributes (156ms)
			AfterProcessingInitializeOnLoad (5ms)
			EditorAssembliesLoaded (1ms)
		ExecutionOrderSort2 (0ms)
		AwakeInstancesAfterBackupRestoration (5ms)
Launched and connected shader compiler UnityShaderCompiler.exe after 0.07 seconds
Refreshing native plugins compatible for Editor in 7.18 ms, found 3 plugins.
Preloading 0 native plugins for Editor in 0.00 ms.
Unloading 8560 Unused Serialized files (Serialized files now loaded: 0)
Unloading 164 unused Assets / (1.7 MB). Loaded Objects now: 9141.
Memory consumption went from 403.9 MB to 402.3 MB.
Total: 9.734900 ms (FindLiveObjects: 0.741500 ms CreateObjectMapping: 0.344800 ms MarkObjects: 7.562700 ms  DeleteObjects: 1.084000 ms)

AssetImportParameters requested are different than current active one (requested -> active):
  custom:container-demuxer-ogg: 62fdf1f143b41e24485cea50d1cbac27 -> 
  custom:framework-win-MediaFoundation: 216162199b28c13a410421893ffa2e32 -> 
  custom:container-muxer-webm: aa71ff27fc2769a1b78a27578f13a17b -> 
  custom:video-decoder-webm-vp8: 9c59270c3fd7afecdb556c50c9e8de78 -> 
  custom:SearchIndexIgnoredProperties: e643bd26f0fe6173181afceb89e7c659 -> 
  custom:AudioImporter_EditorPlatform: d09bf68614088b80899f8185d706f6e7 -> 
  custom:audio-decoder-ogg-vorbis: bf7c407c2cedff20999df2af8eb42d56 -> 
  custom:audio-encoder-webm-vorbis: bf7c407c2cedff20999df2af8eb42d56 -> 
  custom:video-decoder-ogg-theora: a1e56fd34408186e4bbccfd4996cb3dc -> 
  custom:CustomObjectIndexerAttribute: a3ef5dd2817f97addfee359851a9dba5 -> 
  custom:container-demuxer-webm: 4f35f7cbe854078d1ac9338744f61a02 -> 
  custom:video-encoder-webm-vp8: eb34c28f22e8b96e1ab97ce403110664 -> 
========================================================================
Received Import Request.
  Time since last request: 1102523.723386 seconds.
  path: Assets/_Project/Lightings/Volume/2_CityNight.asset
  artifactKey: Guid(452dac2f82e01e0419a5b11856d21aa4) Importer(815301076,1909f56bfc062723c751e8b465ee728b)
Start importing Assets/_Project/Lightings/Volume/2_CityNight.asset using Guid(452dac2f82e01e0419a5b11856d21aa4) Importer(815301076,1909f56bfc062723c751e8b465ee728b)  -> (artifact id: '390b4dd130e1c273fec76add875728b6') in 0.040545 seconds
Number of updated asset objects reloaded before import = 0
Number of asset objects unloaded after import = 4
========================================================================
Received Import Request.
  Time since last request: 123.701823 seconds.
  path: Assets/USED RESOURCES/Fantasy Forest Set/Materials/oakTree_diffuse.mat
  artifactKey: Guid(e9782db59a9ffce4086840f202c9e5cf) Importer(815301076,1909f56bfc062723c751e8b465ee728b)
Start importing Assets/USED RESOURCES/Fantasy Forest Set/Materials/oakTree_diffuse.mat using Guid(e9782db59a9ffce4086840f202c9e5cf) Importer(815301076,1909f56bfc062723c751e8b465ee728b)  -> (artifact id: 'd549ff3b5e56f236f60412521d25d6fa') in 0.336992 seconds
Number of updated asset objects reloaded before import = 0
Number of asset objects unloaded after import = 3
========================================================================
Received Import Request.
  Time since last request: 9.044916 seconds.
  path: Assets/USED RESOURCES/Fantasy Forest Set/Materials/oakTree_diffuse.mat
  artifactKey: Guid(e9782db59a9ffce4086840f202c9e5cf) Importer(815301076,1909f56bfc062723c751e8b465ee728b)
Start importing Assets/USED RESOURCES/Fantasy Forest Set/Materials/oakTree_diffuse.mat using Guid(e9782db59a9ffce4086840f202c9e5cf) Importer(815301076,1909f56bfc062723c751e8b465ee728b)  -> (artifact id: 'f5a5c3e27bdbe69f43980cfa1bad624d') in 0.036048 seconds
Number of updated asset objects reloaded before import = 0
Number of asset objects unloaded after import = 3
========================================================================
Received Import Request.
  Time since last request: 41.857228 seconds.
  path: Assets/USED RESOURCES/Fantasy Forest Set/Textures
  artifactKey: Guid(71e00a6d4a485624e86ba6000396928d) Importer(815301076,1909f56bfc062723c751e8b465ee728b)
Start importing Assets/USED RESOURCES/Fantasy Forest Set/Textures using Guid(71e00a6d4a485624e86ba6000396928d) Importer(815301076,1909f56bfc062723c751e8b465ee728b)  -> (artifact id: '37df9e9706162ebd2c24def296f1ca71') in 0.001400 seconds
Number of updated asset objects reloaded before import = 0
Number of asset objects unloaded after import = 0
========================================================================
Received Import Request.
  Time since last request: 1.264610 seconds.
  path: Assets/USED RESOURCES/Fantasy Forest Set/Prefabs/OakTree-1.prefab
  artifactKey: Guid(3e5dcb74503b12147b1548ad6ed38875) Importer(815301076,1909f56bfc062723c751e8b465ee728b)
Start importing Assets/USED RESOURCES/Fantasy Forest Set/Prefabs/OakTree-1.prefab using Guid(3e5dcb74503b12147b1548ad6ed38875) Importer(815301076,1909f56bfc062723c751e8b465ee728b)  -> (artifact id: '2419eb07c6b222bb293512a7105e5c54') in 0.048263 seconds
Number of updated asset objects reloaded before import = 0
Number of asset objects unloaded after import = 10
========================================================================
Received Import Request.
  Time since last request: 0.000024 seconds.
  path: Assets/USED RESOURCES/Fantasy Forest Set/Prefabs/pineTree_1.prefab
  artifactKey: Guid(aeb91a108a22a774cbc6f1ee2639342e) Importer(815301076,1909f56bfc062723c751e8b465ee728b)
Start importing Assets/USED RESOURCES/Fantasy Forest Set/Prefabs/pineTree_1.prefab using Guid(aeb91a108a22a774cbc6f1ee2639342e) Importer(815301076,1909f56bfc062723c751e8b465ee728b)  -> (artifact id: '2033c1d15295fbe9508cc6c4e2cf7ce4') in 0.032150 seconds
Number of updated asset objects reloaded before import = 0
Number of asset objects unloaded after import = 10
========================================================================
Received Import Request.
  Time since last request: 4.085441 seconds.
  path: Assets/USED RESOURCES/Fantasy Forest Set/Models/oak_1.fbx
  artifactKey: Guid(edb9dcad80be43e438d0c0c5012dab97) Importer(815301076,1909f56bfc062723c751e8b465ee728b)
Start importing Assets/USED RESOURCES/Fantasy Forest Set/Models/oak_1.fbx using Guid(edb9dcad80be43e438d0c0c5012dab97) Importer(815301076,1909f56bfc062723c751e8b465ee728b)  -> (artifact id: '0aeaa21936bd19a6aaa0ec4b376410e5') in 0.064965 seconds
Number of updated asset objects reloaded before import = 0
Number of asset objects unloaded after import = 10
========================================================================
Received Import Request.
  Time since last request: 0.000038 seconds.
  path: Assets/USED RESOURCES/Fantasy Forest Set/Models/pineTree_2.fbx
  artifactKey: Guid(7d947e26ac469334684a39945de4acc6) Importer(815301076,1909f56bfc062723c751e8b465ee728b)
Start importing Assets/USED RESOURCES/Fantasy Forest Set/Models/pineTree_2.fbx using Guid(7d947e26ac469334684a39945de4acc6) Importer(815301076,1909f56bfc062723c751e8b465ee728b)  -> (artifact id: '137c7e8e57cc8be7899c41becfc7f117') in 0.034751 seconds
Number of updated asset objects reloaded before import = 0
Number of asset objects unloaded after import = 10
========================================================================
Received Import Request.
  Time since last request: 36.060406 seconds.
  path: Assets/USED RESOURCES/Fantasy Forest Set/Models/Materials
  artifactKey: Guid(34f60344fd2866c40aa4a9485a8b22f9) Importer(815301076,1909f56bfc062723c751e8b465ee728b)
Start importing Assets/USED RESOURCES/Fantasy Forest Set/Models/Materials using Guid(34f60344fd2866c40aa4a9485a8b22f9) Importer(815301076,1909f56bfc062723c751e8b465ee728b)  -> (artifact id: '1e8c5e21261106458455937fc709f97d') in 0.000799 seconds
Number of updated asset objects reloaded before import = 0
Number of asset objects unloaded after import = 0
========================================================================
Received Import Request.
  Time since last request: 247.523887 seconds.
  path: Assets/USED RESOURCES/Fantasy Forest Set/Prefabs/OakTree-1.prefab
  artifactKey: Guid(3e5dcb74503b12147b1548ad6ed38875) Importer(815301076,1909f56bfc062723c751e8b465ee728b)
Start importing Assets/USED RESOURCES/Fantasy Forest Set/Prefabs/OakTree-1.prefab using Guid(3e5dcb74503b12147b1548ad6ed38875) Importer(815301076,1909f56bfc062723c751e8b465ee728b)  -> (artifact id: 'd73cd9d56c2898cbcad41b8266c34f08') in 0.024624 seconds
Number of updated asset objects reloaded before import = 0
Number of asset objects unloaded after import = 11
========================================================================
Received Import Request.
  Time since last request: 28.165859 seconds.
  path: Assets/USED RESOURCES/Fantasy Forest Set/Prefabs/pineTree_1.prefab
  artifactKey: Guid(aeb91a108a22a774cbc6f1ee2639342e) Importer(815301076,1909f56bfc062723c751e8b465ee728b)
Start importing Assets/USED RESOURCES/Fantasy Forest Set/Prefabs/pineTree_1.prefab using Guid(aeb91a108a22a774cbc6f1ee2639342e) Importer(815301076,1909f56bfc062723c751e8b465ee728b)  -> (artifact id: 'f50e3617f6400424d8e7a926a5cfc8b2') in 0.021148 seconds
Number of updated asset objects reloaded before import = 0
Number of asset objects unloaded after import = 11
========================================================================
Received Import Request.
  Time since last request: 312.019931 seconds.
  path: Assets/USED RESOURCES/Fantasy Forest Set/Prefabs/OakTree-1.prefab
  artifactKey: Guid(3e5dcb74503b12147b1548ad6ed38875) Importer(815301076,1909f56bfc062723c751e8b465ee728b)
Start importing Assets/USED RESOURCES/Fantasy Forest Set/Prefabs/OakTree-1.prefab using Guid(3e5dcb74503b12147b1548ad6ed38875) Importer(815301076,1909f56bfc062723c751e8b465ee728b)  -> (artifact id: '2082e2e5a785a78b582d3cdc6a5fffda') in 0.021609 seconds
Number of updated asset objects reloaded before import = 0
Number of asset objects unloaded after import = 11
========================================================================
Received Import Request.
  Time since last request: 18.274794 seconds.
  path: Assets/USED RESOURCES/Fantasy Forest Set/Prefabs/pineTree_1.prefab
  artifactKey: Guid(aeb91a108a22a774cbc6f1ee2639342e) Importer(815301076,1909f56bfc062723c751e8b465ee728b)
Start importing Assets/USED RESOURCES/Fantasy Forest Set/Prefabs/pineTree_1.prefab using Guid(aeb91a108a22a774cbc6f1ee2639342e) Importer(815301076,1909f56bfc062723c751e8b465ee728b)  -> (artifact id: '53b95a301045abc1d6161d01ac9465de') in 0.016827 seconds
Number of updated asset objects reloaded before import = 0
Number of asset objects unloaded after import = 11
========================================================================
Received Import Request.
  Time since last request: 99.852244 seconds.
  path: Assets/_Project/Settings/Ultra_PipelineAsset.asset
  artifactKey: Guid(3979c8d6c1b91ec4faf222b23e83a5c3) Importer(815301076,1909f56bfc062723c751e8b465ee728b)
Start importing Assets/_Project/Settings/Ultra_PipelineAsset.asset using Guid(3979c8d6c1b91ec4faf222b23e83a5c3) Importer(815301076,1909f56bfc062723c751e8b465ee728b)  -> (artifact id: '7289a8cfdadbba30ce2d18ac5bc6c828') in 0.003034 seconds
Number of updated asset objects reloaded before import = 1
Number of asset objects unloaded after import = 0
========================================================================
Received Import Request.
  Time since last request: 54.448056 seconds.
  path: Assets/_Project/Settings/Ultra_PipelineAsset.asset
  artifactKey: Guid(3979c8d6c1b91ec4faf222b23e83a5c3) Importer(815301076,1909f56bfc062723c751e8b465ee728b)
Start importing Assets/_Project/Settings/Ultra_PipelineAsset.asset using Guid(3979c8d6c1b91ec4faf222b23e83a5c3) Importer(815301076,1909f56bfc062723c751e8b465ee728b)  -> (artifact id: '1a449df00d2c164de8719e6c8f51707c') in 0.000928 seconds
Number of updated asset objects reloaded before import = 1
Number of asset objects unloaded after import = 0
========================================================================
Received Import Request.
  Time since last request: 26.725222 seconds.
  path: Assets/_Project/Settings/Ultra_PipelineAsset.asset
  artifactKey: Guid(3979c8d6c1b91ec4faf222b23e83a5c3) Importer(815301076,1909f56bfc062723c751e8b465ee728b)
Start importing Assets/_Project/Settings/Ultra_PipelineAsset.asset using Guid(3979c8d6c1b91ec4faf222b23e83a5c3) Importer(815301076,1909f56bfc062723c751e8b465ee728b)  -> (artifact id: '1079d48afa5264660adba89880a6e245') in 0.001611 seconds
Number of updated asset objects reloaded before import = 1
Number of asset objects unloaded after import = 0
========================================================================
Received Import Request.
  Time since last request: 648.877006 seconds.
  path: Assets/_Project/Settings/UniversalRenderPipelineAsset.asset
  artifactKey: Guid(9b193676e9143be438069c17e545c476) Importer(815301076,1909f56bfc062723c751e8b465ee728b)
Start importing Assets/_Project/Settings/UniversalRenderPipelineAsset.asset using Guid(9b193676e9143be438069c17e545c476) Importer(815301076,1909f56bfc062723c751e8b465ee728b)  -> (artifact id: 'a0a0ec59f4891777d54447b9a29f52e6') in 0.016345 seconds
Number of updated asset objects reloaded before import = 0
Number of asset objects unloaded after import = 2
========================================================================
Received Import Request.
  Time since last request: 289.334587 seconds.
  path: Assets/_Project/Scenes/2_CityNight.unity
  artifactKey: Guid(7897da8e2aa298945969e7ae2108af7e) Importer(815301076,1909f56bfc062723c751e8b465ee728b)
Start importing Assets/_Project/Scenes/2_CityNight.unity using Guid(7897da8e2aa298945969e7ae2108af7e) Importer(815301076,1909f56bfc062723c751e8b465ee728b)  -> (artifact id: 'b8a635c44b07ebe082e6a9e930827817') in 0.007920 seconds
Number of updated asset objects reloaded before import = 0
Number of asset objects unloaded after import = 0
========================================================================
Received Import Request.
  Time since last request: 0.293905 seconds.
  path: Assets/_Project/Scenes/2_CityNight
  artifactKey: Guid(01b53e0083ca61442887799814e3592c) Importer(815301076,1909f56bfc062723c751e8b465ee728b)
Start importing Assets/_Project/Scenes/2_CityNight using Guid(01b53e0083ca61442887799814e3592c) Importer(815301076,1909f56bfc062723c751e8b465ee728b)  -> (artifact id: 'b17017aca555d954d5051b547b35f1e8') in 0.006230 seconds
Number of updated asset objects reloaded before import = 0
Number of asset objects unloaded after import = 0
========================================================================
Received Import Request.
  Time since last request: 8.642716 seconds.
  path: Assets/_Project/Lightings/2_CityNight.lighting
  artifactKey: Guid(3b5f32762b817f142a5760cee863970f) Importer(815301076,1909f56bfc062723c751e8b465ee728b)
Start importing Assets/_Project/Lightings/2_CityNight.lighting using Guid(3b5f32762b817f142a5760cee863970f) Importer(815301076,1909f56bfc062723c751e8b465ee728b) LightingSettings: switching bake backend from 1 to 2.
 -> (artifact id: 'e16cfafd335a3d27412ffbada7ca164b') in 0.023020 seconds
Number of updated asset objects reloaded before import = 0
Number of asset objects unloaded after import = 1
========================================================================
Received Import Request.
  Time since last request: 37.611295 seconds.
  path: Assets/_Project/Scenes/4_Map
  artifactKey: Guid(328bdb63a9871c540953accffe87a7a3) Importer(815301076,1909f56bfc062723c751e8b465ee728b)
Start importing Assets/_Project/Scenes/4_Map using Guid(328bdb63a9871c540953accffe87a7a3) Importer(815301076,1909f56bfc062723c751e8b465ee728b)  -> (artifact id: 'c58440458fde23b9b23e503db878df22') in 0.002313 seconds
Number of updated asset objects reloaded before import = 0
Number of asset objects unloaded after import = 0
========================================================================
Received Import Request.
  Time since last request: 0.107814 seconds.
  path: Assets/_Project/Scenes/4_Map/GameObject Profile.asset
  artifactKey: Guid(d9e8d0f61692acc409c76c8f2afd745a) Importer(815301076,1909f56bfc062723c751e8b465ee728b)
Start importing Assets/_Project/Scenes/4_Map/GameObject Profile.asset using Guid(d9e8d0f61692acc409c76c8f2afd745a) Importer(815301076,1909f56bfc062723c751e8b465ee728b)  -> (artifact id: '8b624826df2856046450f966cd124059') in 0.013310 seconds
Number of updated asset objects reloaded before import = 0
Number of asset objects unloaded after import = 1
========================================================================
Received Import Request.
  Time since last request: 18.672379 seconds.
  path: Assets/_Project/Lightings/4_Map/4_Map Profile.asset
  artifactKey: Guid(d9e8d0f61692acc409c76c8f2afd745a) Importer(815301076,1909f56bfc062723c751e8b465ee728b)
Start importing Assets/_Project/Lightings/4_Map/4_Map Profile.asset using Guid(d9e8d0f61692acc409c76c8f2afd745a) Importer(815301076,1909f56bfc062723c751e8b465ee728b)  -> (artifact id: '257cf25c4dc9a318bb7524df9f0e9df5') in 0.001214 seconds
Number of updated asset objects reloaded before import = 0
Number of asset objects unloaded after import = 1
========================================================================
Received Import Request.
  Time since last request: 7.505865 seconds.
  path: Assets/_Project/Lightings/4_Map/4_Map.asset
  artifactKey: Guid(d9e8d0f61692acc409c76c8f2afd745a) Importer(815301076,1909f56bfc062723c751e8b465ee728b)
Start importing Assets/_Project/Lightings/4_Map/4_Map.asset using Guid(d9e8d0f61692acc409c76c8f2afd745a) Importer(815301076,1909f56bfc062723c751e8b465ee728b)  -> (artifact id: '198308680e651a46af5f8c3e43fc2a53') in 0.002629 seconds
Number of updated asset objects reloaded before import = 0
Number of asset objects unloaded after import = 1
========================================================================
Received Import Request.
  Time since last request: 147.785237 seconds.
  path: Assets/USED RESOURCES/Fantasy Forest Set/Prefabs/OakTree-2.prefab
  artifactKey: Guid(7a5f88a712b3f694ba4b9e8adf8df123) Importer(815301076,1909f56bfc062723c751e8b465ee728b)
Start importing Assets/USED RESOURCES/Fantasy Forest Set/Prefabs/OakTree-2.prefab using Guid(7a5f88a712b3f694ba4b9e8adf8df123) Importer(815301076,1909f56bfc062723c751e8b465ee728b)  -> (artifact id: 'f73fd3493c2d288fad7a0c026f492a59') in 0.279173 seconds
Number of updated asset objects reloaded before import = 0
Number of asset objects unloaded after import = 10
========================================================================
Received Import Request.
  Time since last request: 9.484659 seconds.
  path: Assets/USED RESOURCES/Fantasy Forest Set/Prefabs/pineTree_2.prefab
  artifactKey: Guid(2ecb11c1607cc484faf50abc8a375258) Importer(815301076,1909f56bfc062723c751e8b465ee728b)
Start importing Assets/USED RESOURCES/Fantasy Forest Set/Prefabs/pineTree_2.prefab using Guid(2ecb11c1607cc484faf50abc8a375258) Importer(815301076,1909f56bfc062723c751e8b465ee728b)  -> (artifact id: '0527efd09abbd8ee3f859b58d5c2ea45') in 0.047990 seconds
Number of updated asset objects reloaded before import = 0
Number of asset objects unloaded after import = 10
========================================================================
Received Import Request.
  Time since last request: 1588.321421 seconds.
  path: Assets/_Project/Textures/FinishLine.png
  artifactKey: Guid(252e56d42f9441f48ae60d6c62bc3716) Importer(815301076,1909f56bfc062723c751e8b465ee728b)
Start importing Assets/_Project/Textures/FinishLine.png using Guid(252e56d42f9441f48ae60d6c62bc3716) Importer(815301076,1909f56bfc062723c751e8b465ee728b)  -> (artifact id: 'c697a378f08370f81f09b081e13ce197') in 0.580635 seconds
Number of updated asset objects reloaded before import = 0
Number of asset objects unloaded after import = 2
========================================================================
Received Import Request.
  Time since last request: 9.671397 seconds.
  path: Assets/_Project/Textures/FinishLine.png
  artifactKey: Guid(252e56d42f9441f48ae60d6c62bc3716) Importer(815301076,1909f56bfc062723c751e8b465ee728b)
Start importing Assets/_Project/Textures/FinishLine.png using Guid(252e56d42f9441f48ae60d6c62bc3716) Importer(815301076,1909f56bfc062723c751e8b465ee728b)  -> (artifact id: 'ddc3c7c9cf92b4675cc23e00d012254d') in 0.093713 seconds
Number of updated asset objects reloaded before import = 0
Number of asset objects unloaded after import = 3
========================================================================
Received Import Request.
  Time since last request: 3.428794 seconds.
  path: Assets/_Project/Scenes/2_CityNight.unity
  artifactKey: Guid(7897da8e2aa298945969e7ae2108af7e) Importer(815301076,1909f56bfc062723c751e8b465ee728b)
Start importing Assets/_Project/Scenes/2_CityNight.unity using Guid(7897da8e2aa298945969e7ae2108af7e) Importer(815301076,1909f56bfc062723c751e8b465ee728b)  -> (artifact id: '8e39936d7b04317862c8e3d4eee72436') in 0.001097 seconds
Number of updated asset objects reloaded before import = 0
Number of asset objects unloaded after import = 0
========================================================================
Received Import Request.
  Time since last request: 26.086266 seconds.
  path: Assets/_Project/Scenes/2_CityNight/LightingData.asset
  artifactKey: Guid(dceea29a5c485f742906ff121afb5ef7) Importer(815301076,1909f56bfc062723c751e8b465ee728b)
Start importing Assets/_Project/Scenes/2_CityNight/LightingData.asset using Guid(dceea29a5c485f742906ff121afb5ef7) Importer(815301076,1909f56bfc062723c751e8b465ee728b)  -> (artifact id: 'f892228f47bdce828555352924138258') in 0.022700 seconds
Number of updated asset objects reloaded before import = 0
Number of asset objects unloaded after import = 1
========================================================================
Received Import Request.
  Time since last request: 1935.529278 seconds.
  path: Assets/_Project/Lightings/4_Map/4_Map.asset
  artifactKey: Guid(d9e8d0f61692acc409c76c8f2afd745a) Importer(815301076,1909f56bfc062723c751e8b465ee728b)
Start importing Assets/_Project/Lightings/4_Map/4_Map.asset using Guid(d9e8d0f61692acc409c76c8f2afd745a) Importer(815301076,1909f56bfc062723c751e8b465ee728b)  -> (artifact id: 'b9766fd33c3a70ef53dad5da40a454b7') in 0.036122 seconds
Number of updated asset objects reloaded before import = 0
Number of asset objects unloaded after import = 2
========================================================================
Received Import Request.
  Time since last request: 1.323065 seconds.
  path: Assets/_Project/Mesh/FinishLine.blend
  artifactKey: Guid(423fb08ad65d5c74fb4dbd4d44d86b55) Importer(815301076,1909f56bfc062723c751e8b465ee728b)
Start importing Assets/_Project/Mesh/FinishLine.blend using Guid(423fb08ad65d5c74fb4dbd4d44d86b55) Importer(815301076,1909f56bfc062723c751e8b465ee728b)  -> (artifact id: '03b2eb47b2b5b3d4fd74e8391c090cf2') in 0.281909 seconds
Number of updated asset objects reloaded before import = 0
Number of asset objects unloaded after import = 19
========================================================================
Received Import Request.
  Time since last request: 73.359624 seconds.
  path: Assets/_Project/Mesh/FinishLine.blend
  artifactKey: Guid(423fb08ad65d5c74fb4dbd4d44d86b55) Importer(815301076,1909f56bfc062723c751e8b465ee728b)
Start importing Assets/_Project/Mesh/FinishLine.blend using Guid(423fb08ad65d5c74fb4dbd4d44d86b55) Importer(815301076,1909f56bfc062723c751e8b465ee728b)  -> (artifact id: '8ccc2d8b73ffe3591452c43de5682cf7') in 0.099378 seconds
Number of updated asset objects reloaded before import = 0
Number of asset objects unloaded after import = 9
========================================================================
Received Import Request.
  Time since last request: 276.936426 seconds.
  path: Assets/_Project/Mesh/FinishLine.blend
  artifactKey: Guid(423fb08ad65d5c74fb4dbd4d44d86b55) Importer(815301076,1909f56bfc062723c751e8b465ee728b)
Start importing Assets/_Project/Mesh/FinishLine.blend using Guid(423fb08ad65d5c74fb4dbd4d44d86b55) Importer(815301076,1909f56bfc062723c751e8b465ee728b)  -> (artifact id: 'b2892985321a293a35653ba0b7c0bbf6') in 0.138252 seconds
Number of updated asset objects reloaded before import = 0
Number of asset objects unloaded after import = 9
========================================================================
Received Import Request.
  Time since last request: 9.504144 seconds.
  path: Assets/_Project/Mesh/FinishLine.blend
  artifactKey: Guid(423fb08ad65d5c74fb4dbd4d44d86b55) Importer(815301076,1909f56bfc062723c751e8b465ee728b)
Start importing Assets/_Project/Mesh/FinishLine.blend using Guid(423fb08ad65d5c74fb4dbd4d44d86b55) Importer(815301076,1909f56bfc062723c751e8b465ee728b)  -> (artifact id: 'da40fc08f693e6ced4f3ff0599a3aab8') in 0.064981 seconds
Number of updated asset objects reloaded before import = 0
Number of asset objects unloaded after import = 9
========================================================================
Received Import Request.
  Time since last request: 1004.298139 seconds.
  path: Assets/_Project/Scenes/2_CityNight.unity
  artifactKey: Guid(7897da8e2aa298945969e7ae2108af7e) Importer(815301076,1909f56bfc062723c751e8b465ee728b)
Start importing Assets/_Project/Scenes/2_CityNight.unity using Guid(7897da8e2aa298945969e7ae2108af7e) Importer(815301076,1909f56bfc062723c751e8b465ee728b)  -> (artifact id: '543dfd3330cb5e14887721c9b5e12a42') in 0.008353 seconds
Number of updated asset objects reloaded before import = 0
Number of asset objects unloaded after import = 0
========================================================================
Received Import Request.
  Time since last request: 17.923580 seconds.
  path: Assets/_Project/Textures/Minimap/2_Minimap.png
  artifactKey: Guid(a081715c40554f6408869152236c6d8c) Importer(815301076,1909f56bfc062723c751e8b465ee728b)
Start importing Assets/_Project/Textures/Minimap/2_Minimap.png using Guid(a081715c40554f6408869152236c6d8c) Importer(815301076,1909f56bfc062723c751e8b465ee728b)  -> (artifact id: '221f1bd0499572f366e0489b0ea02dbd') in 0.281474 seconds
Number of updated asset objects reloaded before import = 0
Number of asset objects unloaded after import = 2
========================================================================
Received Import Request.
  Time since last request: 5.109398 seconds.
  path: Assets/_Project/Textures/Minimap/2_Minimap.png
  artifactKey: Guid(a081715c40554f6408869152236c6d8c) Importer(815301076,1909f56bfc062723c751e8b465ee728b)
Start importing Assets/_Project/Textures/Minimap/2_Minimap.png using Guid(a081715c40554f6408869152236c6d8c) Importer(815301076,1909f56bfc062723c751e8b465ee728b)  -> (artifact id: '6783568a3e316c28da5a2e52a0f1b007') in 0.106874 seconds
Number of updated asset objects reloaded before import = 0
Number of asset objects unloaded after import = 3
========================================================================
Received Import Request.
  Time since last request: 2369.668075 seconds.
  path: Assets/_Project/Resources/MapData/2_CityNight.asset
  artifactKey: Guid(3fa5a580b5768aa44821f4ae0fd62101) Importer(815301076,1909f56bfc062723c751e8b465ee728b)
Start importing Assets/_Project/Resources/MapData/2_CityNight.asset using Guid(3fa5a580b5768aa44821f4ae0fd62101) Importer(815301076,1909f56bfc062723c751e8b465ee728b)  -> (artifact id: 'f953d59c61629a0986dd5ad4d0fde416') in 0.147609 seconds
Number of updated asset objects reloaded before import = 0
Number of asset objects unloaded after import = 2
========================================================================
Received Prepare
Begin MonoManager ReloadAssembly
Symbol file LoadedFromMemory is not a mono symbol file
- Loaded All Assemblies, in  4.573 seconds
Refreshing native plugins compatible for Editor in 19.19 ms, found 3 plugins.
Native extension for WindowsStandalone target not found
[Package Manager] Server::EnsureServerProcessIsRunning -- launch failed, reason: Unity was launched with the -noUpm command-line argument
[Package Manager] UpmClient::Send -- Unable to send message (not connected to UPM process).
[Package Manager] Cannot connect to Unity Package Manager local server
[Package Manager] Server::EnsureServerProcessIsRunning -- launch failed, reason: Unity was launched with the -noUpm command-line argument
[Package Manager] UpmClient::Send -- Unable to send message (not connected to UPM process).
[Package Manager] Cannot connect to Unity Package Manager local server
Mono: successfully reloaded assembly
- Finished resetting the current domain, in 17.904 seconds
Domain Reload Profiling: 22477ms
	BeginReloadAssembly (1881ms)
		ExecutionOrderSort (0ms)
		DisableScriptedObjects (252ms)
		BackupInstance (0ms)
		ReleaseScriptingObjects (2ms)
		CreateAndSetChildDomain (953ms)
	RebuildCommonClasses (51ms)
	RebuildNativeTypeToScriptingClass (15ms)
	initialDomainReloadingComplete (72ms)
	LoadAllAssembliesAndSetupDomain (2551ms)
		LoadAssemblies (2520ms)
		RebuildTransferFunctionScriptingTraits (0ms)
		AnalyzeDomain (271ms)
			TypeCache.Refresh (150ms)
				TypeCache.ScanAssembly (6ms)
			ScanForSourceGeneratedMonoScriptInfo (88ms)
			ResolveRequiredComponents (31ms)
	FinalizeReload (17906ms)
		ReleaseScriptCaches (0ms)
		RebuildScriptCaches (0ms)
		SetupLoadedEditorAssemblies (1274ms)
			LogAssemblyErrors (0ms)
			InitializePlatformSupportModulesInManaged (21ms)
			SetLoadedEditorAssemblies (17ms)
			RefreshPlugins (0ms)
			BeforeProcessingInitializeOnLoad (165ms)
			ProcessInitializeOnLoadAttributes (826ms)
			ProcessInitializeOnLoadMethodAttributes (234ms)
			AfterProcessingInitializeOnLoad (9ms)
			EditorAssembliesLoaded (2ms)
		ExecutionOrderSort2 (0ms)
		AwakeInstancesAfterBackupRestoration (16ms)
Refreshing native plugins compatible for Editor in 34.56 ms, found 3 plugins.
Preloading 0 native plugins for Editor in 0.00 ms.
Unloading 8347 Unused Serialized files (Serialized files now loaded: 0)
Unloading 103 unused Assets / (1.7 MB). Loaded Objects now: 9249.
Memory consumption went from 368.9 MB to 367.3 MB.
Total: 21.130700 ms (FindLiveObjects: 0.898300 ms CreateObjectMapping: 0.657300 ms MarkObjects: 17.461700 ms  DeleteObjects: 2.111900 ms)

Prepare: number of updated asset objects reloaded= 0
AssetImportParameters requested are different than current active one (requested -> active):
  custom:container-demuxer-ogg: 62fdf1f143b41e24485cea50d1cbac27 -> 
  custom:framework-win-MediaFoundation: 216162199b28c13a410421893ffa2e32 -> 
  custom:container-muxer-webm: aa71ff27fc2769a1b78a27578f13a17b -> 
  custom:video-decoder-webm-vp8: 9c59270c3fd7afecdb556c50c9e8de78 -> 
  custom:SearchIndexIgnoredProperties: e643bd26f0fe6173181afceb89e7c659 -> 
  custom:AudioImporter_EditorPlatform: d09bf68614088b80899f8185d706f6e7 -> 
  custom:audio-decoder-ogg-vorbis: bf7c407c2cedff20999df2af8eb42d56 -> 
  custom:audio-encoder-webm-vorbis: bf7c407c2cedff20999df2af8eb42d56 -> 
  custom:video-decoder-ogg-theora: a1e56fd34408186e4bbccfd4996cb3dc -> 
  custom:CustomObjectIndexerAttribute: a3ef5dd2817f97addfee359851a9dba5 -> 
  custom:container-demuxer-webm: 4f35f7cbe854078d1ac9338744f61a02 -> 
  custom:video-encoder-webm-vp8: eb34c28f22e8b96e1ab97ce403110664 -> 
========================================================================
Received Prepare
Begin MonoManager ReloadAssembly
Symbol file LoadedFromMemory is not a mono symbol file
- Loaded All Assemblies, in  3.376 seconds
Refreshing native plugins compatible for Editor in 16.12 ms, found 3 plugins.
Native extension for WindowsStandalone target not found
[Package Manager] Server::EnsureServerProcessIsRunning -- launch failed, reason: Unity was launched with the -noUpm command-line argument
[Package Manager] UpmClient::Send -- Unable to send message (not connected to UPM process).
[Package Manager] Cannot connect to Unity Package Manager local server
[Package Manager] Server::EnsureServerProcessIsRunning -- launch failed, reason: Unity was launched with the -noUpm command-line argument
[Package Manager] UpmClient::Send -- Unable to send message (not connected to UPM process).
[Package Manager] Cannot connect to Unity Package Manager local server
Mono: successfully reloaded assembly
- Finished resetting the current domain, in  3.522 seconds
Domain Reload Profiling: 6902ms
	BeginReloadAssembly (1053ms)
		ExecutionOrderSort (0ms)
		DisableScriptedObjects (13ms)
		BackupInstance (0ms)
		ReleaseScriptingObjects (5ms)
		CreateAndSetChildDomain (378ms)
	RebuildCommonClasses (36ms)
	RebuildNativeTypeToScriptingClass (11ms)
	initialDomainReloadingComplete (65ms)
	LoadAllAssembliesAndSetupDomain (2215ms)
		LoadAssemblies (2404ms)
		RebuildTransferFunctionScriptingTraits (0ms)
		AnalyzeDomain (237ms)
			TypeCache.Refresh (123ms)
				TypeCache.ScanAssembly (10ms)
			ScanForSourceGeneratedMonoScriptInfo (83ms)
			ResolveRequiredComponents (28ms)
	FinalizeReload (3523ms)
		ReleaseScriptCaches (0ms)
		RebuildScriptCaches (0ms)
		SetupLoadedEditorAssemblies (1078ms)
			LogAssemblyErrors (0ms)
			InitializePlatformSupportModulesInManaged (15ms)
			SetLoadedEditorAssemblies (26ms)
			RefreshPlugins (0ms)
			BeforeProcessingInitializeOnLoad (151ms)
			ProcessInitializeOnLoadAttributes (707ms)
			ProcessInitializeOnLoadMethodAttributes (170ms)
			AfterProcessingInitializeOnLoad (6ms)
			EditorAssembliesLoaded (2ms)
		ExecutionOrderSort2 (0ms)
		AwakeInstancesAfterBackupRestoration (11ms)
Refreshing native plugins compatible for Editor in 29.92 ms, found 3 plugins.
Preloading 0 native plugins for Editor in 0.00 ms.
Unloading 8347 Unused Serialized files (Serialized files now loaded: 0)
Unloading 103 unused Assets / (1.7 MB). Loaded Objects now: 9267.
Memory consumption went from 370.8 MB to 369.1 MB.
Total: 40.631100 ms (FindLiveObjects: 4.388000 ms CreateObjectMapping: 0.580200 ms MarkObjects: 34.115700 ms  DeleteObjects: 1.541200 ms)

Prepare: number of updated asset objects reloaded= 0
AssetImportParameters requested are different than current active one (requested -> active):
  custom:container-demuxer-ogg: 62fdf1f143b41e24485cea50d1cbac27 -> 
  custom:framework-win-MediaFoundation: 216162199b28c13a410421893ffa2e32 -> 
  custom:container-muxer-webm: aa71ff27fc2769a1b78a27578f13a17b -> 
  custom:video-decoder-webm-vp8: 9c59270c3fd7afecdb556c50c9e8de78 -> 
  custom:SearchIndexIgnoredProperties: e643bd26f0fe6173181afceb89e7c659 -> 
  custom:AudioImporter_EditorPlatform: d09bf68614088b80899f8185d706f6e7 -> 
  custom:audio-decoder-ogg-vorbis: bf7c407c2cedff20999df2af8eb42d56 -> 
  custom:audio-encoder-webm-vorbis: bf7c407c2cedff20999df2af8eb42d56 -> 
  custom:video-decoder-ogg-theora: a1e56fd34408186e4bbccfd4996cb3dc -> 
  custom:CustomObjectIndexerAttribute: a3ef5dd2817f97addfee359851a9dba5 -> 
  custom:container-demuxer-webm: 4f35f7cbe854078d1ac9338744f61a02 -> 
  custom:video-encoder-webm-vp8: eb34c28f22e8b96e1ab97ce403110664 -> 
========================================================================
Received Import Request.
  Time since last request: 3267.472780 seconds.
  path: Assets/_Project/Scenes/2_CityNight.unity
  artifactKey: Guid(7897da8e2aa298945969e7ae2108af7e) Importer(815301076,1909f56bfc062723c751e8b465ee728b)
Start importing Assets/_Project/Scenes/2_CityNight.unity using Guid(7897da8e2aa298945969e7ae2108af7e) Importer(815301076,1909f56bfc062723c751e8b465ee728b)  -> (artifact id: 'e459d434ad92ea593e66edef8bbade1c') in 0.415859 seconds
Number of updated asset objects reloaded before import = 0
Number of asset objects unloaded after import = 0
========================================================================
Received Import Request.
  Time since last request: 0.000867 seconds.
  path: Assets/_Project/Scenes/2_CityNight
  artifactKey: Guid(b89fdd5a4c6abdf458c541084bca138d) Importer(815301076,1909f56bfc062723c751e8b465ee728b)
Start importing Assets/_Project/Scenes/2_CityNight using Guid(b89fdd5a4c6abdf458c541084bca138d) Importer(815301076,1909f56bfc062723c751e8b465ee728b)  -> (artifact id: '930c7f8d37c7ce129e770385fa6bda6e') in 0.012318 seconds
Number of updated asset objects reloaded before import = 0
Number of asset objects unloaded after import = 0
========================================================================
Received Import Request.
  Time since last request: 0.000489 seconds.
  path: Assets/_Project/Scenes/2_CityNight/Lightmap-13_comp_light.exr
  artifactKey: Guid(2095151993120284d8c054322e2bd68c) Importer(815301076,1909f56bfc062723c751e8b465ee728b)
Start importing Assets/_Project/Scenes/2_CityNight/Lightmap-13_comp_light.exr using Guid(2095151993120284d8c054322e2bd68c) Importer(815301076,1909f56bfc062723c751e8b465ee728b)  -> (artifact id: 'aad777fbf2032c76f0961e88e668640b') in 1.649170 seconds
Number of updated asset objects reloaded before import = 0
Number of asset objects unloaded after import = 2
========================================================================
Received Import Request.
  Time since last request: 0.000060 seconds.
  path: Assets/_Project/Scenes/2_CityNight/Lightmap-4_comp_light.exr
  artifactKey: Guid(8cc33960a1999184e8b69db95e394274) Importer(815301076,1909f56bfc062723c751e8b465ee728b)
Start importing Assets/_Project/Scenes/2_CityNight/Lightmap-4_comp_light.exr using Guid(8cc33960a1999184e8b69db95e394274) Importer(815301076,1909f56bfc062723c751e8b465ee728b)  -> (artifact id: '85324ae09bfce549af278c08396f55e0') in 0.100558 seconds
Number of updated asset objects reloaded before import = 0
Number of asset objects unloaded after import = 2
========================================================================
Received Import Request.
  Time since last request: 0.000052 seconds.
  path: Assets/_Project/Scenes/2_CityNight/Lightmap-10_comp_light.exr
  artifactKey: Guid(251668a48df001140bb441f949bbdc4a) Importer(815301076,1909f56bfc062723c751e8b465ee728b)
Start importing Assets/_Project/Scenes/2_CityNight/Lightmap-10_comp_light.exr using Guid(251668a48df001140bb441f949bbdc4a) Importer(815301076,1909f56bfc062723c751e8b465ee728b)  -> (artifact id: '13409a9c4bc0f2420976a8e081aa2d3a') in 0.058969 seconds
Number of updated asset objects reloaded before import = 0
Number of asset objects unloaded after import = 2
========================================================================
Received Import Request.
  Time since last request: 0.000033 seconds.
  path: Assets/_Project/Scenes/2_CityNight/Lightmap-18_comp_light.exr
  artifactKey: Guid(53eb6ffecb4f15b4cbdf698dba6ff712) Importer(815301076,1909f56bfc062723c751e8b465ee728b)
Start importing Assets/_Project/Scenes/2_CityNight/Lightmap-18_comp_light.exr using Guid(53eb6ffecb4f15b4cbdf698dba6ff712) Importer(815301076,1909f56bfc062723c751e8b465ee728b)  -> (artifact id: 'f5f68a7cdef0f9a9d9b7998123403d64') in 0.071375 seconds
Number of updated asset objects reloaded before import = 0
Number of asset objects unloaded after import = 2
========================================================================
Received Import Request.
  Time since last request: 0.000030 seconds.
  path: Assets/_Project/Scenes/2_CityNight/Lightmap-9_comp_light.exr
  artifactKey: Guid(e69aba7701e38624c9a2771b66581de0) Importer(815301076,1909f56bfc062723c751e8b465ee728b)
Start importing Assets/_Project/Scenes/2_CityNight/Lightmap-9_comp_light.exr using Guid(e69aba7701e38624c9a2771b66581de0) Importer(815301076,1909f56bfc062723c751e8b465ee728b)  -> (artifact id: '17363e51bc13a84b028e10310036824f') in 0.058272 seconds
Number of updated asset objects reloaded before import = 0
Number of asset objects unloaded after import = 2
========================================================================
Received Import Request.
  Time since last request: 0.000027 seconds.
  path: Assets/_Project/Scenes/2_CityNight/ReflectionProbe-0.exr
  artifactKey: Guid(dbfbeabd2cc4b3e4786a09a682a56f39) Importer(815301076,1909f56bfc062723c751e8b465ee728b)
Start importing Assets/_Project/Scenes/2_CityNight/ReflectionProbe-0.exr using Guid(dbfbeabd2cc4b3e4786a09a682a56f39) Importer(815301076,1909f56bfc062723c751e8b465ee728b)  -> (artifact id: '85a180272546f83e8da7164705dbb995') in 1.573684 seconds
Number of updated asset objects reloaded before import = 0
Number of asset objects unloaded after import = 19
========================================================================
Received Import Request.
  Time since last request: 0.000053 seconds.
  path: Assets/_Project/Scenes/2_CityNight/Lightmap-17_comp_light.exr
  artifactKey: Guid(5954a1b20241e5f438c9a209e2412460) Importer(815301076,1909f56bfc062723c751e8b465ee728b)
Start importing Assets/_Project/Scenes/2_CityNight/Lightmap-17_comp_light.exr using Guid(5954a1b20241e5f438c9a209e2412460) Importer(815301076,1909f56bfc062723c751e8b465ee728b)  -> (artifact id: '1e3f0ee15d3d302e5c05c72d449c93a2') in 0.032869 seconds
Number of updated asset objects reloaded before import = 0
Number of asset objects unloaded after import = 2
========================================================================
Received Import Request.
  Time since last request: 0.000032 seconds.
  path: Assets/_Project/Scenes/2_CityNight/Lightmap-20_comp_light.exr
  artifactKey: Guid(14f640417717613418ce6e3c341816e9) Importer(815301076,1909f56bfc062723c751e8b465ee728b)
Start importing Assets/_Project/Scenes/2_CityNight/Lightmap-20_comp_light.exr using Guid(14f640417717613418ce6e3c341816e9) Importer(815301076,1909f56bfc062723c751e8b465ee728b)  -> (artifact id: '1b3fce4a636a33ce5108bc6ef37d45d4') in 0.027304 seconds
Number of updated asset objects reloaded before import = 0
Number of asset objects unloaded after import = 2
========================================================================
Received Import Request.
  Time since last request: 0.000038 seconds.
  path: Assets/_Project/Scenes/2_CityNight/Lightmap-14_comp_light.exr
  artifactKey: Guid(8cff409473ce2b243a1fb5ac3fd98c20) Importer(815301076,1909f56bfc062723c751e8b465ee728b)
Start importing Assets/_Project/Scenes/2_CityNight/Lightmap-14_comp_light.exr using Guid(8cff409473ce2b243a1fb5ac3fd98c20) Importer(815301076,1909f56bfc062723c751e8b465ee728b)  -> (artifact id: 'ca5accd636fe9e98e80f5deb2774025e') in 0.029177 seconds
Number of updated asset objects reloaded before import = 0
Number of asset objects unloaded after import = 2
========================================================================
Received Import Request.
  Time since last request: 0.000027 seconds.
  path: Assets/_Project/Scenes/2_CityNight/Lightmap-15_comp_light.exr
  artifactKey: Guid(da471f7c19272334c81f1d4da717b5e3) Importer(815301076,1909f56bfc062723c751e8b465ee728b)
Start importing Assets/_Project/Scenes/2_CityNight/Lightmap-15_comp_light.exr using Guid(da471f7c19272334c81f1d4da717b5e3) Importer(815301076,1909f56bfc062723c751e8b465ee728b)  -> (artifact id: '73477a4bb8db00c1dd55898331e88599') in 0.029777 seconds
Number of updated asset objects reloaded before import = 0
Number of asset objects unloaded after import = 2
========================================================================
Received Import Request.
  Time since last request: 0.000035 seconds.
  path: Assets/_Project/Scenes/2_CityNight/Lightmap-8_comp_light.exr
  artifactKey: Guid(ebf27602a4e291e45868ca6570c519dd) Importer(815301076,1909f56bfc062723c751e8b465ee728b)
Start importing Assets/_Project/Scenes/2_CityNight/Lightmap-8_comp_light.exr using Guid(ebf27602a4e291e45868ca6570c519dd) Importer(815301076,1909f56bfc062723c751e8b465ee728b)  -> (artifact id: '3a6755da34f5f2574d4225b619733c19') in 0.028841 seconds
Number of updated asset objects reloaded before import = 0
Number of asset objects unloaded after import = 2
========================================================================
Received Import Request.
  Time since last request: 0.000028 seconds.
  path: Assets/_Project/Scenes/2_CityNight/Lightmap-11_comp_light.exr
  artifactKey: Guid(4c3690715fd708741a03a11b34bc0bc0) Importer(815301076,1909f56bfc062723c751e8b465ee728b)
Start importing Assets/_Project/Scenes/2_CityNight/Lightmap-11_comp_light.exr using Guid(4c3690715fd708741a03a11b34bc0bc0) Importer(815301076,1909f56bfc062723c751e8b465ee728b)  -> (artifact id: 'c4a8faf7f797517e90e443a5cf1f0e09') in 0.025730 seconds
Number of updated asset objects reloaded before import = 0
Number of asset objects unloaded after import = 2
========================================================================
Received Import Request.
  Time since last request: 0.000037 seconds.
  path: Assets/_Project/Scenes/2_CityNight/Lightmap-21_comp_light.exr
  artifactKey: Guid(66bb088cab1ea6c4bb896dd0d112b78b) Importer(815301076,1909f56bfc062723c751e8b465ee728b)
Start importing Assets/_Project/Scenes/2_CityNight/Lightmap-21_comp_light.exr using Guid(66bb088cab1ea6c4bb896dd0d112b78b) Importer(815301076,1909f56bfc062723c751e8b465ee728b)  -> (artifact id: 'e9161ce057c29acc5984ee5407b19b45') in 0.027986 seconds
Number of updated asset objects reloaded before import = 0
Number of asset objects unloaded after import = 2
========================================================================
Received Import Request.
  Time since last request: 0.000028 seconds.
  path: Assets/_Project/Scenes/2_CityNight/Lightmap-25_comp_light.exr
  artifactKey: Guid(7d0d7b590746d0844a165da2275488b7) Importer(815301076,1909f56bfc062723c751e8b465ee728b)
Start importing Assets/_Project/Scenes/2_CityNight/Lightmap-25_comp_light.exr using Guid(7d0d7b590746d0844a165da2275488b7) Importer(815301076,1909f56bfc062723c751e8b465ee728b)  -> (artifact id: 'c15364f16003446212d31bcdc0d57129') in 0.024287 seconds
Number of updated asset objects reloaded before import = 0
Number of asset objects unloaded after import = 2
========================================================================
Received Import Request.
  Time since last request: 0.000025 seconds.
  path: Assets/_Project/Scenes/2_CityNight/Lightmap-22_comp_light.exr
  artifactKey: Guid(0e20ce30d0acdfd4f8963a2f3a7006ae) Importer(815301076,1909f56bfc062723c751e8b465ee728b)
Start importing Assets/_Project/Scenes/2_CityNight/Lightmap-22_comp_light.exr using Guid(0e20ce30d0acdfd4f8963a2f3a7006ae) Importer(815301076,1909f56bfc062723c751e8b465ee728b)  -> (artifact id: 'cd415e3594dc19b89d00f7593ccf7334') in 0.033352 seconds
Number of updated asset objects reloaded before import = 0
Number of asset objects unloaded after import = 2
========================================================================
Received Import Request.
  Time since last request: 0.000500 seconds.
  path: Assets/_Project/Scenes/2_CityNight/Lightmap-3_comp_light.exr
  artifactKey: Guid(339bf1404ebfd504f9fd9d40b967cbf8) Importer(815301076,1909f56bfc062723c751e8b465ee728b)
Start importing Assets/_Project/Scenes/2_CityNight/Lightmap-3_comp_light.exr using Guid(339bf1404ebfd504f9fd9d40b967cbf8) Importer(815301076,1909f56bfc062723c751e8b465ee728b)  -> (artifact id: '0fb1771e65545800dbb3aaa8ed7b7487') in 0.032644 seconds
Number of updated asset objects reloaded before import = 0
Number of asset objects unloaded after import = 2
========================================================================
Received Import Request.
  Time since last request: 0.000061 seconds.
  path: Assets/_Project/Scenes/2_CityNight/Lightmap-5_comp_light.exr
  artifactKey: Guid(d0695c8785e493845b9e7c142e52a844) Importer(815301076,1909f56bfc062723c751e8b465ee728b)
Start importing Assets/_Project/Scenes/2_CityNight/Lightmap-5_comp_light.exr using Guid(d0695c8785e493845b9e7c142e52a844) Importer(815301076,1909f56bfc062723c751e8b465ee728b)  -> (artifact id: '8d6dbe8df069ec0f0c111d4cefcb605f') in 0.035329 seconds
Number of updated asset objects reloaded before import = 0
Number of asset objects unloaded after import = 2
========================================================================
Received Import Request.
  Time since last request: 0.000034 seconds.
  path: Assets/_Project/Scenes/2_CityNight/Lightmap-23_comp_light.exr
  artifactKey: Guid(f59aa0920fe7c814b97043c114792988) Importer(815301076,1909f56bfc062723c751e8b465ee728b)
Start importing Assets/_Project/Scenes/2_CityNight/Lightmap-23_comp_light.exr using Guid(f59aa0920fe7c814b97043c114792988) Importer(815301076,1909f56bfc062723c751e8b465ee728b)  -> (artifact id: 'b438ed6ab95776658f1d57038846d445') in 0.026918 seconds
Number of updated asset objects reloaded before import = 0
Number of asset objects unloaded after import = 2
========================================================================
Received Import Request.
  Time since last request: 0.000036 seconds.
  path: Assets/_Project/Scenes/2_CityNight/Lightmap-6_comp_light.exr
  artifactKey: Guid(7b4577d507b5bdf42b12047221177f36) Importer(815301076,1909f56bfc062723c751e8b465ee728b)
Start importing Assets/_Project/Scenes/2_CityNight/Lightmap-6_comp_light.exr using Guid(7b4577d507b5bdf42b12047221177f36) Importer(815301076,1909f56bfc062723c751e8b465ee728b)  -> (artifact id: '69d14ea64b4876cad54dc80fa2f96d81') in 0.026336 seconds
Number of updated asset objects reloaded before import = 0
Number of asset objects unloaded after import = 2
========================================================================
Received Import Request.
  Time since last request: 0.000028 seconds.
  path: Assets/_Project/Scenes/2_CityNight/Lightmap-19_comp_light.exr
  artifactKey: Guid(2538823826c04f9498dc88bf419a3401) Importer(815301076,1909f56bfc062723c751e8b465ee728b)
Start importing Assets/_Project/Scenes/2_CityNight/Lightmap-19_comp_light.exr using Guid(2538823826c04f9498dc88bf419a3401) Importer(815301076,1909f56bfc062723c751e8b465ee728b)  -> (artifact id: '9b7d4ec05703d81d6e15d10ba66da16d') in 0.028936 seconds
Number of updated asset objects reloaded before import = 0
Number of asset objects unloaded after import = 2
========================================================================
Received Import Request.
  Time since last request: 0.000029 seconds.
  path: Assets/_Project/Scenes/2_CityNight/Lightmap-2_comp_light.exr
  artifactKey: Guid(1faf530a46ca427418b4a580a4fbfe84) Importer(815301076,1909f56bfc062723c751e8b465ee728b)
Start importing Assets/_Project/Scenes/2_CityNight/Lightmap-2_comp_light.exr using Guid(1faf530a46ca427418b4a580a4fbfe84) Importer(815301076,1909f56bfc062723c751e8b465ee728b)  -> (artifact id: '00c6bf11af5240d5552021c2cac44fbf') in 0.029123 seconds
Number of updated asset objects reloaded before import = 0
Number of asset objects unloaded after import = 2
========================================================================
Received Import Request.
  Time since last request: 0.000041 seconds.
  path: Assets/_Project/Scenes/2_CityNight/Lightmap-16_comp_light.exr
  artifactKey: Guid(c9e50e23a89f4434c96c5eaf4698269b) Importer(815301076,1909f56bfc062723c751e8b465ee728b)
Start importing Assets/_Project/Scenes/2_CityNight/Lightmap-16_comp_light.exr using Guid(c9e50e23a89f4434c96c5eaf4698269b) Importer(815301076,1909f56bfc062723c751e8b465ee728b)  -> (artifact id: '11b29d524f9d28e7b9fc1c2e6bf63917') in 0.027248 seconds
Number of updated asset objects reloaded before import = 0
Number of asset objects unloaded after import = 2
========================================================================
Received Import Request.
  Time since last request: 3.887291 seconds.
  path: Assets/_Project/Lightings/2_CityNight 1
  artifactKey: Guid(b89fdd5a4c6abdf458c541084bca138d) Importer(815301076,1909f56bfc062723c751e8b465ee728b)
Start importing Assets/_Project/Lightings/2_CityNight 1 using Guid(b89fdd5a4c6abdf458c541084bca138d) Importer(815301076,1909f56bfc062723c751e8b465ee728b)  -> (artifact id: '290ab02d3e00beedc7914b029afe78f4') in 0.003918 seconds
Number of updated asset objects reloaded before import = 0
Number of asset objects unloaded after import = 0
