Using pre-set license
Built from '2022.3/staging' branch; Version is '2022.3.14f1 (eff2de9070d8) revision 15725278'; Using compiler version '192829333'; Build Type 'Release'
OS: 'Windows 11  (10.0.22631) 64bit CoreSingleLanguage' Language: 'en' Physical Memory: 7893 MB
BatchMode: 1, IsHumanControllingUs: 0, StartBugReporterOnCrash: 0, Is64bit: 1, IsPro: 1

COMMAND LINE ARGUMENTS:
C:\Program Files\Unity\Hub\Editor\2022.3.14f1\Editor\Unity.exe
-adb2
-batchMode
-noUpm
-name
AssetImportWorker7
-projectPath
E:/Unity/CarRacingGame3d
-logFile
Logs/AssetImportWorker7.log
-srvPort
61213
Successfully changed project path to: E:/Unity/CarRacingGame3d
E:/Unity/CarRacingGame3d
[UnityMemory] Configuration Parameters - Can be set up in boot.config
    "memorysetup-bucket-allocator-granularity=16"
    "memorysetup-bucket-allocator-bucket-count=8"
    "memorysetup-bucket-allocator-block-size=33554432"
    "memorysetup-bucket-allocator-block-count=8"
    "memorysetup-main-allocator-block-size=16777216"
    "memorysetup-thread-allocator-block-size=16777216"
    "memorysetup-gfx-main-allocator-block-size=16777216"
    "memorysetup-gfx-thread-allocator-block-size=16777216"
    "memorysetup-cache-allocator-block-size=4194304"
    "memorysetup-typetree-allocator-block-size=2097152"
    "memorysetup-profiler-bucket-allocator-granularity=16"
    "memorysetup-profiler-bucket-allocator-bucket-count=8"
    "memorysetup-profiler-bucket-allocator-block-size=33554432"
    "memorysetup-profiler-bucket-allocator-block-count=8"
    "memorysetup-profiler-allocator-block-size=16777216"
    "memorysetup-profiler-editor-allocator-block-size=1048576"
    "memorysetup-temp-allocator-size-main=16777216"
    "memorysetup-job-temp-allocator-block-size=2097152"
    "memorysetup-job-temp-allocator-block-size-background=1048576"
    "memorysetup-job-temp-allocator-reduction-small-platforms=262144"
    "memorysetup-allocator-temp-initial-block-size-main=262144"
    "memorysetup-allocator-temp-initial-block-size-worker=262144"
    "memorysetup-temp-allocator-size-background-worker=32768"
    "memorysetup-temp-allocator-size-job-worker=262144"
    "memorysetup-temp-allocator-size-preload-manager=33554432"
    "memorysetup-temp-allocator-size-nav-mesh-worker=65536"
    "memorysetup-temp-allocator-size-audio-worker=65536"
    "memorysetup-temp-allocator-size-cloud-worker=32768"
    "memorysetup-temp-allocator-size-gi-baking-worker=262144"
    "memorysetup-temp-allocator-size-gfx=262144"
Player connection [18660] Host "[IP] 192.168.1.13 [Port] 0 [Flags] 2 [Guid] 1277665165 [EditorId] 1277665165 [Version] 1048832 [Id] WindowsEditor(7,MSI) [Debug] 1 [PackageName] WindowsEditor [ProjectName] Editor" joined multi-casting on [225.0.0.222:54997]...

Player connection [18660] Host "[IP] 192.168.1.13 [Port] 0 [Flags] 2 [Guid] 1277665165 [EditorId] 1277665165 [Version] 1048832 [Id] WindowsEditor(7,MSI) [Debug] 1 [PackageName] WindowsEditor [ProjectName] Editor" joined alternative multi-casting on [225.0.0.222:34997]...

[Physics::Module] Initialized MultithreadedJobDispatcher with 11 workers.
Refreshing native plugins compatible for Editor in 344.31 ms, found 3 plugins.
Preloading 0 native plugins for Editor in 0.00 ms.
Initialize engine version: 2022.3.14f1 (eff2de9070d8)
[Subsystems] Discovering subsystems at path C:/Program Files/Unity/Hub/Editor/2022.3.14f1/Editor/Data/Resources/UnitySubsystems
[Subsystems] Discovering subsystems at path E:/Unity/CarRacingGame3d/Assets
GfxDevice: creating device client; threaded=0; jobified=0
Direct3D:
    Version:  Direct3D 11.0 [level 11.1]
    Renderer: NVIDIA GeForce GTX 1650 with Max-Q Design (ID=0x1f9d)
    Vendor:   NVIDIA
    VRAM:     3953 MB
    Driver:   31.0.15.4632
Initialize mono
Mono path[0] = 'C:/Program Files/Unity/Hub/Editor/2022.3.14f1/Editor/Data/Managed'
Mono path[1] = 'C:/Program Files/Unity/Hub/Editor/2022.3.14f1/Editor/Data/MonoBleedingEdge/lib/mono/unityjit-win32'
Mono config path = 'C:/Program Files/Unity/Hub/Editor/2022.3.14f1/Editor/Data/MonoBleedingEdge/etc'
Using monoOptions --debugger-agent=transport=dt_socket,embedding=1,server=y,suspend=n,address=127.0.0.1:56764
Begin MonoManager ReloadAssembly
Registering precompiled unity dll's ...
Register platform support module: C:/Program Files/Unity/Hub/Editor/2022.3.14f1/Editor/Data/PlaybackEngines/WindowsStandaloneSupport/UnityEditor.WindowsStandalone.Extensions.dll
Registered in 0.008444 seconds.
- Loaded All Assemblies, in  0.532 seconds
Native extension for WindowsStandalone target not found
Mono: successfully reloaded assembly
- Finished resetting the current domain, in  0.316 seconds
Domain Reload Profiling: 847ms
	BeginReloadAssembly (194ms)
		ExecutionOrderSort (0ms)
		DisableScriptedObjects (0ms)
		BackupInstance (0ms)
		ReleaseScriptingObjects (0ms)
		CreateAndSetChildDomain (3ms)
	RebuildCommonClasses (53ms)
	RebuildNativeTypeToScriptingClass (13ms)
	initialDomainReloadingComplete (75ms)
	LoadAllAssembliesAndSetupDomain (195ms)
		LoadAssemblies (187ms)
		RebuildTransferFunctionScriptingTraits (0ms)
		AnalyzeDomain (192ms)
			TypeCache.Refresh (188ms)
				TypeCache.ScanAssembly (142ms)
			ScanForSourceGeneratedMonoScriptInfo (0ms)
			ResolveRequiredComponents (3ms)
	FinalizeReload (317ms)
		ReleaseScriptCaches (0ms)
		RebuildScriptCaches (0ms)
		SetupLoadedEditorAssemblies (251ms)
			LogAssemblyErrors (0ms)
			InitializePlatformSupportModulesInManaged (11ms)
			SetLoadedEditorAssemblies (10ms)
			RefreshPlugins (0ms)
			BeforeProcessingInitializeOnLoad (3ms)
			ProcessInitializeOnLoadAttributes (156ms)
			ProcessInitializeOnLoadMethodAttributes (70ms)
			AfterProcessingInitializeOnLoad (0ms)
			EditorAssembliesLoaded (0ms)
		ExecutionOrderSort2 (0ms)
		AwakeInstancesAfterBackupRestoration (0ms)
========================================================================
Worker process is ready to serve import requests
Begin MonoManager ReloadAssembly
Symbol file LoadedFromMemory is not a mono symbol file
- Loaded All Assemblies, in  1.301 seconds
Refreshing native plugins compatible for Editor in 11.05 ms, found 3 plugins.
Native extension for WindowsStandalone target not found
Package Manager log level set to [2]
[Package Manager] Server::EnsureServerProcessIsRunning -- launch failed, reason: Unity was launched with the -noUpm command-line argument
[Package Manager] UpmClient::Send -- Unable to send message (not connected to UPM process).
[Package Manager] Cannot connect to Unity Package Manager local server
[Package Manager] Server::EnsureServerProcessIsRunning -- launch failed, reason: Unity was launched with the -noUpm command-line argument
[Package Manager] UpmClient::Send -- Unable to send message (not connected to UPM process).
[Package Manager] Cannot connect to Unity Package Manager local server
Mono: successfully reloaded assembly
- Finished resetting the current domain, in  1.080 seconds
Domain Reload Profiling: 2368ms
	BeginReloadAssembly (150ms)
		ExecutionOrderSort (0ms)
		DisableScriptedObjects (5ms)
		BackupInstance (0ms)
		ReleaseScriptingObjects (1ms)
		CreateAndSetChildDomain (34ms)
	RebuildCommonClasses (27ms)
	RebuildNativeTypeToScriptingClass (8ms)
	initialDomainReloadingComplete (60ms)
	LoadAllAssembliesAndSetupDomain (1043ms)
		LoadAssemblies (744ms)
		RebuildTransferFunctionScriptingTraits (0ms)
		AnalyzeDomain (376ms)
			TypeCache.Refresh (307ms)
				TypeCache.ScanAssembly (277ms)
			ScanForSourceGeneratedMonoScriptInfo (55ms)
			ResolveRequiredComponents (12ms)
	FinalizeReload (1080ms)
		ReleaseScriptCaches (0ms)
		RebuildScriptCaches (0ms)
		SetupLoadedEditorAssemblies (890ms)
			LogAssemblyErrors (0ms)
			InitializePlatformSupportModulesInManaged (5ms)
			SetLoadedEditorAssemblies (6ms)
			RefreshPlugins (0ms)
			BeforeProcessingInitializeOnLoad (86ms)
			ProcessInitializeOnLoadAttributes (624ms)
			ProcessInitializeOnLoadMethodAttributes (164ms)
			AfterProcessingInitializeOnLoad (5ms)
			EditorAssembliesLoaded (0ms)
		ExecutionOrderSort2 (0ms)
		AwakeInstancesAfterBackupRestoration (6ms)
Launched and connected shader compiler UnityShaderCompiler.exe after 0.09 seconds
Refreshing native plugins compatible for Editor in 17.20 ms, found 3 plugins.
Preloading 0 native plugins for Editor in 0.00 ms.
Unloading 8564 Unused Serialized files (Serialized files now loaded: 0)
Unloading 164 unused Assets / (1.7 MB). Loaded Objects now: 9148.
Memory consumption went from 410.3 MB to 408.7 MB.
Total: 30.541900 ms (FindLiveObjects: 4.675200 ms CreateObjectMapping: 0.409200 ms MarkObjects: 9.465100 ms  DeleteObjects: 15.990800 ms)

AssetImportParameters requested are different than current active one (requested -> active):
  custom:container-demuxer-ogg: 62fdf1f143b41e24485cea50d1cbac27 -> 
  custom:scripting/monoscript/fileName/NetworkedLoadingProgressTracker.cs: 88f0ce514d1ab067325eb22a9e15d32e -> 88d93cdf74f53cbcae945a8ce4abb605
  custom:framework-win-MediaFoundation: 216162199b28c13a410421893ffa2e32 -> 
  custom:scripting/monoscript/fileName/PortalableObject.cs: 6cc323ba28c88eb31827944243f87b93 -> c79a26a1fad9ede40f0039e680942a40
  custom:scripting/monoscript/fileName/SpeedBoard.cs: b8304471f660fa2fa0973eac20c2f62a -> 013641b6ba6b38cfaa0951ab32c2b931
  custom:scripting/monoscript/fileName/LoadingProgressManager.cs: 3d76e10ff3b45b749a3a99764d4faa65 -> 1aa74991bc5ff0a438bf9671bcc398c5
  custom:container-muxer-webm: aa71ff27fc2769a1b78a27578f13a17b -> 
  custom:video-decoder-webm-vp8: 9c59270c3fd7afecdb556c50c9e8de78 -> 
  custom:scripting/monoscript/fileName/Portal.cs: 40c44361f2438d617c7997df85f80381 -> 210628b7d440ac57897763fed1dba720
  custom:SearchIndexIgnoredProperties: e643bd26f0fe6173181afceb89e7c659 -> 
  custom:scripting/monoscript/fileName/PortalCamera.cs: 6375a84cb20508afc4319a296bb62849 -> f20c20fa7ce9775f2da60a80e8907627
  custom:AudioImporter_EditorPlatform: d09bf68614088b80899f8185d706f6e7 -> 
  custom:audio-decoder-ogg-vorbis: bf7c407c2cedff20999df2af8eb42d56 -> 
  custom:audio-encoder-webm-vorbis: bf7c407c2cedff20999df2af8eb42d56 -> 
  custom:scripting/monoscript/fileName/ClientLoadingScreen.cs: 685262e948e1f6a0bb9381112171edcd -> 80cc1151c444ba63bf52fa1f97606092
  custom:video-decoder-ogg-theora: a1e56fd34408186e4bbccfd4996cb3dc -> 
  custom:CustomObjectIndexerAttribute: a3ef5dd2817f97addfee359851a9dba5 -> 
  custom:container-demuxer-webm: 4f35f7cbe854078d1ac9338744f61a02 -> 
  custom:video-encoder-webm-vp8: eb34c28f22e8b96e1ab97ce403110664 -> 
========================================================================
Received Import Request.
  Time since last request: 1135664.256066 seconds.
  path: Assets/USED RESOURCES/Marcos Schultz/MS Sposts Car/3D Model/Materials/BANDA.mat
  artifactKey: Guid(92498ede4b0c5c540b91f627ec8888d7) Importer(815301076,1909f56bfc062723c751e8b465ee728b)
Start importing Assets/USED RESOURCES/Marcos Schultz/MS Sposts Car/3D Model/Materials/BANDA.mat using Guid(92498ede4b0c5c540b91f627ec8888d7) Importer(815301076,1909f56bfc062723c751e8b465ee728b)  -> (artifact id: 'cea6096fee309babfc620abf6700a822') in 0.441654 seconds
Number of updated asset objects reloaded before import = 0
Number of asset objects unloaded after import = 2
========================================================================
Received Import Request.
  Time since last request: 0.000067 seconds.
  path: Assets/USED RESOURCES/Marcos Schultz/MS Sposts Car/3D Model/Materials/MAIN_LIGHTS.mat
  artifactKey: Guid(53720bcde38af2d46b06bc0d8fef6fb1) Importer(815301076,1909f56bfc062723c751e8b465ee728b)
Start importing Assets/USED RESOURCES/Marcos Schultz/MS Sposts Car/3D Model/Materials/MAIN_LIGHTS.mat using Guid(53720bcde38af2d46b06bc0d8fef6fb1) Importer(815301076,1909f56bfc062723c751e8b465ee728b)  -> (artifact id: '42e081bb0bf5f7b98a4395c93a84b4a1') in 0.011163 seconds
Number of updated asset objects reloaded before import = 0
Number of asset objects unloaded after import = 2
========================================================================
Received Import Request.
  Time since last request: 0.000046 seconds.
  path: Assets/USED RESOURCES/Marcos Schultz/MS Sposts Car/3D Model/Materials/WARNING.mat
  artifactKey: Guid(49444eb4b8932be45a1d23f97face372) Importer(815301076,1909f56bfc062723c751e8b465ee728b)
Start importing Assets/USED RESOURCES/Marcos Schultz/MS Sposts Car/3D Model/Materials/WARNING.mat using Guid(49444eb4b8932be45a1d23f97face372) Importer(815301076,1909f56bfc062723c751e8b465ee728b)  -> (artifact id: '86ccd0d725478b22c108593649eab24a') in 0.008532 seconds
Number of updated asset objects reloaded before import = 0
Number of asset objects unloaded after import = 2
========================================================================
Received Import Request.
  Time since last request: 16.407819 seconds.
  path: Assets/USED RESOURCES/Marcos Schultz/MS Sposts Car/3D Model/Materials/BANDA.mat
  artifactKey: Guid(92498ede4b0c5c540b91f627ec8888d7) Importer(815301076,1909f56bfc062723c751e8b465ee728b)
Start importing Assets/USED RESOURCES/Marcos Schultz/MS Sposts Car/3D Model/Materials/BANDA.mat using Guid(92498ede4b0c5c540b91f627ec8888d7) Importer(815301076,1909f56bfc062723c751e8b465ee728b)  -> (artifact id: 'a1155e952a7b861f522fe8391e8f15f4') in 0.029932 seconds
Number of updated asset objects reloaded before import = 0
Number of asset objects unloaded after import = 2
========================================================================
Received Import Request.
  Time since last request: 0.000040 seconds.
  path: Assets/USED RESOURCES/Marcos Schultz/MS Sposts Car/3D Model/Materials/LATARed.mat
  artifactKey: Guid(8a24468ccff5b154eb10b27081e5fe8c) Importer(815301076,1909f56bfc062723c751e8b465ee728b)
Start importing Assets/USED RESOURCES/Marcos Schultz/MS Sposts Car/3D Model/Materials/LATARed.mat using Guid(8a24468ccff5b154eb10b27081e5fe8c) Importer(815301076,1909f56bfc062723c751e8b465ee728b)  -> (artifact id: '6301949c2ee9d73432b675686863b9c4') in 0.018114 seconds
Number of updated asset objects reloaded before import = 0
Number of asset objects unloaded after import = 2
========================================================================
Received Import Request.
  Time since last request: 0.000040 seconds.
  path: Assets/USED RESOURCES/Marcos Schultz/MS Sposts Car/3D Model/Materials/INTERNO_1.mat
  artifactKey: Guid(abe6ee71ada7d1c44ad18d2052a9dcfe) Importer(815301076,1909f56bfc062723c751e8b465ee728b)
Start importing Assets/USED RESOURCES/Marcos Schultz/MS Sposts Car/3D Model/Materials/INTERNO_1.mat using Guid(abe6ee71ada7d1c44ad18d2052a9dcfe) Importer(815301076,1909f56bfc062723c751e8b465ee728b)  -> (artifact id: '24b4e7cf1a29b674bd0633649f8caa77') in 2.074306 seconds
Number of updated asset objects reloaded before import = 0
Number of asset objects unloaded after import = 4
========================================================================
Received Import Request.
  Time since last request: 0.000804 seconds.
  path: Assets/USED RESOURCES/Marcos Schultz/MS Sposts Car/3D Model/Materials/WARNING.mat
  artifactKey: Guid(49444eb4b8932be45a1d23f97face372) Importer(815301076,1909f56bfc062723c751e8b465ee728b)
Start importing Assets/USED RESOURCES/Marcos Schultz/MS Sposts Car/3D Model/Materials/WARNING.mat using Guid(49444eb4b8932be45a1d23f97face372) Importer(815301076,1909f56bfc062723c751e8b465ee728b)  -> (artifact id: '79ee638c9840afcd158440f0f41d70f3') in 0.025320 seconds
Number of updated asset objects reloaded before import = 0
Number of asset objects unloaded after import = 2
========================================================================
Received Import Request.
  Time since last request: 0.000027 seconds.
  path: Assets/USED RESOURCES/Marcos Schultz/MS Sposts Car/3D Model/SportsVehicle.fbx
  artifactKey: Guid(c5ba2f9267836b74095c5d860af51a34) Importer(815301076,1909f56bfc062723c751e8b465ee728b)
Start importing Assets/USED RESOURCES/Marcos Schultz/MS Sposts Car/3D Model/SportsVehicle.fbx using Guid(c5ba2f9267836b74095c5d860af51a34) Importer(815301076,1909f56bfc062723c751e8b465ee728b)  -> (artifact id: 'a8188db9ba5a27ae54a25195f7e5acaa') in 0.243128 seconds
Number of updated asset objects reloaded before import = 0
Number of asset objects unloaded after import = 118
========================================================================
Received Import Request.
  Time since last request: 22.019531 seconds.
  path: Assets/USED RESOURCES/Marcos Schultz/MS Sposts Car/Prefab/SportsVehicleRed.prefab
  artifactKey: Guid(3d2132cb3be524b43a003333e41db0e2) Importer(815301076,1909f56bfc062723c751e8b465ee728b)
Start importing Assets/USED RESOURCES/Marcos Schultz/MS Sposts Car/Prefab/SportsVehicleRed.prefab using Guid(3d2132cb3be524b43a003333e41db0e2) Importer(815301076,1909f56bfc062723c751e8b465ee728b)  -> (artifact id: 'a757ff6a22ded976dba4e09cb2a85fa9') in 0.063605 seconds
Number of updated asset objects reloaded before import = 0
Number of asset objects unloaded after import = 169
========================================================================
Received Import Request.
  Time since last request: 0.000042 seconds.
  path: Assets/USED RESOURCES/Marcos Schultz/MS Sposts Car/Prefab/SportsVehicleWhite.prefab
  artifactKey: Guid(6c60c628b792e4c418dfee13eb8ee1f5) Importer(815301076,1909f56bfc062723c751e8b465ee728b)
Start importing Assets/USED RESOURCES/Marcos Schultz/MS Sposts Car/Prefab/SportsVehicleWhite.prefab using Guid(6c60c628b792e4c418dfee13eb8ee1f5) Importer(815301076,1909f56bfc062723c751e8b465ee728b)  -> (artifact id: 'b1fcbbc8827efb6a31118da3883b814b') in 0.049562 seconds
Number of updated asset objects reloaded before import = 0
Number of asset objects unloaded after import = 169
Editor requested this worker to shutdown with reason: Scaling down because of idle timeout
TcpMessagingSession - receive error
AssetImportWorkerClient::OnTransportError - code=2 error=End of file
AssetImportWorker is now disconnected from the server
Process exiting
Exiting without the bug reporter. Application will terminate with return code 0