Using pre-set license
Built from '2022.3/staging' branch; Version is '2022.3.14f1 (eff2de9070d8) revision 15725278'; Using compiler version '192829333'; Build Type 'Release'
OS: 'Windows 11  (10.0.22631) 64bit CoreSingleLanguage' Language: 'en' Physical Memory: 7893 MB
BatchMode: 1, IsHumanControllingUs: 0, StartBugReporterOnCrash: 0, Is64bit: 1, IsPro: 1

COMMAND LINE ARGUMENTS:
C:\Program Files\Unity\Hub\Editor\2022.3.14f1\Editor\Unity.exe
-adb2
-batchMode
-noUpm
-name
AssetImportWorker8
-projectPath
E:/Unity/CarRacingGame3d
-logFile
Logs/AssetImportWorker8.log
-srvPort
64404
Successfully changed project path to: E:/Unity/CarRacingGame3d
E:/Unity/CarRacingGame3d
[UnityMemory] Configuration Parameters - Can be set up in boot.config
    "memorysetup-bucket-allocator-granularity=16"
    "memorysetup-bucket-allocator-bucket-count=8"
    "memorysetup-bucket-allocator-block-size=33554432"
    "memorysetup-bucket-allocator-block-count=8"
    "memorysetup-main-allocator-block-size=16777216"
    "memorysetup-thread-allocator-block-size=16777216"
    "memorysetup-gfx-main-allocator-block-size=16777216"
    "memorysetup-gfx-thread-allocator-block-size=16777216"
    "memorysetup-cache-allocator-block-size=4194304"
    "memorysetup-typetree-allocator-block-size=2097152"
    "memorysetup-profiler-bucket-allocator-granularity=16"
    "memorysetup-profiler-bucket-allocator-bucket-count=8"
    "memorysetup-profiler-bucket-allocator-block-size=33554432"
    "memorysetup-profiler-bucket-allocator-block-count=8"
    "memorysetup-profiler-allocator-block-size=16777216"
    "memorysetup-profiler-editor-allocator-block-size=1048576"
    "memorysetup-temp-allocator-size-main=16777216"
    "memorysetup-job-temp-allocator-block-size=2097152"
    "memorysetup-job-temp-allocator-block-size-background=1048576"
    "memorysetup-job-temp-allocator-reduction-small-platforms=262144"
    "memorysetup-allocator-temp-initial-block-size-main=262144"
    "memorysetup-allocator-temp-initial-block-size-worker=262144"
    "memorysetup-temp-allocator-size-background-worker=32768"
    "memorysetup-temp-allocator-size-job-worker=262144"
    "memorysetup-temp-allocator-size-preload-manager=33554432"
    "memorysetup-temp-allocator-size-nav-mesh-worker=65536"
    "memorysetup-temp-allocator-size-audio-worker=65536"
    "memorysetup-temp-allocator-size-cloud-worker=32768"
    "memorysetup-temp-allocator-size-gi-baking-worker=262144"
    "memorysetup-temp-allocator-size-gfx=262144"
Player connection [6868] Host "[IP] 192.168.1.13 [Port] 0 [Flags] 2 [Guid] 1440135248 [EditorId] 1440135248 [Version] 1048832 [Id] WindowsEditor(7,MSI) [Debug] 1 [PackageName] WindowsEditor [ProjectName] Editor" joined multi-casting on [225.0.0.222:54997]...

Player connection [6868] Host "[IP] 192.168.1.13 [Port] 0 [Flags] 2 [Guid] 1440135248 [EditorId] 1440135248 [Version] 1048832 [Id] WindowsEditor(7,MSI) [Debug] 1 [PackageName] WindowsEditor [ProjectName] Editor" joined alternative multi-casting on [225.0.0.222:34997]...

[Physics::Module] Initialized MultithreadedJobDispatcher with 11 workers.
Refreshing native plugins compatible for Editor in 16.45 ms, found 3 plugins.
Preloading 0 native plugins for Editor in 0.00 ms.
Initialize engine version: 2022.3.14f1 (eff2de9070d8)
[Subsystems] Discovering subsystems at path C:/Program Files/Unity/Hub/Editor/2022.3.14f1/Editor/Data/Resources/UnitySubsystems
[Subsystems] Discovering subsystems at path E:/Unity/CarRacingGame3d/Assets
GfxDevice: creating device client; threaded=0; jobified=0
Direct3D:
    Version:  Direct3D 11.0 [level 11.1]
    Renderer: NVIDIA GeForce GTX 1650 with Max-Q Design (ID=0x1f9d)
    Vendor:   NVIDIA
    VRAM:     3953 MB
    Driver:   31.0.15.4632
Initialize mono
Mono path[0] = 'C:/Program Files/Unity/Hub/Editor/2022.3.14f1/Editor/Data/Managed'
Mono path[1] = 'C:/Program Files/Unity/Hub/Editor/2022.3.14f1/Editor/Data/MonoBleedingEdge/lib/mono/unityjit-win32'
Mono config path = 'C:/Program Files/Unity/Hub/Editor/2022.3.14f1/Editor/Data/MonoBleedingEdge/etc'
Using monoOptions --debugger-agent=transport=dt_socket,embedding=1,server=y,suspend=n,address=127.0.0.1:56444
Begin MonoManager ReloadAssembly
Registering precompiled unity dll's ...
Register platform support module: C:/Program Files/Unity/Hub/Editor/2022.3.14f1/Editor/Data/PlaybackEngines/WindowsStandaloneSupport/UnityEditor.WindowsStandalone.Extensions.dll
Registered in 0.008790 seconds.
- Loaded All Assemblies, in  0.484 seconds
Native extension for WindowsStandalone target not found
Mono: successfully reloaded assembly
- Finished resetting the current domain, in  0.323 seconds
Domain Reload Profiling: 806ms
	BeginReloadAssembly (192ms)
		ExecutionOrderSort (0ms)
		DisableScriptedObjects (0ms)
		BackupInstance (0ms)
		ReleaseScriptingObjects (0ms)
		CreateAndSetChildDomain (2ms)
	RebuildCommonClasses (40ms)
	RebuildNativeTypeToScriptingClass (13ms)
	initialDomainReloadingComplete (67ms)
	LoadAllAssembliesAndSetupDomain (169ms)
		LoadAssemblies (186ms)
		RebuildTransferFunctionScriptingTraits (0ms)
		AnalyzeDomain (166ms)
			TypeCache.Refresh (162ms)
				TypeCache.ScanAssembly (142ms)
			ScanForSourceGeneratedMonoScriptInfo (1ms)
			ResolveRequiredComponents (1ms)
	FinalizeReload (324ms)
		ReleaseScriptCaches (0ms)
		RebuildScriptCaches (0ms)
		SetupLoadedEditorAssemblies (251ms)
			LogAssemblyErrors (0ms)
			InitializePlatformSupportModulesInManaged (10ms)
			SetLoadedEditorAssemblies (13ms)
			RefreshPlugins (0ms)
			BeforeProcessingInitializeOnLoad (3ms)
			ProcessInitializeOnLoadAttributes (159ms)
			ProcessInitializeOnLoadMethodAttributes (66ms)
			AfterProcessingInitializeOnLoad (0ms)
			EditorAssembliesLoaded (1ms)
		ExecutionOrderSort2 (0ms)
		AwakeInstancesAfterBackupRestoration (0ms)
========================================================================
Worker process is ready to serve import requests
Begin MonoManager ReloadAssembly
Symbol file LoadedFromMemory is not a mono symbol file
- Loaded All Assemblies, in  1.500 seconds
Refreshing native plugins compatible for Editor in 26.43 ms, found 3 plugins.
Native extension for WindowsStandalone target not found
Package Manager log level set to [2]
[Package Manager] Server::EnsureServerProcessIsRunning -- launch failed, reason: Unity was launched with the -noUpm command-line argument
[Package Manager] UpmClient::Send -- Unable to send message (not connected to UPM process).
[Package Manager] Cannot connect to Unity Package Manager local server
[Package Manager] Server::EnsureServerProcessIsRunning -- launch failed, reason: Unity was launched with the -noUpm command-line argument
[Package Manager] UpmClient::Send -- Unable to send message (not connected to UPM process).
[Package Manager] Cannot connect to Unity Package Manager local server
Mono: successfully reloaded assembly
- Finished resetting the current domain, in  1.108 seconds
Domain Reload Profiling: 2608ms
	BeginReloadAssembly (142ms)
		ExecutionOrderSort (0ms)
		DisableScriptedObjects (5ms)
		BackupInstance (0ms)
		ReleaseScriptingObjects (0ms)
		CreateAndSetChildDomain (28ms)
	RebuildCommonClasses (28ms)
	RebuildNativeTypeToScriptingClass (8ms)
	initialDomainReloadingComplete (62ms)
	LoadAllAssembliesAndSetupDomain (1258ms)
		LoadAssemblies (837ms)
		RebuildTransferFunctionScriptingTraits (0ms)
		AnalyzeDomain (487ms)
			TypeCache.Refresh (403ms)
				TypeCache.ScanAssembly (353ms)
			ScanForSourceGeneratedMonoScriptInfo (69ms)
			ResolveRequiredComponents (13ms)
	FinalizeReload (1109ms)
		ReleaseScriptCaches (0ms)
		RebuildScriptCaches (0ms)
		SetupLoadedEditorAssemblies (903ms)
			LogAssemblyErrors (0ms)
			InitializePlatformSupportModulesInManaged (6ms)
			SetLoadedEditorAssemblies (7ms)
			RefreshPlugins (0ms)
			BeforeProcessingInitializeOnLoad (93ms)
			ProcessInitializeOnLoadAttributes (634ms)
			ProcessInitializeOnLoadMethodAttributes (156ms)
			AfterProcessingInitializeOnLoad (5ms)
			EditorAssembliesLoaded (1ms)
		ExecutionOrderSort2 (0ms)
		AwakeInstancesAfterBackupRestoration (6ms)
Launched and connected shader compiler UnityShaderCompiler.exe after 0.05 seconds
Refreshing native plugins compatible for Editor in 6.95 ms, found 3 plugins.
Preloading 0 native plugins for Editor in 0.00 ms.
Unloading 8564 Unused Serialized files (Serialized files now loaded: 0)
Unloading 164 unused Assets / (1.7 MB). Loaded Objects now: 9142.
Memory consumption went from 409.2 MB to 407.5 MB.
Total: 9.247000 ms (FindLiveObjects: 0.624800 ms CreateObjectMapping: 0.347400 ms MarkObjects: 7.251400 ms  DeleteObjects: 1.022000 ms)

AssetImportParameters requested are different than current active one (requested -> active):
  custom:container-demuxer-ogg: 62fdf1f143b41e24485cea50d1cbac27 -> 
  custom:framework-win-MediaFoundation: 216162199b28c13a410421893ffa2e32 -> 
  custom:container-muxer-webm: aa71ff27fc2769a1b78a27578f13a17b -> 
  custom:video-decoder-webm-vp8: 9c59270c3fd7afecdb556c50c9e8de78 -> 
  custom:SearchIndexIgnoredProperties: e643bd26f0fe6173181afceb89e7c659 -> 
  custom:AudioImporter_EditorPlatform: d09bf68614088b80899f8185d706f6e7 -> 
  custom:audio-decoder-ogg-vorbis: bf7c407c2cedff20999df2af8eb42d56 -> 
  custom:audio-encoder-webm-vorbis: bf7c407c2cedff20999df2af8eb42d56 -> 
  custom:video-decoder-ogg-theora: a1e56fd34408186e4bbccfd4996cb3dc -> 
  custom:CustomObjectIndexerAttribute: a3ef5dd2817f97addfee359851a9dba5 -> 
  custom:container-demuxer-webm: 4f35f7cbe854078d1ac9338744f61a02 -> 
  custom:scripting/monoscript/fileName/CarSkinUIHandler.cs: f581ff06af457e5ce012a8f0352eec11 -> 
  custom:video-encoder-webm-vp8: eb34c28f22e8b96e1ab97ce403110664 -> 
========================================================================
Received Import Request.
  Time since last request: 1030777.409252 seconds.
  path: Assets/USED RESOURCES/Fantasy Forest Set - FREE!/Materials/pine_diffuse.mat
  artifactKey: Guid(d9893fd12ba8ac642bd939da2dd93f43) Importer(815301076,1909f56bfc062723c751e8b465ee728b)
Start importing Assets/USED RESOURCES/Fantasy Forest Set - FREE!/Materials/pine_diffuse.mat using Guid(d9893fd12ba8ac642bd939da2dd93f43) Importer(815301076,1909f56bfc062723c751e8b465ee728b)  -> (artifact id: 'ddc1e04a65b46b0689c11326163f52e4') in 0.351307 seconds
Number of updated asset objects reloaded before import = 0
Number of asset objects unloaded after import = 3
========================================================================
Received Import Request.
  Time since last request: 173.869654 seconds.
  path: Assets/USED RESOURCES/Fantasy Forest Set/Sources/Textures/birch_diffuse.png
  artifactKey: Guid(a1c44ce184bdf41478da219df3d627dc) Importer(815301076,1909f56bfc062723c751e8b465ee728b)
Start importing Assets/USED RESOURCES/Fantasy Forest Set/Sources/Textures/birch_diffuse.png using Guid(a1c44ce184bdf41478da219df3d627dc) Importer(815301076,1909f56bfc062723c751e8b465ee728b)  -> (artifact id: '0fdc41618365803c5b4cb167c45ca664') in 0.037748 seconds
Number of updated asset objects reloaded before import = 0
Number of asset objects unloaded after import = 2
========================================================================
Received Import Request.
  Time since last request: 192.516503 seconds.
  path: Assets/SimplePoly City - Low Poly Assets/Materials/Building_Bakery.mat
  artifactKey: Guid(0f42aff1d68094547961d46298d2dba2) Importer(815301076,1909f56bfc062723c751e8b465ee728b)
Start importing Assets/SimplePoly City - Low Poly Assets/Materials/Building_Bakery.mat using Guid(0f42aff1d68094547961d46298d2dba2) Importer(815301076,1909f56bfc062723c751e8b465ee728b)  -> (artifact id: '01caa17adb41943c2d7913a8e7023ad4') in 0.076052 seconds
Number of updated asset objects reloaded before import = 0
Number of asset objects unloaded after import = 3
========================================================================
Received Import Request.
  Time since last request: 0.000028 seconds.
  path: Assets/SimplePoly City - Low Poly Assets/Materials/Building_Coffee Shop.mat
  artifactKey: Guid(4967bea7482277d48955ef26a2a50c7c) Importer(815301076,1909f56bfc062723c751e8b465ee728b)
Start importing Assets/SimplePoly City - Low Poly Assets/Materials/Building_Coffee Shop.mat using Guid(4967bea7482277d48955ef26a2a50c7c) Importer(815301076,1909f56bfc062723c751e8b465ee728b)  -> (artifact id: 'ba9aebd6fb0b533aebe0583bf79847fd') in 0.044083 seconds
Number of updated asset objects reloaded before import = 0
Number of asset objects unloaded after import = 3
========================================================================
Received Import Request.
  Time since last request: 0.000023 seconds.
  path: Assets/SimplePoly City - Low Poly Assets/Materials/Building_Factory.mat
  artifactKey: Guid(abc266de8c01de040bfa48da3f006d12) Importer(815301076,1909f56bfc062723c751e8b465ee728b)
Start importing Assets/SimplePoly City - Low Poly Assets/Materials/Building_Factory.mat using Guid(abc266de8c01de040bfa48da3f006d12) Importer(815301076,1909f56bfc062723c751e8b465ee728b)  -> (artifact id: '60e97ef67191f3d29c7c4dd8b2f4426d') in 0.022545 seconds
Number of updated asset objects reloaded before import = 0
Number of asset objects unloaded after import = 3
========================================================================
Received Import Request.
  Time since last request: 0.000039 seconds.
  path: Assets/SimplePoly City - Low Poly Assets/Materials/Building_Stadium.mat
  artifactKey: Guid(748bc3a1eddacab499ba4248377c18a3) Importer(815301076,1909f56bfc062723c751e8b465ee728b)
Start importing Assets/SimplePoly City - Low Poly Assets/Materials/Building_Stadium.mat using Guid(748bc3a1eddacab499ba4248377c18a3) Importer(815301076,1909f56bfc062723c751e8b465ee728b)  -> (artifact id: 'c7dcc47482cb52d4566313b43510eb58') in 0.019283 seconds
Number of updated asset objects reloaded before import = 0
Number of asset objects unloaded after import = 3
========================================================================
Received Import Request.
  Time since last request: 0.000026 seconds.
  path: Assets/Stylized Ocean Materials/Materials/Ground_material.mat
  artifactKey: Guid(8752ef7b155f6bf47b64148cc613e441) Importer(815301076,1909f56bfc062723c751e8b465ee728b)
Start importing Assets/Stylized Ocean Materials/Materials/Ground_material.mat using Guid(8752ef7b155f6bf47b64148cc613e441) Importer(815301076,1909f56bfc062723c751e8b465ee728b)  -> (artifact id: '44793c05f1483db3b66d8531adad1a3d') in 0.043918 seconds
Number of updated asset objects reloaded before import = 0
Number of asset objects unloaded after import = 3
========================================================================
Received Import Request.
  Time since last request: 0.000022 seconds.
  path: Assets/SimplePoly City - Low Poly Assets/Materials/Building_Residential_color02.mat
  artifactKey: Guid(032dad8ae2ae60a4b9cb4d7267132a1d) Importer(815301076,1909f56bfc062723c751e8b465ee728b)
Start importing Assets/SimplePoly City - Low Poly Assets/Materials/Building_Residential_color02.mat using Guid(032dad8ae2ae60a4b9cb4d7267132a1d) Importer(815301076,1909f56bfc062723c751e8b465ee728b)  -> (artifact id: 'd46e5aad0771cfcdf1a8bd12187dc9ac') in 0.015012 seconds
Number of updated asset objects reloaded before import = 0
Number of asset objects unloaded after import = 3
========================================================================
Received Import Request.
  Time since last request: 0.000023 seconds.
  path: Assets/Stylized Ocean Materials/Mesh/Materials/Cliff_meshMat.mat
  artifactKey: Guid(ff801252a8e58414c9ba6193ac0a83a8) Importer(815301076,1909f56bfc062723c751e8b465ee728b)
Start importing Assets/Stylized Ocean Materials/Mesh/Materials/Cliff_meshMat.mat using Guid(ff801252a8e58414c9ba6193ac0a83a8) Importer(815301076,1909f56bfc062723c751e8b465ee728b)  -> (artifact id: '847faf53df482ae0b6cc2847b5a7f873') in 0.007577 seconds
Number of updated asset objects reloaded before import = 0
Number of asset objects unloaded after import = 2
========================================================================
Received Import Request.
  Time since last request: 0.000030 seconds.
  path: Assets/SimplePoly City - Low Poly Assets/Materials/Building_House_03_color03.mat
  artifactKey: Guid(0ee6e621355b5ac4da1102c54fbb63d8) Importer(815301076,1909f56bfc062723c751e8b465ee728b)
Start importing Assets/SimplePoly City - Low Poly Assets/Materials/Building_House_03_color03.mat using Guid(0ee6e621355b5ac4da1102c54fbb63d8) Importer(815301076,1909f56bfc062723c751e8b465ee728b)  -> (artifact id: 'c85ff7596fc78f9a996bb74788a21d30') in 0.015083 seconds
Number of updated asset objects reloaded before import = 0
Number of asset objects unloaded after import = 3
========================================================================
Received Import Request.
  Time since last request: 0.000020 seconds.
  path: Assets/USED RESOURCES/Rock and Boulders 2/Materials/checker.mat
  artifactKey: Guid(a42faba54a588a2438dfc83533dd2b6c) Importer(815301076,1909f56bfc062723c751e8b465ee728b)
Start importing Assets/USED RESOURCES/Rock and Boulders 2/Materials/checker.mat using Guid(a42faba54a588a2438dfc83533dd2b6c) Importer(815301076,1909f56bfc062723c751e8b465ee728b)  -> (artifact id: '8348dd50a3686945335c330c3af66a83') in 0.019517 seconds
Number of updated asset objects reloaded before import = 0
Number of asset objects unloaded after import = 2
========================================================================
Received Import Request.
  Time since last request: 0.000028 seconds.
  path: Assets/Stylized Ocean Materials/Mesh/Materials/Checker.mat
  artifactKey: Guid(9bead5fefe303a84bbd87aa0607ca35c) Importer(815301076,1909f56bfc062723c751e8b465ee728b)
Start importing Assets/Stylized Ocean Materials/Mesh/Materials/Checker.mat using Guid(9bead5fefe303a84bbd87aa0607ca35c) Importer(815301076,1909f56bfc062723c751e8b465ee728b)  -> (artifact id: 'e35f9ce12a8582842bb026b744541cae') in 0.010959 seconds
Number of updated asset objects reloaded before import = 0
Number of asset objects unloaded after import = 2
========================================================================
Received Import Request.
  Time since last request: 0.000023 seconds.
  path: Assets/SimplePoly City - Low Poly Assets/Materials/Building_Shoes Shop.mat
  artifactKey: Guid(25119463e811d3c4c82a0d92a6e1c561) Importer(815301076,1909f56bfc062723c751e8b465ee728b)
Start importing Assets/SimplePoly City - Low Poly Assets/Materials/Building_Shoes Shop.mat using Guid(25119463e811d3c4c82a0d92a6e1c561) Importer(815301076,1909f56bfc062723c751e8b465ee728b)  -> (artifact id: '77fa508121642195ea3ef54b6eadb9c7') in 0.020780 seconds
Number of updated asset objects reloaded before import = 0
Number of asset objects unloaded after import = 3
========================================================================
Received Import Request.
  Time since last request: 0.000030 seconds.
  path: Assets/SimplePoly City - Low Poly Assets/Materials/Building_Drug Store.mat
  artifactKey: Guid(f9332e9be9cda3a4e8544e41a0366b6d) Importer(815301076,1909f56bfc062723c751e8b465ee728b)
Start importing Assets/SimplePoly City - Low Poly Assets/Materials/Building_Drug Store.mat using Guid(f9332e9be9cda3a4e8544e41a0366b6d) Importer(815301076,1909f56bfc062723c751e8b465ee728b)  -> (artifact id: '19b3d840e3a3d24f9d8a846fa4b27013') in 0.020051 seconds
Number of updated asset objects reloaded before import = 0
Number of asset objects unloaded after import = 3
========================================================================
Received Import Request.
  Time since last request: 0.000027 seconds.
  path: Assets/Stylized Ocean Materials/Mesh/Materials/Cliff_plane.mat
  artifactKey: Guid(f5550810e7ad0d84588d8f90da057b82) Importer(815301076,1909f56bfc062723c751e8b465ee728b)
Start importing Assets/Stylized Ocean Materials/Mesh/Materials/Cliff_plane.mat using Guid(f5550810e7ad0d84588d8f90da057b82) Importer(815301076,1909f56bfc062723c751e8b465ee728b)  -> (artifact id: '9907b9ac4495e324579a21a69bb84d72') in 0.011201 seconds
Number of updated asset objects reloaded before import = 0
Number of asset objects unloaded after import = 2
========================================================================
Received Import Request.
  Time since last request: 0.000049 seconds.
  path: Assets/SimplePoly City - Low Poly Assets/Materials/Building_Books Shop.mat
  artifactKey: Guid(d2be81fdd0927fa40a4ac00be93d9bf6) Importer(815301076,1909f56bfc062723c751e8b465ee728b)
Start importing Assets/SimplePoly City - Low Poly Assets/Materials/Building_Books Shop.mat using Guid(d2be81fdd0927fa40a4ac00be93d9bf6) Importer(815301076,1909f56bfc062723c751e8b465ee728b)  -> (artifact id: '957ee6bac919f1bd80a2da4746c9fbdf') in 0.021596 seconds
Number of updated asset objects reloaded before import = 0
Number of asset objects unloaded after import = 3
========================================================================
Received Import Request.
  Time since last request: 0.000029 seconds.
  path: Assets/SimplePoly City - Low Poly Assets/Materials/Building_Fast Food.mat
  artifactKey: Guid(0c04fafcb420315419fdbbeb0fb78464) Importer(815301076,1909f56bfc062723c751e8b465ee728b)
Start importing Assets/SimplePoly City - Low Poly Assets/Materials/Building_Fast Food.mat using Guid(0c04fafcb420315419fdbbeb0fb78464) Importer(815301076,1909f56bfc062723c751e8b465ee728b)  -> (artifact id: 'f3a37450ff668643acac3fa4f8d8c578') in 0.021139 seconds
Number of updated asset objects reloaded before import = 0
Number of asset objects unloaded after import = 3
========================================================================
Received Import Request.
  Time since last request: 1.689955 seconds.
  path: Assets/BrokenVector/LowPolyRoadPack/Materials/Road.mat
  artifactKey: Guid(9cbdac3088fceec40bde6d0619e2ebda) Importer(815301076,1909f56bfc062723c751e8b465ee728b)
Start importing Assets/BrokenVector/LowPolyRoadPack/Materials/Road.mat using Guid(9cbdac3088fceec40bde6d0619e2ebda) Importer(815301076,1909f56bfc062723c751e8b465ee728b)  -> (artifact id: '946744695ab7979423fa99a86625817a') in 0.031861 seconds
Number of updated asset objects reloaded before import = 0
Number of asset objects unloaded after import = 3
========================================================================
Received Import Request.
  Time since last request: 0.000044 seconds.
  path: Assets/SimplePoly City - Low Poly Assets/Materials/Road.mat
  artifactKey: Guid(faa0cd7e7e1757945a22cce35d7069cd) Importer(815301076,1909f56bfc062723c751e8b465ee728b)
Start importing Assets/SimplePoly City - Low Poly Assets/Materials/Road.mat using Guid(faa0cd7e7e1757945a22cce35d7069cd) Importer(815301076,1909f56bfc062723c751e8b465ee728b)  -> (artifact id: '3904844fe780cc3d143f03a250c5f536') in 0.026985 seconds
Number of updated asset objects reloaded before import = 0
Number of asset objects unloaded after import = 3
========================================================================
Received Import Request.
  Time since last request: 15.642660 seconds.
  path: Assets/SimplePoly City - Low Poly Assets/Materials/Props_RoofProps.mat
  artifactKey: Guid(9e031cf10ecdeb64486f21e9f55ffcfd) Importer(815301076,1909f56bfc062723c751e8b465ee728b)
Start importing Assets/SimplePoly City - Low Poly Assets/Materials/Props_RoofProps.mat using Guid(9e031cf10ecdeb64486f21e9f55ffcfd) Importer(815301076,1909f56bfc062723c751e8b465ee728b)  -> (artifact id: '5785adf023782c8577d372caba4d5989') in 0.057570 seconds
Number of updated asset objects reloaded before import = 0
Number of asset objects unloaded after import = 3
========================================================================
Received Import Request.
  Time since last request: 0.000034 seconds.
  path: Assets/SimplePoly City - Low Poly Assets/Materials/Vehicle_Pick up Truck_color03.mat
  artifactKey: Guid(f3d0a94161d16b9449517d5d8f357098) Importer(815301076,1909f56bfc062723c751e8b465ee728b)
Start importing Assets/SimplePoly City - Low Poly Assets/Materials/Vehicle_Pick up Truck_color03.mat using Guid(f3d0a94161d16b9449517d5d8f357098) Importer(815301076,1909f56bfc062723c751e8b465ee728b)  -> (artifact id: '01aaccee057a02947d9fdaed79778281') in 0.049198 seconds
Number of updated asset objects reloaded before import = 0
Number of asset objects unloaded after import = 3
========================================================================
Received Import Request.
  Time since last request: 0.000032 seconds.
  path: Assets/Stylized Ocean Materials/Mesh/Materials/Sand_plane.mat
  artifactKey: Guid(a23886b9179e0964e8eaa27f3bf59d1d) Importer(815301076,1909f56bfc062723c751e8b465ee728b)
Start importing Assets/Stylized Ocean Materials/Mesh/Materials/Sand_plane.mat using Guid(a23886b9179e0964e8eaa27f3bf59d1d) Importer(815301076,1909f56bfc062723c751e8b465ee728b)  -> (artifact id: 'c2e873b540051eb4ce6f833a48db157b') in 0.024257 seconds
Number of updated asset objects reloaded before import = 0
Number of asset objects unloaded after import = 2
========================================================================
Received Import Request.
  Time since last request: 0.000041 seconds.
  path: Assets/SimplePoly City - Low Poly Assets/Materials/Vehicle_Pick up Truck_color01.mat
  artifactKey: Guid(3ec7be87852e30f49a754a666cd49e56) Importer(815301076,1909f56bfc062723c751e8b465ee728b)
Start importing Assets/SimplePoly City - Low Poly Assets/Materials/Vehicle_Pick up Truck_color01.mat using Guid(3ec7be87852e30f49a754a666cd49e56) Importer(815301076,1909f56bfc062723c751e8b465ee728b)  -> (artifact id: '72b6a4167794b31219c68080d120c085') in 0.041569 seconds
Number of updated asset objects reloaded before import = 0
Number of asset objects unloaded after import = 3
========================================================================
Received Import Request.
  Time since last request: 0.000041 seconds.
  path: Assets/SimplePoly City - Low Poly Assets/Materials/Vehicle_Police Car.mat
  artifactKey: Guid(ca1eb6db662c95e47b63cb150cf463f9) Importer(815301076,1909f56bfc062723c751e8b465ee728b)
Start importing Assets/SimplePoly City - Low Poly Assets/Materials/Vehicle_Police Car.mat using Guid(ca1eb6db662c95e47b63cb150cf463f9) Importer(815301076,1909f56bfc062723c751e8b465ee728b)  -> (artifact id: '8d23c7c900d7bb5b38ee0ad08c4260e4') in 0.048444 seconds
Number of updated asset objects reloaded before import = 0
Number of asset objects unloaded after import = 3
========================================================================
Received Import Request.
  Time since last request: 53.457162 seconds.
  path: Assets/Stylized Ocean Materials/Textures/waterTexture_opacity.png
  artifactKey: Guid(5f9b6fb959d19a241b3efbcaa90b5a77) Importer(815301076,1909f56bfc062723c751e8b465ee728b)
Start importing Assets/Stylized Ocean Materials/Textures/waterTexture_opacity.png using Guid(5f9b6fb959d19a241b3efbcaa90b5a77) Importer(815301076,1909f56bfc062723c751e8b465ee728b)  -> (artifact id: '3a7d8cc65142c6057b72ba7d50de59fe') in 0.156589 seconds
Number of updated asset objects reloaded before import = 0
Number of asset objects unloaded after import = 2
========================================================================
Received Import Request.
  Time since last request: 8.939097 seconds.
  path: Assets/Stylized Ocean Materials/Textures/Noises/Noise_Gradients/T_Random_46.png
  artifactKey: Guid(1f024fcf295217347a5ff34714c776f0) Importer(815301076,1909f56bfc062723c751e8b465ee728b)
Start importing Assets/Stylized Ocean Materials/Textures/Noises/Noise_Gradients/T_Random_46.png using Guid(1f024fcf295217347a5ff34714c776f0) Importer(815301076,1909f56bfc062723c751e8b465ee728b)  -> (artifact id: '055402b0550f012ac7684033368e0347') in 0.022811 seconds
Number of updated asset objects reloaded before import = 0
Number of asset objects unloaded after import = 2
========================================================================
Received Import Request.
  Time since last request: 2.298168 seconds.
  path: Assets/Stylized Ocean Materials/Textures/Noises/Noise_Gradients/T_Random_39.png
  artifactKey: Guid(45b1622d102323f48bfb2dd3e49c3a81) Importer(815301076,1909f56bfc062723c751e8b465ee728b)
Start importing Assets/Stylized Ocean Materials/Textures/Noises/Noise_Gradients/T_Random_39.png using Guid(45b1622d102323f48bfb2dd3e49c3a81) Importer(815301076,1909f56bfc062723c751e8b465ee728b)  -> (artifact id: '882d7f48df6dd0d982907f6c770cf294') in 0.021980 seconds
Number of updated asset objects reloaded before import = 0
Number of asset objects unloaded after import = 2
========================================================================
Received Import Request.
  Time since last request: 5.386570 seconds.
  path: Assets/Stylized Ocean Materials/Textures/csp-280-warmsand_2000x.jpg
  artifactKey: Guid(4eadd140dcd3bf44080c5d8c6a203327) Importer(815301076,1909f56bfc062723c751e8b465ee728b)
Start importing Assets/Stylized Ocean Materials/Textures/csp-280-warmsand_2000x.jpg using Guid(4eadd140dcd3bf44080c5d8c6a203327) Importer(815301076,1909f56bfc062723c751e8b465ee728b)  -> (artifact id: 'ae7e8be561bd002b0de93257d4af8d8f') in 0.023578 seconds
Number of updated asset objects reloaded before import = 0
Number of asset objects unloaded after import = 2
========================================================================
Received Import Request.
  Time since last request: 0.000033 seconds.
  path: Assets/Stylized Ocean Materials/Textures/WaterPlain0012_1_download600_opacity.png
  artifactKey: Guid(07983410fefaf1743891d9abfa009206) Importer(815301076,1909f56bfc062723c751e8b465ee728b)
Start importing Assets/Stylized Ocean Materials/Textures/WaterPlain0012_1_download600_opacity.png using Guid(07983410fefaf1743891d9abfa009206) Importer(815301076,1909f56bfc062723c751e8b465ee728b)  -> (artifact id: 'a5a40dd05ece03362153a0351fc60c47') in 0.020629 seconds
Number of updated asset objects reloaded before import = 0
Number of asset objects unloaded after import = 2
========================================================================
Received Import Request.
  Time since last request: 30.331087 seconds.
  path: Assets/Stylized Ocean Materials/Mesh/Materials/Water_boxMat.mat
  artifactKey: Guid(1f816e0f7eb8c934788e85b6e0da1836) Importer(815301076,1909f56bfc062723c751e8b465ee728b)
Start importing Assets/Stylized Ocean Materials/Mesh/Materials/Water_boxMat.mat using Guid(1f816e0f7eb8c934788e85b6e0da1836) Importer(815301076,1909f56bfc062723c751e8b465ee728b)  -> (artifact id: 'c2615b0702da69f0df838b865eab5a5a') in 0.015989 seconds
Number of updated asset objects reloaded before import = 0
Number of asset objects unloaded after import = 2
========================================================================
Received Import Request.
  Time since last request: 43.516695 seconds.
  path: Assets/Stylized Ocean Materials/Mesh/Materials/Cliff_meshMat.mat
  artifactKey: Guid(ff801252a8e58414c9ba6193ac0a83a8) Importer(815301076,1909f56bfc062723c751e8b465ee728b)
Start importing Assets/Stylized Ocean Materials/Mesh/Materials/Cliff_meshMat.mat using Guid(ff801252a8e58414c9ba6193ac0a83a8) Importer(815301076,1909f56bfc062723c751e8b465ee728b)  -> (artifact id: '11e984c2da3bee3438fc47589f93b97b') in 0.032254 seconds
Number of updated asset objects reloaded before import = 0
Number of asset objects unloaded after import = 2
========================================================================
Received Import Request.
  Time since last request: 0.000048 seconds.
  path: Assets/Stylized Ocean Materials/Mesh/Materials/Water_boxMat.mat
  artifactKey: Guid(1f816e0f7eb8c934788e85b6e0da1836) Importer(815301076,1909f56bfc062723c751e8b465ee728b)
Start importing Assets/Stylized Ocean Materials/Mesh/Materials/Water_boxMat.mat using Guid(1f816e0f7eb8c934788e85b6e0da1836) Importer(815301076,1909f56bfc062723c751e8b465ee728b)  -> (artifact id: 'a83b9495c8a315a73adf95f9464a8ba6') in 0.031665 seconds
Number of updated asset objects reloaded before import = 0
Number of asset objects unloaded after import = 2
========================================================================
Received Import Request.
  Time since last request: 0.000029 seconds.
  path: Assets/Stylized Ocean Materials/Mesh/Materials/Sand_plane.mat
  artifactKey: Guid(a23886b9179e0964e8eaa27f3bf59d1d) Importer(815301076,1909f56bfc062723c751e8b465ee728b)
Start importing Assets/Stylized Ocean Materials/Mesh/Materials/Sand_plane.mat using Guid(a23886b9179e0964e8eaa27f3bf59d1d) Importer(815301076,1909f56bfc062723c751e8b465ee728b)  -> (artifact id: '37e6f8d5e9ee0c268587bd60fef49434') in 0.030937 seconds
Number of updated asset objects reloaded before import = 0
Number of asset objects unloaded after import = 2
========================================================================
Received Import Request.
  Time since last request: 0.000108 seconds.
  path: Assets/Stylized Ocean Materials/Mesh/Materials/Cliff_plane.mat
  artifactKey: Guid(f5550810e7ad0d84588d8f90da057b82) Importer(815301076,1909f56bfc062723c751e8b465ee728b)
Start importing Assets/Stylized Ocean Materials/Mesh/Materials/Cliff_plane.mat using Guid(f5550810e7ad0d84588d8f90da057b82) Importer(815301076,1909f56bfc062723c751e8b465ee728b)  -> (artifact id: 'abc6d028fb88077fd2a28183ee9259aa') in 0.011514 seconds
Number of updated asset objects reloaded before import = 0
Number of asset objects unloaded after import = 2
Editor requested this worker to shutdown with reason: Scaling down because of idle timeout
TcpMessagingSession - receive error: operation aborted. errorcode: 995, details: The I/O operation has been aborted because of either a thread exit or an application request.
AssetImportWorker is now disconnected from the server
Process exiting
Exiting without the bug reporter. Application will terminate with return code 0